❌ Failed: https://www.nirfindia.org/nirfpdfcdn/2024/graph/Overall/IR-O-U-0306.jpg - Error: unable to verify the first certificate; if the root CA is installed locally, try running Node.js with --use-system-ca
❌ Failed: https://www.nirfindia.org/nirfpdfcdn/2024/graph/Overall/IR-O-U-0456.jpg - Error: unable to verify the first certificate; if the root CA is installed locally, try running Node.js with --use-system-ca
❌ Failed: https://www.nirfindia.org/nirfpdfcdn/2024/graph/Overall/IR-O-U-0220.jpg - Error: unable to verify the first certificate; if the root CA is installed locally, try running Node.js with --use-system-ca
❌ Failed: https://www.nirfindia.org/nirfpdfcdn/2024/graph/Overall/IR-O-I-1074.jpg - Error: unable to verify the first certificate; if the root CA is installed locally, try running Node.js with --use-system-ca
❌ Failed: https://www.nirfindia.org/nirfpdfcdn/2024/graph/Overall/IR-O-I-1075.jpg - Error: unable to verify the first certificate; if the root CA is installed locally, try running Node.js with --use-system-ca
❌ Failed: https://www.nirfindia.org/nirfpdfcdn/2024/graph/Overall/IR-O-N-15.jpg - Error: unable to verify the first certificate; if the root CA is installed locally, try running Node.js with --use-system-ca
❌ Failed: https://www.nirfindia.org/nirfpdfcdn/2024/graph/Overall/IR-O-U-0573.jpg - Error: unable to verify the first certificate; if the root CA is installed locally, try running Node.js with --use-system-ca
❌ Failed: https://www.nirfindia.org/nirfpdfcdn/2024/graph/Overall/IR-O-U-0560.jpg - Error: unable to verify the first certificate; if the root CA is installed locally, try running Node.js with --use-system-ca
❌ Failed: https://www.nirfindia.org/nirfpdfcdn/2024/graph/Overall/IR-O-U-0109.jpg - Error: unable to verify the first certificate; if the root CA is installed locally, try running Node.js with --use-system-ca
❌ Failed: https://www.nirfindia.org/nirfpdfcdn/2024/graph/Overall/IR-O-U-0053.jpg - Error: unable to verify the first certificate; if the root CA is installed locally, try running Node.js with --use-system-ca
❌ Failed: https://www.nirfindia.org/nirfpdfcdn/2024/graph/Overall/IR-O-U-0500.jpg - Error: unable to verify the first certificate; if the root CA is installed locally, try running Node.js with --use-system-ca
❌ Failed: https://www.nirfindia.org/nirfpdfcdn/2024/graph/Overall/IR-O-U-0108.jpg - Error: unable to verify the first certificate; if the root CA is installed locally, try running Node.js with --use-system-ca
❌ Failed: https://www.nirfindia.org/nirfpdfcdn/2024/graph/Overall/IR-O-U-0013.jpg - Error: unable to verify the first certificate; if the root CA is installed locally, try running Node.js with --use-system-ca
❌ Failed: https://www.nirfindia.org/nirfpdfcdn/2024/graph/Overall/IR-O-U-0234.jpg - Error: unable to verify the first certificate; if the root CA is installed locally, try running Node.js with --use-system-ca
❌ Failed: https://www.nirfindia.org/nirfpdfcdn/2024/graph/Overall/IR-O-U-0120.jpg - Error: unable to verify the first certificate; if the root CA is installed locally, try running Node.js with --use-system-ca
❌ Failed: https://www.nirfindia.org/nirfpdfcdn/2024/graph/Overall/IR-O-U-0496.jpg - Error: unable to verify the first certificate; if the root CA is installed locally, try running Node.js with --use-system-ca
❌ Failed: https://www.nirfindia.org/nirfpdfcdn/2024/graph/Overall/IR-O-U-0436.jpg - Error: unable to verify the first certificate; if the root CA is installed locally, try running Node.js with --use-system-ca
❌ Failed: https://www.nirfindia.org/nirfpdfcdn/2024/graph/Overall/IR-O-U-0575.jpg - Error: unable to verify the first certificate; if the root CA is installed locally, try running Node.js with --use-system-ca
❌ Failed: https://www.nirfindia.org/nirfpdfcdn/2024/graph/Overall/IR-O-U-0490.jpg - Error: unable to verify the first certificate; if the root CA is installed locally, try running Node.js with --use-system-ca
❌ Failed: https://www.nirfindia.org/nirfpdfcdn/2024/graph/Overall/IR-O-U-0439.jpg - Error: unable to verify the first certificate; if the root CA is installed locally, try running Node.js with --use-system-ca
❌ Failed: https://www.nirfindia.org/nirfpdfcdn/2024/graph/Overall/IR-O-U-0473.jpg - Error: unable to verify the first certificate; if the root CA is installed locally, try running Node.js with --use-system-ca
❌ Failed: https://www.nirfindia.org/nirfpdfcdn/2024/graph/Overall/IR-O-U-0391.jpg - Error: unable to verify the first certificate; if the root CA is installed locally, try running Node.js with --use-system-ca
❌ Failed: https://www.nirfindia.org/nirfpdfcdn/2024/graph/Overall/IR-O-I-1441.jpg - Error: unable to verify the first certificate; if the root CA is installed locally, try running Node.js with --use-system-ca
❌ Failed: https://www.nirfindia.org/nirfpdfcdn/2024/graph/Overall/IR-O-U-0042.jpg - Error: unable to verify the first certificate; if the root CA is installed locally, try running Node.js with --use-system-ca
❌ Failed: https://www.nirfindia.org/nirfpdfcdn/2024/graph/Overall/IR-O-U-0363.jpg - Error: unable to verify the first certificate; if the root CA is installed locally, try running Node.js with --use-system-ca
❌ Failed: https://www.nirfindia.org/nirfpdfcdn/2024/graph/Overall/IR-O-U-0304.jpg - Error: unable to verify the first certificate; if the root CA is installed locally, try running Node.js with --use-system-ca
❌ Failed: https://www.nirfindia.org/nirfpdfcdn/2024/graph/Overall/IR-O-U-0356.jpg - Error: unable to verify the first certificate; if the root CA is installed locally, try running Node.js with --use-system-ca
❌ Failed: https://www.nirfindia.org/nirfpdfcdn/2024/graph/Overall/IR-O-U-0570.jpg - Error: unable to verify the first certificate; if the root CA is installed locally, try running Node.js with --use-system-ca
❌ Failed: https://www.nirfindia.org/nirfpdfcdn/2024/graph/Overall/IR-O-U-0701.jpg - Error: unable to verify the first certificate; if the root CA is installed locally, try running Node.js with --use-system-ca
❌ Failed: https://www.nirfindia.org/nirfpdfcdn/2024/graph/Overall/IR-O-U-0139.jpg - Error: unable to verify the first certificate; if the root CA is installed locally, try running Node.js with --use-system-ca
❌ Failed: https://www.nirfindia.org/nirfpdfcdn/2024/graph/Overall/IR-O-U-0747.jpg - Error: unable to verify the first certificate; if the root CA is installed locally, try running Node.js with --use-system-ca
❌ Failed: https://www.nirfindia.org/nirfpdfcdn/2024/graph/Overall/IR-O-U-0467.jpg - Error: unable to verify the first certificate; if the root CA is installed locally, try running Node.js with --use-system-ca
❌ Failed: https://www.nirfindia.org/nirfpdfcdn/2024/graph/Overall/IR-O-U-0273.jpg - Error: unable to verify the first certificate; if the root CA is installed locally, try running Node.js with --use-system-ca
❌ Failed: https://www.nirfindia.org/nirfpdfcdn/2024/graph/Overall/IR-O-U-0357.jpg - Error: unable to verify the first certificate; if the root CA is installed locally, try running Node.js with --use-system-ca
❌ Failed: https://www.nirfindia.org/nirfpdfcdn/2024/graph/Overall/IR-O-U-0205.jpg - Error: unable to verify the first certificate; if the root CA is installed locally, try running Node.js with --use-system-ca
❌ Failed: https://www.nirfindia.org/nirfpdfcdn/2024/graph/Overall/IR-O-U-0323.jpg - Error: unable to verify the first certificate; if the root CA is installed locally, try running Node.js with --use-system-ca
❌ Failed: https://www.nirfindia.org/nirfpdfcdn/2024/graph/Overall/IR-O-U-0260.jpg - Error: unable to verify the first certificate; if the root CA is installed locally, try running Node.js with --use-system-ca
❌ Failed: https://www.nirfindia.org/nirfpdfcdn/2024/graph/Overall/IR-O-U-0222.jpg - Error: unable to verify the first certificate; if the root CA is installed locally, try running Node.js with --use-system-ca
❌ Failed: https://www.nirfindia.org/nirfpdfcdn/2024/graph/Overall/IR-O-U-0368.jpg - Error: unable to verify the first certificate; if the root CA is installed locally, try running Node.js with --use-system-ca
❌ Failed: https://www.nirfindia.org/nirfpdfcdn/2024/graph/Overall/IR-O-U-0020.jpg - Error: unable to verify the first certificate; if the root CA is installed locally, try running Node.js with --use-system-ca
❌ Failed: https://www.nirfindia.org/nirfpdfcdn/2024/graph/Overall/IR-O-U-0305.jpg - Error: unable to verify the first certificate; if the root CA is installed locally, try running Node.js with --use-system-ca
❌ Failed: https://www.nirfindia.org/nirfpdfcdn/2024/graph/Overall/IR-O-U-0006.jpg - Error: unable to verify the first certificate; if the root CA is installed locally, try running Node.js with --use-system-ca
❌ Failed: https://www.nirfindia.org/nirfpdfcdn/2024/graph/Overall/IR-O-I-1480.jpg - Error: unable to verify the first certificate; if the root CA is installed locally, try running Node.js with --use-system-ca
❌ Failed: https://www.nirfindia.org/nirfpdfcdn/2024/graph/Overall/IR-O-U-0447.jpg - Error: unable to verify the first certificate; if the root CA is installed locally, try running Node.js with --use-system-ca
❌ Failed: https://www.nirfindia.org/nirfpdfcdn/2024/graph/Overall/IR-O-U-0379.jpg - Error: unable to verify the first certificate; if the root CA is installed locally, try running Node.js with --use-system-ca
❌ Failed: https://www.nirfindia.org/nirfpdfcdn/2024/graph/Overall/IR-O-U-0237.jpg - Error: unable to verify the first certificate; if the root CA is installed locally, try running Node.js with --use-system-ca
❌ Failed: https://www.nirfindia.org/nirfpdfcdn/2024/graph/Overall/IR-O-U-0476.jpg - Error: unable to verify the first certificate; if the root CA is installed locally, try running Node.js with --use-system-ca
❌ Failed: https://www.nirfindia.org/nirfpdfcdn/2024/graph/Overall/IR-O-U-0378.jpg - Error: unable to verify the first certificate; if the root CA is installed locally, try running Node.js with --use-system-ca
❌ Failed: https://www.nirfindia.org/nirfpdfcdn/2024/graph/Overall/IR-O-U-0497.jpg - Error: unable to verify the first certificate; if the root CA is installed locally, try running Node.js with --use-system-ca
❌ Failed: https://www.nirfindia.org/nirfpdfcdn/2024/graph/Overall/IR-O-U-0458.jpg - Error: unable to verify the first certificate; if the root CA is installed locally, try running Node.js with --use-system-ca
❌ Failed: https://www.nirfindia.org/nirfpdfcdn/2024/graph/Overall/IR-O-U-0329.jpg - Error: unable to verify the first certificate; if the root CA is installed locally, try running Node.js with --use-system-ca
❌ Failed: https://www.nirfindia.org/nirfpdfcdn/2024/graph/Overall/IR-O-U-0253.jpg - Error: unable to verify the first certificate; if the root CA is installed locally, try running Node.js with --use-system-ca
❌ Failed: https://www.nirfindia.org/nirfpdfcdn/2024/graph/Overall/IR-O-U-0025.jpg - Error: unable to verify the first certificate; if the root CA is installed locally, try running Node.js with --use-system-ca
❌ Failed: https://www.nirfindia.org/nirfpdfcdn/2024/graph/Overall/IR-O-U-0263.jpg - Error: unable to verify the first certificate; if the root CA is installed locally, try running Node.js with --use-system-ca
❌ Failed: https://www.nirfindia.org/nirfpdfcdn/2024/graph/Overall/IR-O-U-0448.jpg - Error: unable to verify the first certificate; if the root CA is installed locally, try running Node.js with --use-system-ca
❌ Failed: https://www.nirfindia.org/nirfpdfcdn/2024/graph/Overall/IR-O-U-0052.jpg - Error: unable to verify the first certificate; if the root CA is installed locally, try running Node.js with --use-system-ca
❌ Failed: https://www.nirfindia.org/nirfpdfcdn/2024/graph/Overall/IR-O-U-0308.jpg - Error: unable to verify the first certificate; if the root CA is installed locally, try running Node.js with --use-system-ca
❌ Failed: https://www.nirfindia.org/nirfpdfcdn/2024/graph/Overall/IR-O-U-0498.jpg - Error: unable to verify the first certificate; if the root CA is installed locally, try running Node.js with --use-system-ca
❌ Failed: https://www.nirfindia.org/nirfpdfcdn/2024/graph/Overall/IR-O-U-0564.jpg - Error: unable to verify the first certificate; if the root CA is installed locally, try running Node.js with --use-system-ca
❌ Failed: https://www.nirfindia.org/nirfpdfcdn/2024/graph/Overall/IR-O-U-0078.jpg - Error: unable to verify the first certificate; if the root CA is installed locally, try running Node.js with --use-system-ca
❌ Failed: https://www.nirfindia.org/nirfpdfcdn/2024/graph/Overall/IR-O-U-0572.jpg - Error: unable to verify the first certificate; if the root CA is installed locally, try running Node.js with --use-system-ca
❌ Failed: https://www.nirfindia.org/nirfpdfcdn/2024/graph/Overall/IR-O-U-0107.jpg - Error: unable to verify the first certificate; if the root CA is installed locally, try running Node.js with --use-system-ca
❌ Failed: https://www.nirfindia.org/nirfpdfcdn/2024/graph/Overall/IR-O-I-1110.jpg - Error: unable to verify the first certificate; if the root CA is installed locally, try running Node.js with --use-system-ca
❌ Failed: https://www.nirfindia.org/nirfpdfcdn/2024/graph/Overall/IR-O-U-0377.jpg - Error: unable to verify the first certificate; if the root CA is installed locally, try running Node.js with --use-system-ca
❌ Failed: https://www.nirfindia.org/nirfpdfcdn/2024/graph/Overall/IR-O-I-1357.jpg - Error: unable to verify the first certificate; if the root CA is installed locally, try running Node.js with --use-system-ca
❌ Failed: https://www.nirfindia.org/nirfpdfcdn/2024/graph/Overall/IR-O-U-0098.jpg - Error: unable to verify the first certificate; if the root CA is installed locally, try running Node.js with --use-system-ca
❌ Failed: https://www.nirfindia.org/nirfpdfcdn/2024/graph/Overall/IR-O-U-0395.jpg - Error: unable to verify the first certificate; if the root CA is installed locally, try running Node.js with --use-system-ca
❌ Failed: https://www.nirfindia.org/nirfpdfcdn/2024/graph/Overall/IR-O-U-0262.jpg - Error: unable to verify the first certificate; if the root CA is installed locally, try running Node.js with --use-system-ca
❌ Failed: https://www.nirfindia.org/nirfpdfcdn/2024/graph/Overall/IR-O-U-0196.jpg - Error: unable to verify the first certificate; if the root CA is installed locally, try running Node.js with --use-system-ca
❌ Failed: https://www.nirfindia.org/nirfpdfcdn/2024/graph/Overall/IR-O-U-0027.jpg - Error: unable to verify the first certificate; if the root CA is installed locally, try running Node.js with --use-system-ca
❌ Failed: https://www.nirfindia.org/nirfpdfcdn/2024/graph/Overall/IR-O-U-0295.jpg - Error: unable to verify the first certificate; if the root CA is installed locally, try running Node.js with --use-system-ca
❌ Failed: https://www.nirfindia.org/nirfpdfcdn/2024/graph/Overall/IR-O-U-0184.jpg - Error: unable to verify the first certificate; if the root CA is installed locally, try running Node.js with --use-system-ca
❌ Failed: https://www.nirfindia.org/nirfpdfcdn/2024/graph/Overall/IR-O-U-0064.jpg - Error: unable to verify the first certificate; if the root CA is installed locally, try running Node.js with --use-system-ca
❌ Failed: https://www.nirfindia.org/nirfpdfcdn/2024/graph/Overall/IR-O-U-0691.jpg - Error: unable to verify the first certificate; if the root CA is installed locally, try running Node.js with --use-system-ca
❌ Failed: https://www.nirfindia.org/nirfpdfcdn/2024/graph/Overall/IR-O-U-0574.jpg - Error: unable to verify the first certificate; if the root CA is installed locally, try running Node.js with --use-system-ca
❌ Failed: https://www.nirfindia.org/nirfpdfcdn/2024/graph/Overall/IR-O-U-0334.jpg - Error: unable to verify the first certificate; if the root CA is installed locally, try running Node.js with --use-system-ca
❌ Failed: https://www.nirfindia.org/nirfpdfcdn/2024/graph/Overall/IR-O-U-0435.jpg - Error: unable to verify the first certificate; if the root CA is installed locally, try running Node.js with --use-system-ca
❌ Failed: https://www.nirfindia.org/nirfpdfcdn/2024/graph/Overall/IR-O-U-0272.jpg - Error: unable to verify the first certificate; if the root CA is installed locally, try running Node.js with --use-system-ca
❌ Failed: https://www.nirfindia.org/nirfpdfcdn/2024/graph/Overall/IR-O-U-0381.jpg - Error: unable to verify the first certificate; if the root CA is installed locally, try running Node.js with --use-system-ca
❌ Failed: https://www.nirfindia.org/nirfpdfcdn/2024/graph/Overall/IR-O-U-0555.jpg - Error: unable to verify the first certificate; if the root CA is installed locally, try running Node.js with --use-system-ca
❌ Failed: https://www.nirfindia.org/nirfpdfcdn/2024/graph/Overall/IR-O-C-16604.jpg - Error: unable to verify the first certificate; if the root CA is installed locally, try running Node.js with --use-system-ca
❌ Failed: https://www.nirfindia.org/nirfpdfcdn/2024/graph/Overall/IR-O-U-0410.jpg - Error: unable to verify the first certificate; if the root CA is installed locally, try running Node.js with --use-system-ca
❌ Failed: https://www.nirfindia.org/nirfpdfcdn/2024/graph/Overall/IR-O-N-10.jpg - Error: unable to verify the first certificate; if the root CA is installed locally, try running Node.js with --use-system-ca
❌ Failed: https://www.nirfindia.org/nirfpdfcdn/2024/graph/Overall/IR-O-U-0689.jpg - Error: unable to verify the first certificate; if the root CA is installed locally, try running Node.js with --use-system-ca
❌ Failed: https://www.nirfindia.org/nirfpdfcdn/2024/graph/Overall/IR-O-U-0474.jpg - Error: unable to verify the first certificate; if the root CA is installed locally, try running Node.js with --use-system-ca
❌ Failed: https://www.nirfindia.org/nirfpdfcdn/2024/graph/Overall/IR-O-U-0235.jpg - Error: unable to verify the first certificate; if the root CA is installed locally, try running Node.js with --use-system-ca
❌ Failed: https://www.nirfindia.org/nirfpdfcdn/2024/graph/Overall/IR-O-U-0523.jpg - Error: unable to verify the first certificate; if the root CA is installed locally, try running Node.js with --use-system-ca
❌ Failed: https://www.nirfindia.org/nirfpdfcdn/2024/graph/Overall/IR-O-U-0195.jpg - Error: unable to verify the first certificate; if the root CA is installed locally, try running Node.js with --use-system-ca
❌ Failed: https://www.nirfindia.org/nirfpdfcdn/2024/graph/Overall/IR-O-U-0190.jpg - Error: unable to verify the first certificate; if the root CA is installed locally, try running Node.js with --use-system-ca
❌ Failed: https://www.nirfindia.org/nirfpdfcdn/2024/graph/Overall/IR-O-U-0217.jpg - Error: unable to verify the first certificate; if the root CA is installed locally, try running Node.js with --use-system-ca
❌ Failed: https://www.nirfindia.org/nirfpdfcdn/2024/graph/Overall/IR-O-U-0055.jpg - Error: unable to verify the first certificate; if the root CA is installed locally, try running Node.js with --use-system-ca
❌ Failed: https://www.nirfindia.org/nirfpdfcdn/2024/graph/Overall/IR-O-U-0577.jpg - Error: unable to verify the first certificate; if the root CA is installed locally, try running Node.js with --use-system-ca
❌ Failed: https://www.nirfindia.org/nirfpdfcdn/2024/graph/Overall/IR-O-U-0446.jpg - Error: unable to verify the first certificate; if the root CA is installed locally, try running Node.js with --use-system-ca
❌ Failed: https://www.nirfindia.org/nirfpdfcdn/2024/graph/Overall/IR-O-U-0136.jpg - Error: unable to verify the first certificate; if the root CA is installed locally, try running Node.js with --use-system-ca
❌ Failed: https://www.nirfindia.org/nirfpdfcdn/2024/graph/Overall/IR-O-U-0642.jpg - Error: unable to verify the first certificate; if the root CA is installed locally, try running Node.js with --use-system-ca
❌ Failed: https://www.nirfindia.org/nirfpdfcdn/2024/graph/Overall/IR-O-I-1486.jpg - Error: unable to verify the first certificate; if the root CA is installed locally, try running Node.js with --use-system-ca
❌ Failed: https://www.nirfindia.org/nirfpdfcdn/2024/graph/Overall/IR-O-U-0331.jpg - Error: unable to verify the first certificate; if the root CA is installed locally, try running Node.js with --use-system-ca
❌ Failed: https://www.nirfindia.org/nirfpdfcdn/2024/graph/Overall/IR-O-U-0003.jpg - Error: unable to verify the first certificate; if the root CA is installed locally, try running Node.js with --use-system-ca
❌ Failed: https://www.nirfindia.org/nirfpdfcdn/2024/graph/Overall/IR-O-U-0686.jpg - Error: unable to verify the first certificate; if the root CA is installed locally, try running Node.js with --use-system-ca
❌ Failed: https://www.nirfindia.org/nirfpdfcdn/2024/graph/Overall/IR-O-U-0470.jpg - Error: unable to verify the first certificate; if the root CA is installed locally, try running Node.js with --use-system-ca
❌ Failed: https://www.nirfindia.org/nirfpdfcdn/2024/graph/Overall/IR-O-U-0456.jpg - Error: unable to verify the first certificate; if the root CA is installed locally, try running Node.js with --use-system-ca
❌ Failed: https://www.nirfindia.org/nirfpdfcdn/2024/graph/Overall/IR-O-U-0306.jpg - Error: unable to verify the first certificate; if the root CA is installed locally, try running Node.js with --use-system-ca
❌ Failed: https://www.nirfindia.org/nirfpdfcdn/2024/graph/Overall/IR-O-U-0220.jpg - Error: unable to verify the first certificate; if the root CA is installed locally, try running Node.js with --use-system-ca
❌ Failed: https://www.nirfindia.org/nirfpdfcdn/2024/graph/Overall/IR-O-I-1074.jpg - Error: unable to verify the first certificate; if the root CA is installed locally, try running Node.js with --use-system-ca
❌ Failed: https://www.nirfindia.org/nirfpdfcdn/2024/graph/Overall/IR-O-I-1075.jpg - Error: unable to verify the first certificate; if the root CA is installed locally, try running Node.js with --use-system-ca
❌ Failed: https://www.nirfindia.org/nirfpdfcdn/2024/graph/Overall/IR-O-N-15.jpg - Error: unable to verify the first certificate; if the root CA is installed locally, try running Node.js with --use-system-ca
❌ Failed: https://www.nirfindia.org/nirfpdfcdn/2024/graph/Overall/IR-O-U-0560.jpg - Error: unable to verify the first certificate; if the root CA is installed locally, try running Node.js with --use-system-ca
❌ Failed: https://www.nirfindia.org/nirfpdfcdn/2024/graph/Overall/IR-O-U-0573.jpg - Error: unable to verify the first certificate; if the root CA is installed locally, try running Node.js with --use-system-ca
❌ Failed: https://www.nirfindia.org/nirfpdfcdn/2024/graph/Overall/IR-O-U-0109.jpg - Error: unable to verify the first certificate; if the root CA is installed locally, try running Node.js with --use-system-ca
❌ Failed: https://www.nirfindia.org/nirfpdfcdn/2024/graph/Overall/IR-O-U-0053.jpg - Error: unable to verify the first certificate; if the root CA is installed locally, try running Node.js with --use-system-ca
❌ Failed: https://www.nirfindia.org/nirfpdfcdn/2024/graph/Overall/IR-O-U-0500.jpg - Error: unable to verify the first certificate; if the root CA is installed locally, try running Node.js with --use-system-ca
❌ Failed: https://www.nirfindia.org/nirfpdfcdn/2024/graph/Overall/IR-O-U-0108.jpg - Error: unable to verify the first certificate; if the root CA is installed locally, try running Node.js with --use-system-ca
❌ Failed: https://www.nirfindia.org/nirfpdfcdn/2024/graph/Overall/IR-O-U-0013.jpg - Error: unable to verify the first certificate; if the root CA is installed locally, try running Node.js with --use-system-ca
❌ Failed: https://www.nirfindia.org/nirfpdfcdn/2024/graph/Overall/IR-O-U-0234.jpg - Error: unable to verify the first certificate; if the root CA is installed locally, try running Node.js with --use-system-ca
❌ Failed: https://www.nirfindia.org/nirfpdfcdn/2024/graph/Overall/IR-O-U-0120.jpg - Error: unable to verify the first certificate; if the root CA is installed locally, try running Node.js with --use-system-ca
❌ Failed: https://www.nirfindia.org/nirfpdfcdn/2024/graph/Overall/IR-O-U-0436.jpg - Error: unable to verify the first certificate; if the root CA is installed locally, try running Node.js with --use-system-ca
❌ Failed: https://www.nirfindia.org/nirfpdfcdn/2024/graph/Overall/IR-O-U-0575.jpg - Error: unable to verify the first certificate; if the root CA is installed locally, try running Node.js with --use-system-ca
❌ Failed: https://www.nirfindia.org/nirfpdfcdn/2024/graph/Overall/IR-O-U-0496.jpg - Error: unable to verify the first certificate; if the root CA is installed locally, try running Node.js with --use-system-ca
❌ Failed: https://www.nirfindia.org/nirfpdfcdn/2024/graph/Overall/IR-O-U-0490.jpg - Error: unable to verify the first certificate; if the root CA is installed locally, try running Node.js with --use-system-ca
❌ Failed: https://www.nirfindia.org/nirfpdfcdn/2024/graph/Overall/IR-O-U-0439.jpg - Error: unable to verify the first certificate; if the root CA is installed locally, try running Node.js with --use-system-ca
❌ Failed: https://www.nirfindia.org/nirfpdfcdn/2024/graph/Overall/IR-O-U-0473.jpg - Error: unable to verify the first certificate; if the root CA is installed locally, try running Node.js with --use-system-ca
❌ Failed: https://www.nirfindia.org/nirfpdfcdn/2024/graph/Overall/IR-O-U-0391.jpg - Error: unable to verify the first certificate; if the root CA is installed locally, try running Node.js with --use-system-ca
❌ Failed: https://www.nirfindia.org/nirfpdfcdn/2024/graph/Overall/IR-O-I-1441.jpg - Error: unable to verify the first certificate; if the root CA is installed locally, try running Node.js with --use-system-ca
❌ Failed: https://www.nirfindia.org/nirfpdfcdn/2024/graph/Overall/IR-O-U-0042.jpg - Error: unable to verify the first certificate; if the root CA is installed locally, try running Node.js with --use-system-ca
❌ Failed: https://www.nirfindia.org/nirfpdfcdn/2024/graph/Overall/IR-O-U-0363.jpg - Error: unable to verify the first certificate; if the root CA is installed locally, try running Node.js with --use-system-ca
❌ Failed: https://www.nirfindia.org/nirfpdfcdn/2024/graph/Overall/IR-O-U-0304.jpg - Error: unable to verify the first certificate; if the root CA is installed locally, try running Node.js with --use-system-ca
❌ Failed: https://www.nirfindia.org/nirfpdfcdn/2024/graph/Overall/IR-O-U-0570.jpg - Error: unable to verify the first certificate; if the root CA is installed locally, try running Node.js with --use-system-ca
❌ Failed: https://www.nirfindia.org/nirfpdfcdn/2024/graph/Overall/IR-O-U-0356.jpg - Error: unable to verify the first certificate; if the root CA is installed locally, try running Node.js with --use-system-ca
❌ Failed: https://www.nirfindia.org/nirfpdfcdn/2024/graph/Overall/IR-O-U-0701.jpg - Error: unable to verify the first certificate; if the root CA is installed locally, try running Node.js with --use-system-ca
❌ Failed: https://www.nirfindia.org/nirfpdfcdn/2024/graph/Overall/IR-O-U-0139.jpg - Error: unable to verify the first certificate; if the root CA is installed locally, try running Node.js with --use-system-ca
❌ Failed: https://www.nirfindia.org/nirfpdfcdn/2024/graph/Overall/IR-O-U-0747.jpg - Error: unable to verify the first certificate; if the root CA is installed locally, try running Node.js with --use-system-ca
❌ Failed: https://www.nirfindia.org/nirfpdfcdn/2024/graph/Overall/IR-O-U-0467.jpg - Error: unable to verify the first certificate; if the root CA is installed locally, try running Node.js with --use-system-ca
❌ Failed: https://www.nirfindia.org/nirfpdfcdn/2024/graph/Overall/IR-O-U-0273.jpg - Error: unable to verify the first certificate; if the root CA is installed locally, try running Node.js with --use-system-ca
❌ Failed: https://www.nirfindia.org/nirfpdfcdn/2024/graph/Overall/IR-O-U-0205.jpg - Error: unable to verify the first certificate; if the root CA is installed locally, try running Node.js with --use-system-ca
❌ Failed: https://www.nirfindia.org/nirfpdfcdn/2024/graph/Overall/IR-O-U-0357.jpg - Error: unable to verify the first certificate; if the root CA is installed locally, try running Node.js with --use-system-ca
❌ Failed: https://www.nirfindia.org/nirfpdfcdn/2024/graph/Overall/IR-O-U-0222.jpg - Error: unable to verify the first certificate; if the root CA is installed locally, try running Node.js with --use-system-ca
❌ Failed: https://www.nirfindia.org/nirfpdfcdn/2024/graph/Overall/IR-O-U-0260.jpg - Error: unable to verify the first certificate; if the root CA is installed locally, try running Node.js with --use-system-ca
❌ Failed: https://www.nirfindia.org/nirfpdfcdn/2024/graph/Overall/IR-O-U-0323.jpg - Error: unable to verify the first certificate; if the root CA is installed locally, try running Node.js with --use-system-ca
❌ Failed: https://www.nirfindia.org/nirfpdfcdn/2024/graph/Overall/IR-O-U-0368.jpg - Error: unable to verify the first certificate; if the root CA is installed locally, try running Node.js with --use-system-ca
❌ Failed: https://www.nirfindia.org/nirfpdfcdn/2024/graph/Overall/IR-O-U-0020.jpg - Error: unable to verify the first certificate; if the root CA is installed locally, try running Node.js with --use-system-ca
❌ Failed: https://www.nirfindia.org/nirfpdfcdn/2024/graph/Overall/IR-O-U-0305.jpg - Error: unable to verify the first certificate; if the root CA is installed locally, try running Node.js with --use-system-ca
❌ Failed: https://www.nirfindia.org/nirfpdfcdn/2024/graph/Overall/IR-O-U-0006.jpg - Error: unable to verify the first certificate; if the root CA is installed locally, try running Node.js with --use-system-ca
❌ Failed: https://www.nirfindia.org/nirfpdfcdn/2024/graph/Overall/IR-O-I-1480.jpg - Error: unable to verify the first certificate; if the root CA is installed locally, try running Node.js with --use-system-ca
❌ Failed: https://www.nirfindia.org/nirfpdfcdn/2024/graph/Overall/IR-O-U-0379.jpg - Error: unable to verify the first certificate; if the root CA is installed locally, try running Node.js with --use-system-ca
❌ Failed: https://www.nirfindia.org/nirfpdfcdn/2024/graph/Overall/IR-O-U-0447.jpg - Error: unable to verify the first certificate; if the root CA is installed locally, try running Node.js with --use-system-ca
❌ Failed: https://www.nirfindia.org/nirfpdfcdn/2024/graph/Overall/IR-O-U-0476.jpg - Error: unable to verify the first certificate; if the root CA is installed locally, try running Node.js with --use-system-ca
❌ Failed: https://www.nirfindia.org/nirfpdfcdn/2024/graph/Overall/IR-O-U-0237.jpg - Error: unable to verify the first certificate; if the root CA is installed locally, try running Node.js with --use-system-ca
❌ Failed: https://www.nirfindia.org/nirfpdfcdn/2024/graph/Overall/IR-O-U-0378.jpg - Error: unable to verify the first certificate; if the root CA is installed locally, try running Node.js with --use-system-ca
❌ Failed: https://www.nirfindia.org/nirfpdfcdn/2024/graph/Overall/IR-O-U-0497.jpg - Error: unable to verify the first certificate; if the root CA is installed locally, try running Node.js with --use-system-ca
❌ Failed: https://www.nirfindia.org/nirfpdfcdn/2024/graph/Overall/IR-O-U-0458.jpg - Error: unable to verify the first certificate; if the root CA is installed locally, try running Node.js with --use-system-ca
❌ Failed: https://www.nirfindia.org/nirfpdfcdn/2024/graph/Overall/IR-O-U-0329.jpg - Error: unable to verify the first certificate; if the root CA is installed locally, try running Node.js with --use-system-ca
❌ Failed: https://www.nirfindia.org/nirfpdfcdn/2024/graph/Overall/IR-O-U-0253.jpg - Error: unable to verify the first certificate; if the root CA is installed locally, try running Node.js with --use-system-ca
❌ Failed: https://www.nirfindia.org/nirfpdfcdn/2024/graph/Overall/IR-O-U-0025.jpg - Error: unable to verify the first certificate; if the root CA is installed locally, try running Node.js with --use-system-ca
❌ Failed: https://www.nirfindia.org/nirfpdfcdn/2024/graph/Overall/IR-O-U-0263.jpg - Error: unable to verify the first certificate; if the root CA is installed locally, try running Node.js with --use-system-ca
❌ Failed: https://www.nirfindia.org/nirfpdfcdn/2024/graph/Overall/IR-O-U-0448.jpg - Error: unable to verify the first certificate; if the root CA is installed locally, try running Node.js with --use-system-ca
❌ Failed: https://www.nirfindia.org/nirfpdfcdn/2024/graph/Overall/IR-O-U-0052.jpg - Error: unable to verify the first certificate; if the root CA is installed locally, try running Node.js with --use-system-ca
❌ Failed: https://www.nirfindia.org/nirfpdfcdn/2024/graph/Overall/IR-O-U-0308.jpg - Error: unable to verify the first certificate; if the root CA is installed locally, try running Node.js with --use-system-ca
❌ Failed: https://www.nirfindia.org/nirfpdfcdn/2024/graph/Overall/IR-O-U-0498.jpg - Error: unable to verify the first certificate; if the root CA is installed locally, try running Node.js with --use-system-ca
❌ Failed: https://www.nirfindia.org/nirfpdfcdn/2024/graph/Overall/IR-O-U-0564.jpg - Error: unable to verify the first certificate; if the root CA is installed locally, try running Node.js with --use-system-ca
❌ Failed: https://www.nirfindia.org/nirfpdfcdn/2024/graph/Overall/IR-O-U-0078.jpg - Error: unable to verify the first certificate; if the root CA is installed locally, try running Node.js with --use-system-ca
❌ Failed: https://www.nirfindia.org/nirfpdfcdn/2024/graph/Overall/IR-O-U-0572.jpg - Error: unable to verify the first certificate; if the root CA is installed locally, try running Node.js with --use-system-ca
❌ Failed: https://www.nirfindia.org/nirfpdfcdn/2024/graph/Overall/IR-O-I-1110.jpg - Error: unable to verify the first certificate; if the root CA is installed locally, try running Node.js with --use-system-ca
❌ Failed: https://www.nirfindia.org/nirfpdfcdn/2024/graph/Overall/IR-O-U-0107.jpg - Error: unable to verify the first certificate; if the root CA is installed locally, try running Node.js with --use-system-ca
❌ Failed: https://www.nirfindia.org/nirfpdfcdn/2024/graph/Overall/IR-O-U-0377.jpg - Error: unable to verify the first certificate; if the root CA is installed locally, try running Node.js with --use-system-ca
❌ Failed: https://www.nirfindia.org/nirfpdfcdn/2024/graph/Overall/IR-O-I-1357.jpg - Error: unable to verify the first certificate; if the root CA is installed locally, try running Node.js with --use-system-ca
❌ Failed: https://www.nirfindia.org/nirfpdfcdn/2024/graph/Overall/IR-O-U-0098.jpg - Error: unable to verify the first certificate; if the root CA is installed locally, try running Node.js with --use-system-ca
❌ Failed: https://www.nirfindia.org/nirfpdfcdn/2024/graph/Overall/IR-O-U-0395.jpg - Error: unable to verify the first certificate; if the root CA is installed locally, try running Node.js with --use-system-ca
❌ Failed: https://www.nirfindia.org/nirfpdfcdn/2024/graph/Overall/IR-O-U-0262.jpg - Error: unable to verify the first certificate; if the root CA is installed locally, try running Node.js with --use-system-ca
❌ Failed: https://www.nirfindia.org/nirfpdfcdn/2024/graph/Overall/IR-O-U-0196.jpg - Error: unable to verify the first certificate; if the root CA is installed locally, try running Node.js with --use-system-ca
❌ Failed: https://www.nirfindia.org/nirfpdfcdn/2024/graph/Overall/IR-O-U-0027.jpg - Error: unable to verify the first certificate; if the root CA is installed locally, try running Node.js with --use-system-ca
❌ Failed: https://www.nirfindia.org/nirfpdfcdn/2024/graph/Overall/IR-O-U-0295.jpg - Error: unable to verify the first certificate; if the root CA is installed locally, try running Node.js with --use-system-ca
❌ Failed: https://www.nirfindia.org/nirfpdfcdn/2024/graph/Overall/IR-O-U-0064.jpg - Error: unable to verify the first certificate; if the root CA is installed locally, try running Node.js with --use-system-ca
❌ Failed: https://www.nirfindia.org/nirfpdfcdn/2024/graph/Overall/IR-O-U-0184.jpg - Error: unable to verify the first certificate; if the root CA is installed locally, try running Node.js with --use-system-ca
❌ Failed: https://www.nirfindia.org/nirfpdfcdn/2024/graph/Overall/IR-O-U-0691.jpg - Error: unable to verify the first certificate; if the root CA is installed locally, try running Node.js with --use-system-ca
❌ Failed: https://www.nirfindia.org/nirfpdfcdn/2024/graph/Overall/IR-O-U-0574.jpg - Error: unable to verify the first certificate; if the root CA is installed locally, try running Node.js with --use-system-ca
❌ Failed: https://www.nirfindia.org/nirfpdfcdn/2024/graph/Overall/IR-O-U-0334.jpg - Error: unable to verify the first certificate; if the root CA is installed locally, try running Node.js with --use-system-ca
❌ Failed: https://www.nirfindia.org/nirfpdfcdn/2024/graph/Overall/IR-O-U-0272.jpg - Error: unable to verify the first certificate; if the root CA is installed locally, try running Node.js with --use-system-ca
❌ Failed: https://www.nirfindia.org/nirfpdfcdn/2024/graph/Overall/IR-O-U-0435.jpg - Error: unable to verify the first certificate; if the root CA is installed locally, try running Node.js with --use-system-ca
❌ Failed: https://www.nirfindia.org/nirfpdfcdn/2024/graph/Overall/IR-O-U-0381.jpg - Error: unable to verify the first certificate; if the root CA is installed locally, try running Node.js with --use-system-ca
❌ Failed: https://www.nirfindia.org/nirfpdfcdn/2024/graph/Overall/IR-O-U-0555.jpg - Error: unable to verify the first certificate; if the root CA is installed locally, try running Node.js with --use-system-ca
❌ Failed: https://www.nirfindia.org/nirfpdfcdn/2024/graph/Overall/IR-O-C-16604.jpg - Error: unable to verify the first certificate; if the root CA is installed locally, try running Node.js with --use-system-ca
❌ Failed: https://www.nirfindia.org/nirfpdfcdn/2024/graph/Overall/IR-O-U-0410.jpg - Error: unable to verify the first certificate; if the root CA is installed locally, try running Node.js with --use-system-ca
❌ Failed: https://www.nirfindia.org/nirfpdfcdn/2024/graph/Overall/IR-O-N-10.jpg - Error: unable to verify the first certificate; if the root CA is installed locally, try running Node.js with --use-system-ca
❌ Failed: https://www.nirfindia.org/nirfpdfcdn/2024/graph/Overall/IR-O-U-0689.jpg - Error: unable to verify the first certificate; if the root CA is installed locally, try running Node.js with --use-system-ca
❌ Failed: https://www.nirfindia.org/nirfpdfcdn/2024/graph/Overall/IR-O-U-0474.jpg - Error: unable to verify the first certificate; if the root CA is installed locally, try running Node.js with --use-system-ca
❌ Failed: https://www.nirfindia.org/nirfpdfcdn/2024/graph/Overall/IR-O-U-0235.jpg - Error: unable to verify the first certificate; if the root CA is installed locally, try running Node.js with --use-system-ca
❌ Failed: https://www.nirfindia.org/nirfpdfcdn/2024/graph/Overall/IR-O-U-0523.jpg - Error: unable to verify the first certificate; if the root CA is installed locally, try running Node.js with --use-system-ca
❌ Failed: https://www.nirfindia.org/nirfpdfcdn/2024/graph/Overall/IR-O-U-0195.jpg - Error: unable to verify the first certificate; if the root CA is installed locally, try running Node.js with --use-system-ca
❌ Failed: https://www.nirfindia.org/nirfpdfcdn/2024/graph/Overall/IR-O-U-0190.jpg - Error: unable to verify the first certificate; if the root CA is installed locally, try running Node.js with --use-system-ca
❌ Failed: https://www.nirfindia.org/nirfpdfcdn/2024/graph/Overall/IR-O-U-0217.jpg - Error: unable to verify the first certificate; if the root CA is installed locally, try running Node.js with --use-system-ca
❌ Failed: https://www.nirfindia.org/nirfpdfcdn/2024/graph/Overall/IR-O-U-0055.jpg - Error: unable to verify the first certificate; if the root CA is installed locally, try running Node.js with --use-system-ca
❌ Failed: https://www.nirfindia.org/nirfpdfcdn/2024/graph/Overall/IR-O-U-0577.jpg - Error: unable to verify the first certificate; if the root CA is installed locally, try running Node.js with --use-system-ca
❌ Failed: https://www.nirfindia.org/nirfpdfcdn/2024/graph/Overall/IR-O-U-0446.jpg - Error: unable to verify the first certificate; if the root CA is installed locally, try running Node.js with --use-system-ca
❌ Failed: https://www.nirfindia.org/nirfpdfcdn/2024/graph/Overall/IR-O-U-0136.jpg - Error: unable to verify the first certificate; if the root CA is installed locally, try running Node.js with --use-system-ca
❌ Failed: https://www.nirfindia.org/nirfpdfcdn/2024/graph/Overall/IR-O-U-0642.jpg - Error: unable to verify the first certificate; if the root CA is installed locally, try running Node.js with --use-system-ca
❌ Failed: https://www.nirfindia.org/nirfpdfcdn/2024/graph/Overall/IR-O-I-1486.jpg - Error: unable to verify the first certificate; if the root CA is installed locally, try running Node.js with --use-system-ca
❌ Failed: https://www.nirfindia.org/nirfpdfcdn/2024/graph/Overall/IR-O-U-0331.jpg - Error: unable to verify the first certificate; if the root CA is installed locally, try running Node.js with --use-system-ca
❌ Failed: https://www.nirfindia.org/nirfpdfcdn/2024/graph/Overall/IR-O-U-0003.jpg - Error: unable to verify the first certificate; if the root CA is installed locally, try running Node.js with --use-system-ca
❌ Failed: https://www.nirfindia.org/nirfpdfcdn/2024/graph/Overall/IR-O-U-0686.jpg - Error: unable to verify the first certificate; if the root CA is installed locally, try running Node.js with --use-system-ca
❌ Failed: https://www.nirfindia.org/nirfpdfcdn/2024/graph/Overall/IR-O-U-0470.jpg - Error: unable to verify the first certificate; if the root CA is installed locally, try running Node.js with --use-system-ca
❌ Failed: https://www.nirfindia.org/nirfpdfcdn/2024/graph/Overall/IR-O-U-0456.jpg - Error: unable to verify the first certificate; if the root CA is installed locally, try running Node.js with --use-system-ca
❌ Failed: https://www.nirfindia.org/nirfpdfcdn/2024/graph/Overall/IR-O-U-0220.jpg - Error: unable to verify the first certificate; if the root CA is installed locally, try running Node.js with --use-system-ca
❌ Failed: https://www.nirfindia.org/nirfpdfcdn/2024/graph/Overall/IR-O-U-0306.jpg - Error: unable to verify the first certificate; if the root CA is installed locally, try running Node.js with --use-system-ca
❌ Failed: https://www.nirfindia.org/nirfpdfcdn/2024/graph/Overall/IR-O-I-1075.jpg - Error: unable to verify the first certificate; if the root CA is installed locally, try running Node.js with --use-system-ca
❌ Failed: https://www.nirfindia.org/nirfpdfcdn/2024/graph/Overall/IR-O-I-1074.jpg - Error: unable to verify the first certificate; if the root CA is installed locally, try running Node.js with --use-system-ca
❌ Failed: https://www.nirfindia.org/nirfpdfcdn/2024/graph/Overall/IR-O-N-15.jpg - Error: unable to verify the first certificate; if the root CA is installed locally, try running Node.js with --use-system-ca
❌ Failed: https://www.nirfindia.org/nirfpdfcdn/2024/graph/Overall/IR-O-U-0560.jpg - Error: unable to verify the first certificate; if the root CA is installed locally, try running Node.js with --use-system-ca
❌ Failed: https://www.nirfindia.org/nirfpdfcdn/2024/graph/Overall/IR-O-U-0573.jpg - Error: unable to verify the first certificate; if the root CA is installed locally, try running Node.js with --use-system-ca
❌ Failed: https://www.nirfindia.org/nirfpdfcdn/2024/graph/Overall/IR-O-U-0109.jpg - Error: unable to verify the first certificate; if the root CA is installed locally, try running Node.js with --use-system-ca
❌ Failed: https://www.nirfindia.org/nirfpdfcdn/2024/graph/Overall/IR-O-U-0053.jpg - Error: unable to verify the first certificate; if the root CA is installed locally, try running Node.js with --use-system-ca
❌ Failed: https://www.nirfindia.org/nirfpdfcdn/2024/graph/Overall/IR-O-U-0500.jpg - Error: unable to verify the first certificate; if the root CA is installed locally, try running Node.js with --use-system-ca
❌ Failed: https://www.nirfindia.org/nirfpdfcdn/2024/graph/Overall/IR-O-U-0013.jpg - Error: unable to verify the first certificate; if the root CA is installed locally, try running Node.js with --use-system-ca
❌ Failed: https://www.nirfindia.org/nirfpdfcdn/2024/graph/Overall/IR-O-U-0108.jpg - Error: unable to verify the first certificate; if the root CA is installed locally, try running Node.js with --use-system-ca
❌ Failed: https://www.nirfindia.org/nirfpdfcdn/2024/graph/Overall/IR-O-U-0120.jpg - Error: unable to verify the first certificate; if the root CA is installed locally, try running Node.js with --use-system-ca
❌ Failed: https://www.nirfindia.org/nirfpdfcdn/2024/graph/Overall/IR-O-U-0234.jpg - Error: unable to verify the first certificate; if the root CA is installed locally, try running Node.js with --use-system-ca
❌ Failed: https://www.nirfindia.org/nirfpdfcdn/2024/graph/Overall/IR-O-U-0436.jpg - Error: unable to verify the first certificate; if the root CA is installed locally, try running Node.js with --use-system-ca
❌ Failed: https://www.nirfindia.org/nirfpdfcdn/2024/graph/Overall/IR-O-U-0575.jpg - Error: unable to verify the first certificate; if the root CA is installed locally, try running Node.js with --use-system-ca
❌ Failed: https://www.nirfindia.org/nirfpdfcdn/2024/graph/Overall/IR-O-U-0496.jpg - Error: unable to verify the first certificate; if the root CA is installed locally, try running Node.js with --use-system-ca
❌ Failed: https://www.nirfindia.org/nirfpdfcdn/2024/graph/Overall/IR-O-U-0490.jpg - Error: unable to verify the first certificate; if the root CA is installed locally, try running Node.js with --use-system-ca
❌ Failed: https://www.nirfindia.org/nirfpdfcdn/2024/graph/Overall/IR-O-U-0439.jpg - Error: unable to verify the first certificate; if the root CA is installed locally, try running Node.js with --use-system-ca
❌ Failed: https://www.nirfindia.org/nirfpdfcdn/2024/graph/Overall/IR-O-U-0391.jpg - Error: unable to verify the first certificate; if the root CA is installed locally, try running Node.js with --use-system-ca
❌ Failed: https://www.nirfindia.org/nirfpdfcdn/2024/graph/Overall/IR-O-U-0473.jpg - Error: unable to verify the first certificate; if the root CA is installed locally, try running Node.js with --use-system-ca
❌ Failed: https://www.nirfindia.org/nirfpdfcdn/2024/graph/Overall/IR-O-I-1441.jpg - Error: unable to verify the first certificate; if the root CA is installed locally, try running Node.js with --use-system-ca
❌ Failed: https://www.nirfindia.org/nirfpdfcdn/2024/graph/Overall/IR-O-U-0042.jpg - Error: unable to verify the first certificate; if the root CA is installed locally, try running Node.js with --use-system-ca
❌ Failed: https://www.nirfindia.org/nirfpdfcdn/2024/graph/Overall/IR-O-U-0363.jpg - Error: unable to verify the first certificate; if the root CA is installed locally, try running Node.js with --use-system-ca
❌ Failed: https://www.nirfindia.org/nirfpdfcdn/2024/graph/Overall/IR-O-U-0304.jpg - Error: unable to verify the first certificate; if the root CA is installed locally, try running Node.js with --use-system-ca
❌ Failed: https://www.nirfindia.org/nirfpdfcdn/2024/graph/Overall/IR-O-U-0570.jpg - Error: unable to verify the first certificate; if the root CA is installed locally, try running Node.js with --use-system-ca
❌ Failed: https://www.nirfindia.org/nirfpdfcdn/2024/graph/Overall/IR-O-U-0356.jpg - Error: unable to verify the first certificate; if the root CA is installed locally, try running Node.js with --use-system-ca
❌ Failed: https://www.nirfindia.org/nirfpdfcdn/2024/graph/Overall/IR-O-U-0701.jpg - Error: unable to verify the first certificate; if the root CA is installed locally, try running Node.js with --use-system-ca
❌ Failed: https://www.nirfindia.org/nirfpdfcdn/2024/graph/Overall/IR-O-U-0139.jpg - Error: unable to verify the first certificate; if the root CA is installed locally, try running Node.js with --use-system-ca
❌ Failed: https://www.nirfindia.org/nirfpdfcdn/2024/graph/Overall/IR-O-U-0273.jpg - Error: unable to verify the first certificate; if the root CA is installed locally, try running Node.js with --use-system-ca
❌ Failed: https://www.nirfindia.org/nirfpdfcdn/2024/graph/Overall/IR-O-U-0747.jpg - Error: unable to verify the first certificate; if the root CA is installed locally, try running Node.js with --use-system-ca
❌ Failed: https://www.nirfindia.org/nirfpdfcdn/2024/graph/Overall/IR-O-U-0467.jpg - Error: unable to verify the first certificate; if the root CA is installed locally, try running Node.js with --use-system-ca
❌ Failed: https://www.nirfindia.org/nirfpdfcdn/2024/graph/Overall/IR-O-U-0205.jpg - Error: unable to verify the first certificate; if the root CA is installed locally, try running Node.js with --use-system-ca
❌ Failed: https://www.nirfindia.org/nirfpdfcdn/2024/graph/Overall/IR-O-U-0357.jpg - Error: unable to verify the first certificate; if the root CA is installed locally, try running Node.js with --use-system-ca
❌ Failed: https://www.nirfindia.org/nirfpdfcdn/2024/graph/Overall/IR-O-U-0222.jpg - Error: unable to verify the first certificate; if the root CA is installed locally, try running Node.js with --use-system-ca
❌ Failed: https://www.nirfindia.org/nirfpdfcdn/2024/graph/Overall/IR-O-U-0323.jpg - Error: unable to verify the first certificate; if the root CA is installed locally, try running Node.js with --use-system-ca
❌ Failed: https://www.nirfindia.org/nirfpdfcdn/2024/graph/Overall/IR-O-U-0260.jpg - Error: unable to verify the first certificate; if the root CA is installed locally, try running Node.js with --use-system-ca
❌ Failed: https://www.nirfindia.org/nirfpdfcdn/2024/graph/Overall/IR-O-U-0368.jpg - Error: unable to verify the first certificate; if the root CA is installed locally, try running Node.js with --use-system-ca
❌ Failed: https://www.nirfindia.org/nirfpdfcdn/2024/graph/Overall/IR-O-U-0020.jpg - Error: unable to verify the first certificate; if the root CA is installed locally, try running Node.js with --use-system-ca
❌ Failed: https://www.nirfindia.org/nirfpdfcdn/2024/graph/Overall/IR-O-U-0006.jpg - Error: unable to verify the first certificate; if the root CA is installed locally, try running Node.js with --use-system-ca
❌ Failed: https://www.nirfindia.org/nirfpdfcdn/2024/graph/Overall/IR-O-U-0305.jpg - Error: unable to verify the first certificate; if the root CA is installed locally, try running Node.js with --use-system-ca
❌ Failed: https://www.nirfindia.org/nirfpdfcdn/2024/graph/Overall/IR-O-I-1480.jpg - Error: unable to verify the first certificate; if the root CA is installed locally, try running Node.js with --use-system-ca
❌ Failed: https://www.nirfindia.org/nirfpdfcdn/2024/graph/Overall/IR-O-U-0379.jpg - Error: unable to verify the first certificate; if the root CA is installed locally, try running Node.js with --use-system-ca
❌ Failed: https://www.nirfindia.org/nirfpdfcdn/2024/graph/Overall/IR-O-U-0447.jpg - Error: unable to verify the first certificate; if the root CA is installed locally, try running Node.js with --use-system-ca
❌ Failed: https://www.nirfindia.org/nirfpdfcdn/2024/graph/Overall/IR-O-U-0476.jpg - Error: unable to verify the first certificate; if the root CA is installed locally, try running Node.js with --use-system-ca
❌ Failed: https://www.nirfindia.org/nirfpdfcdn/2024/graph/Overall/IR-O-U-0237.jpg - Error: unable to verify the first certificate; if the root CA is installed locally, try running Node.js with --use-system-ca
❌ Failed: https://www.nirfindia.org/nirfpdfcdn/2024/graph/Overall/IR-O-U-0378.jpg - Error: unable to verify the first certificate; if the root CA is installed locally, try running Node.js with --use-system-ca
❌ Failed: https://www.nirfindia.org/nirfpdfcdn/2024/graph/Overall/IR-O-U-0497.jpg - Error: unable to verify the first certificate; if the root CA is installed locally, try running Node.js with --use-system-ca
❌ Failed: https://www.nirfindia.org/nirfpdfcdn/2024/graph/Overall/IR-O-U-0458.jpg - Error: unable to verify the first certificate; if the root CA is installed locally, try running Node.js with --use-system-ca
❌ Failed: https://www.nirfindia.org/nirfpdfcdn/2024/graph/Overall/IR-O-U-0329.jpg - Error: unable to verify the first certificate; if the root CA is installed locally, try running Node.js with --use-system-ca
❌ Failed: https://www.nirfindia.org/nirfpdfcdn/2024/graph/Overall/IR-O-U-0253.jpg - Error: unable to verify the first certificate; if the root CA is installed locally, try running Node.js with --use-system-ca
❌ Failed: https://www.nirfindia.org/nirfpdfcdn/2024/graph/Overall/IR-O-U-0025.jpg - Error: unable to verify the first certificate; if the root CA is installed locally, try running Node.js with --use-system-ca
❌ Failed: https://www.nirfindia.org/nirfpdfcdn/2024/graph/Overall/IR-O-U-0263.jpg - Error: unable to verify the first certificate; if the root CA is installed locally, try running Node.js with --use-system-ca
❌ Failed: https://www.nirfindia.org/nirfpdfcdn/2024/graph/Overall/IR-O-U-0448.jpg - Error: unable to verify the first certificate; if the root CA is installed locally, try running Node.js with --use-system-ca
❌ Failed: https://www.nirfindia.org/nirfpdfcdn/2024/graph/Overall/IR-O-U-0052.jpg - Error: unable to verify the first certificate; if the root CA is installed locally, try running Node.js with --use-system-ca
❌ Failed: https://www.nirfindia.org/nirfpdfcdn/2024/graph/Overall/IR-O-U-0308.jpg - Error: unable to verify the first certificate; if the root CA is installed locally, try running Node.js with --use-system-ca
❌ Failed: https://www.nirfindia.org/nirfpdfcdn/2024/graph/Overall/IR-O-U-0498.jpg - Error: unable to verify the first certificate; if the root CA is installed locally, try running Node.js with --use-system-ca
❌ Failed: https://www.nirfindia.org/nirfpdfcdn/2024/graph/Overall/IR-O-U-0078.jpg - Error: unable to verify the first certificate; if the root CA is installed locally, try running Node.js with --use-system-ca
❌ Failed: https://www.nirfindia.org/nirfpdfcdn/2024/graph/Overall/IR-O-U-0564.jpg - Error: unable to verify the first certificate; if the root CA is installed locally, try running Node.js with --use-system-ca
❌ Failed: https://www.nirfindia.org/nirfpdfcdn/2024/graph/Overall/IR-O-U-0572.jpg - Error: unable to verify the first certificate; if the root CA is installed locally, try running Node.js with --use-system-ca
❌ Failed: https://www.nirfindia.org/nirfpdfcdn/2024/graph/Overall/IR-O-I-1110.jpg - Error: unable to verify the first certificate; if the root CA is installed locally, try running Node.js with --use-system-ca
❌ Failed: https://www.nirfindia.org/nirfpdfcdn/2024/graph/Overall/IR-O-U-0107.jpg - Error: unable to verify the first certificate; if the root CA is installed locally, try running Node.js with --use-system-ca
❌ Failed: https://www.nirfindia.org/nirfpdfcdn/2024/graph/Overall/IR-O-U-0377.jpg - Error: unable to verify the first certificate; if the root CA is installed locally, try running Node.js with --use-system-ca
❌ Failed: https://www.nirfindia.org/nirfpdfcdn/2024/graph/Overall/IR-O-I-1357.jpg - Error: unable to verify the first certificate; if the root CA is installed locally, try running Node.js with --use-system-ca
❌ Failed: https://www.nirfindia.org/nirfpdfcdn/2024/graph/Overall/IR-O-U-0098.jpg - Error: unable to verify the first certificate; if the root CA is installed locally, try running Node.js with --use-system-ca
❌ Failed: https://www.nirfindia.org/nirfpdfcdn/2024/graph/Overall/IR-O-U-0395.jpg - Error: unable to verify the first certificate; if the root CA is installed locally, try running Node.js with --use-system-ca
❌ Failed: https://www.nirfindia.org/nirfpdfcdn/2024/graph/Overall/IR-O-U-0262.jpg - Error: unable to verify the first certificate; if the root CA is installed locally, try running Node.js with --use-system-ca
❌ Failed: https://www.nirfindia.org/nirfpdfcdn/2024/graph/Overall/IR-O-U-0196.jpg - Error: unable to verify the first certificate; if the root CA is installed locally, try running Node.js with --use-system-ca
❌ Failed: https://www.nirfindia.org/nirfpdfcdn/2024/graph/Overall/IR-O-U-0027.jpg - Error: unable to verify the first certificate; if the root CA is installed locally, try running Node.js with --use-system-ca
❌ Failed: https://www.nirfindia.org/nirfpdfcdn/2024/graph/Overall/IR-O-U-0295.jpg - Error: unable to verify the first certificate; if the root CA is installed locally, try running Node.js with --use-system-ca
❌ Failed: https://www.nirfindia.org/nirfpdfcdn/2024/graph/Overall/IR-O-U-0064.jpg - Error: unable to verify the first certificate; if the root CA is installed locally, try running Node.js with --use-system-ca
❌ Failed: https://www.nirfindia.org/nirfpdfcdn/2024/graph/Overall/IR-O-U-0184.jpg - Error: unable to verify the first certificate; if the root CA is installed locally, try running Node.js with --use-system-ca
❌ Failed: https://www.nirfindia.org/nirfpdfcdn/2024/graph/Overall/IR-O-U-0691.jpg - Error: unable to verify the first certificate; if the root CA is installed locally, try running Node.js with --use-system-ca
❌ Failed: https://www.nirfindia.org/nirfpdfcdn/2024/graph/Overall/IR-O-U-0574.jpg - Error: unable to verify the first certificate; if the root CA is installed locally, try running Node.js with --use-system-ca
❌ Failed: https://www.nirfindia.org/nirfpdfcdn/2024/graph/Overall/IR-O-U-0272.jpg - Error: unable to verify the first certificate; if the root CA is installed locally, try running Node.js with --use-system-ca
❌ Failed: https://www.nirfindia.org/nirfpdfcdn/2024/graph/Overall/IR-O-U-0334.jpg - Error: unable to verify the first certificate; if the root CA is installed locally, try running Node.js with --use-system-ca
❌ Failed: https://www.nirfindia.org/nirfpdfcdn/2024/graph/Overall/IR-O-U-0435.jpg - Error: unable to verify the first certificate; if the root CA is installed locally, try running Node.js with --use-system-ca
❌ Failed: https://www.nirfindia.org/nirfpdfcdn/2024/graph/Overall/IR-O-U-0381.jpg - Error: unable to verify the first certificate; if the root CA is installed locally, try running Node.js with --use-system-ca
❌ Failed: https://www.nirfindia.org/nirfpdfcdn/2024/graph/Overall/IR-O-U-0555.jpg - Error: unable to verify the first certificate; if the root CA is installed locally, try running Node.js with --use-system-ca
❌ Failed: https://www.nirfindia.org/nirfpdfcdn/2024/graph/Overall/IR-O-C-16604.jpg - Error: unable to verify the first certificate; if the root CA is installed locally, try running Node.js with --use-system-ca
❌ Failed: https://www.nirfindia.org/nirfpdfcdn/2024/graph/Overall/IR-O-U-0410.jpg - Error: unable to verify the first certificate; if the root CA is installed locally, try running Node.js with --use-system-ca
❌ Failed: https://www.nirfindia.org/nirfpdfcdn/2024/graph/Overall/IR-O-N-10.jpg - Error: unable to verify the first certificate; if the root CA is installed locally, try running Node.js with --use-system-ca
❌ Failed: https://www.nirfindia.org/nirfpdfcdn/2024/graph/Overall/IR-O-U-0689.jpg - Error: unable to verify the first certificate; if the root CA is installed locally, try running Node.js with --use-system-ca
❌ Failed: https://www.nirfindia.org/nirfpdfcdn/2024/graph/Overall/IR-O-U-0474.jpg - Error: unable to verify the first certificate; if the root CA is installed locally, try running Node.js with --use-system-ca
❌ Failed: https://www.nirfindia.org/nirfpdfcdn/2024/graph/Overall/IR-O-U-0235.jpg - Error: unable to verify the first certificate; if the root CA is installed locally, try running Node.js with --use-system-ca
❌ Failed: https://www.nirfindia.org/nirfpdfcdn/2024/graph/Overall/IR-O-U-0523.jpg - Error: unable to verify the first certificate; if the root CA is installed locally, try running Node.js with --use-system-ca
❌ Failed: https://www.nirfindia.org/nirfpdfcdn/2024/graph/Overall/IR-O-U-0195.jpg - Error: unable to verify the first certificate; if the root CA is installed locally, try running Node.js with --use-system-ca
❌ Failed: https://www.nirfindia.org/nirfpdfcdn/2024/graph/Overall/IR-O-U-0190.jpg - Error: unable to verify the first certificate; if the root CA is installed locally, try running Node.js with --use-system-ca
❌ Failed: https://www.nirfindia.org/nirfpdfcdn/2024/graph/Overall/IR-O-U-0217.jpg - Error: unable to verify the first certificate; if the root CA is installed locally, try running Node.js with --use-system-ca
❌ Failed: https://www.nirfindia.org/nirfpdfcdn/2024/graph/Overall/IR-O-U-0055.jpg - Error: unable to verify the first certificate; if the root CA is installed locally, try running Node.js with --use-system-ca
❌ Failed: https://www.nirfindia.org/nirfpdfcdn/2024/graph/Overall/IR-O-U-0577.jpg - Error: unable to verify the first certificate; if the root CA is installed locally, try running Node.js with --use-system-ca
❌ Failed: https://www.nirfindia.org/nirfpdfcdn/2024/graph/Overall/IR-O-U-0446.jpg - Error: unable to verify the first certificate; if the root CA is installed locally, try running Node.js with --use-system-ca
❌ Failed: https://www.nirfindia.org/nirfpdfcdn/2024/graph/Overall/IR-O-U-0642.jpg - Error: unable to verify the first certificate; if the root CA is installed locally, try running Node.js with --use-system-ca
❌ Failed: https://www.nirfindia.org/nirfpdfcdn/2024/graph/Overall/IR-O-U-0136.jpg - Error: unable to verify the first certificate; if the root CA is installed locally, try running Node.js with --use-system-ca
❌ Failed: https://www.nirfindia.org/nirfpdfcdn/2024/graph/Overall/IR-O-I-1486.jpg - Error: unable to verify the first certificate; if the root CA is installed locally, try running Node.js with --use-system-ca
❌ Failed: https://www.nirfindia.org/nirfpdfcdn/2024/graph/Overall/IR-O-U-0003.jpg - Error: unable to verify the first certificate; if the root CA is installed locally, try running Node.js with --use-system-ca
❌ Failed: https://www.nirfindia.org/nirfpdfcdn/2024/graph/Overall/IR-O-U-0331.jpg - Error: unable to verify the first certificate; if the root CA is installed locally, try running Node.js with --use-system-ca
❌ Failed: https://www.nirfindia.org/nirfpdfcdn/2024/graph/Overall/IR-O-U-0686.jpg - Error: unable to verify the first certificate; if the root CA is installed locally, try running Node.js with --use-system-ca
❌ Failed: https://www.nirfindia.org/nirfpdfcdn/2024/graph/Overall/IR-O-U-0470.jpg - Error: unable to verify the first certificate; if the root CA is installed locally, try running Node.js with --use-system-ca
