✅ Downloaded: https://www.nirfindia.org/nirfpdfcdn/2024/graph/University/IR-O-U-0220.jpg -> /Users/yashgupta/Desktop/kpmg/dashboard-nirf/backend/downloads/graphs/2024/University/IR-O-U-0220.jpg
✅ Downloaded: https://www.nirfindia.org/nirfpdfcdn/2024/graph/University/IR-O-U-0108.jpg -> /Users/yashgupta/Desktop/kpmg/dashboard-nirf/backend/downloads/graphs/2024/University/IR-O-U-0108.jpg
✅ Downloaded: https://www.nirfindia.org/nirfpdfcdn/2024/graph/University/IR-O-U-0109.jpg -> /Users/yashgupta/Desktop/kpmg/dashboard-nirf/backend/downloads/graphs/2024/University/IR-O-U-0109.jpg
✅ Downloaded: https://www.nirfindia.org/nirfpdfcdn/2024/graph/University/IR-O-U-0234.jpg -> /Users/yashgupta/Desktop/kpmg/dashboard-nirf/backend/downloads/graphs/2024/University/IR-O-U-0234.jpg
✅ Downloaded: https://www.nirfindia.org/nirfpdfcdn/2024/graph/University/IR-O-U-0500.jpg -> /Users/yashgupta/Desktop/kpmg/dashboard-nirf/backend/downloads/graphs/2024/University/IR-O-U-0500.jpg
✅ Downloaded: https://www.nirfindia.org/nirfpdfcdn/2024/graph/University/IR-O-U-0120.jpg -> /Users/yashgupta/Desktop/kpmg/dashboard-nirf/backend/downloads/graphs/2024/University/IR-O-U-0120.jpg
✅ Downloaded: https://www.nirfindia.org/nirfpdfcdn/2024/graph/University/IR-O-U-0436.jpg -> /Users/yashgupta/Desktop/kpmg/dashboard-nirf/backend/downloads/graphs/2024/University/IR-O-U-0436.jpg
✅ Downloaded: https://www.nirfindia.org/nirfpdfcdn/2024/graph/University/IR-O-U-0496.jpg -> /Users/yashgupta/Desktop/kpmg/dashboard-nirf/backend/downloads/graphs/2024/University/IR-O-U-0496.jpg
✅ Downloaded: https://www.nirfindia.org/nirfpdfcdn/2024/graph/University/IR-O-U-0575.jpg -> /Users/yashgupta/Desktop/kpmg/dashboard-nirf/backend/downloads/graphs/2024/University/IR-O-U-0575.jpg
✅ Downloaded: https://www.nirfindia.org/nirfpdfcdn/2024/graph/University/IR-O-U-0490.jpg -> /Users/yashgupta/Desktop/kpmg/dashboard-nirf/backend/downloads/graphs/2024/University/IR-O-U-0490.jpg
✅ Downloaded: https://www.nirfindia.org/nirfpdfcdn/2024/graph/University/IR-O-I-1441.jpg -> /Users/yashgupta/Desktop/kpmg/dashboard-nirf/backend/downloads/graphs/2024/University/IR-O-I-1441.jpg
✅ Downloaded: https://www.nirfindia.org/nirfpdfcdn/2024/graph/University/IR-O-U-0473.jpg -> /Users/yashgupta/Desktop/kpmg/dashboard-nirf/backend/downloads/graphs/2024/University/IR-O-U-0473.jpg
✅ Downloaded: https://www.nirfindia.org/nirfpdfcdn/2024/graph/University/IR-O-U-0439.jpg -> /Users/yashgupta/Desktop/kpmg/dashboard-nirf/backend/downloads/graphs/2024/University/IR-O-U-0439.jpg
✅ Downloaded: https://www.nirfindia.org/nirfpdfcdn/2024/graph/University/IR-O-U-0363.jpg -> /Users/yashgupta/Desktop/kpmg/dashboard-nirf/backend/downloads/graphs/2024/University/IR-O-U-0363.jpg
✅ Downloaded: https://www.nirfindia.org/nirfpdfcdn/2024/graph/University/IR-O-U-0356.jpg -> /Users/yashgupta/Desktop/kpmg/dashboard-nirf/backend/downloads/graphs/2024/University/IR-O-U-0356.jpg
✅ Downloaded: https://www.nirfindia.org/nirfpdfcdn/2024/graph/University/IR-O-U-0304.jpg -> /Users/yashgupta/Desktop/kpmg/dashboard-nirf/backend/downloads/graphs/2024/University/IR-O-U-0304.jpg
✅ Downloaded: https://www.nirfindia.org/nirfpdfcdn/2024/graph/University/IR-O-U-0042.jpg -> /Users/yashgupta/Desktop/kpmg/dashboard-nirf/backend/downloads/graphs/2024/University/IR-O-U-0042.jpg
✅ Downloaded: https://www.nirfindia.org/nirfpdfcdn/2024/graph/University/IR-O-U-0570.jpg -> /Users/yashgupta/Desktop/kpmg/dashboard-nirf/backend/downloads/graphs/2024/University/IR-O-U-0570.jpg
✅ Downloaded: https://www.nirfindia.org/nirfpdfcdn/2024/graph/University/IR-O-U-0391.jpg -> /Users/yashgupta/Desktop/kpmg/dashboard-nirf/backend/downloads/graphs/2024/University/IR-O-U-0391.jpg
✅ Downloaded: https://www.nirfindia.org/nirfpdfcdn/2024/graph/University/IR-O-U-0747.jpg -> /Users/yashgupta/Desktop/kpmg/dashboard-nirf/backend/downloads/graphs/2024/University/IR-O-U-0747.jpg
✅ Downloaded: https://www.nirfindia.org/nirfpdfcdn/2024/graph/University/IR-O-U-0260.jpg -> /Users/yashgupta/Desktop/kpmg/dashboard-nirf/backend/downloads/graphs/2024/University/IR-O-U-0260.jpg
✅ Downloaded: https://www.nirfindia.org/nirfpdfcdn/2024/graph/University/IR-O-U-0020.jpg -> /Users/yashgupta/Desktop/kpmg/dashboard-nirf/backend/downloads/graphs/2024/University/IR-O-U-0020.jpg
✅ Downloaded: https://www.nirfindia.org/nirfpdfcdn/2024/graph/University/IR-O-U-0323.jpg -> /Users/yashgupta/Desktop/kpmg/dashboard-nirf/backend/downloads/graphs/2024/University/IR-O-U-0323.jpg
✅ Downloaded: https://www.nirfindia.org/nirfpdfcdn/2024/graph/University/IR-O-U-0222.jpg -> /Users/yashgupta/Desktop/kpmg/dashboard-nirf/backend/downloads/graphs/2024/University/IR-O-U-0222.jpg
✅ Downloaded: https://www.nirfindia.org/nirfpdfcdn/2024/graph/University/IR-O-U-0006.jpg -> /Users/yashgupta/Desktop/kpmg/dashboard-nirf/backend/downloads/graphs/2024/University/IR-O-U-0006.jpg
✅ Downloaded: https://www.nirfindia.org/nirfpdfcdn/2024/graph/University/IR-O-U-0447.jpg -> /Users/yashgupta/Desktop/kpmg/dashboard-nirf/backend/downloads/graphs/2024/University/IR-O-U-0447.jpg
✅ Downloaded: https://www.nirfindia.org/nirfpdfcdn/2024/graph/University/IR-O-U-0379.jpg -> /Users/yashgupta/Desktop/kpmg/dashboard-nirf/backend/downloads/graphs/2024/University/IR-O-U-0379.jpg
✅ Downloaded: https://www.nirfindia.org/nirfpdfcdn/2024/graph/University/IR-O-U-0476.jpg -> /Users/yashgupta/Desktop/kpmg/dashboard-nirf/backend/downloads/graphs/2024/University/IR-O-U-0476.jpg
✅ Downloaded: https://www.nirfindia.org/nirfpdfcdn/2024/graph/University/IR-O-I-1480.jpg -> /Users/yashgupta/Desktop/kpmg/dashboard-nirf/backend/downloads/graphs/2024/University/IR-O-I-1480.jpg
✅ Downloaded: https://www.nirfindia.org/nirfpdfcdn/2024/graph/University/IR-O-U-0458.jpg -> /Users/yashgupta/Desktop/kpmg/dashboard-nirf/backend/downloads/graphs/2024/University/IR-O-U-0458.jpg
✅ Downloaded: https://www.nirfindia.org/nirfpdfcdn/2024/graph/University/IR-O-U-0329.jpg -> /Users/yashgupta/Desktop/kpmg/dashboard-nirf/backend/downloads/graphs/2024/University/IR-O-U-0329.jpg
✅ Downloaded: https://www.nirfindia.org/nirfpdfcdn/2024/graph/University/IR-O-U-0497.jpg -> /Users/yashgupta/Desktop/kpmg/dashboard-nirf/backend/downloads/graphs/2024/University/IR-O-U-0497.jpg
✅ Downloaded: https://www.nirfindia.org/nirfpdfcdn/2024/graph/University/IR-O-U-0498.jpg -> /Users/yashgupta/Desktop/kpmg/dashboard-nirf/backend/downloads/graphs/2024/University/IR-O-U-0498.jpg
✅ Downloaded: https://www.nirfindia.org/nirfpdfcdn/2024/graph/University/IR-O-U-0253.jpg -> /Users/yashgupta/Desktop/kpmg/dashboard-nirf/backend/downloads/graphs/2024/University/IR-O-U-0253.jpg
✅ Downloaded: https://www.nirfindia.org/nirfpdfcdn/2024/graph/University/IR-O-U-0308.jpg -> /Users/yashgupta/Desktop/kpmg/dashboard-nirf/backend/downloads/graphs/2024/University/IR-O-U-0308.jpg
✅ Downloaded: https://www.nirfindia.org/nirfpdfcdn/2024/graph/University/IR-O-U-0448.jpg -> /Users/yashgupta/Desktop/kpmg/dashboard-nirf/backend/downloads/graphs/2024/University/IR-O-U-0448.jpg
✅ Downloaded: https://www.nirfindia.org/nirfpdfcdn/2024/graph/University/IR-O-U-0262.jpg -> /Users/yashgupta/Desktop/kpmg/dashboard-nirf/backend/downloads/graphs/2024/University/IR-O-U-0262.jpg
✅ Downloaded: https://www.nirfindia.org/nirfpdfcdn/2024/graph/University/IR-O-U-0078.jpg -> /Users/yashgupta/Desktop/kpmg/dashboard-nirf/backend/downloads/graphs/2024/University/IR-O-U-0078.jpg
✅ Downloaded: https://www.nirfindia.org/nirfpdfcdn/2024/graph/University/IR-O-I-1357.jpg -> /Users/yashgupta/Desktop/kpmg/dashboard-nirf/backend/downloads/graphs/2024/University/IR-O-I-1357.jpg
✅ Downloaded: https://www.nirfindia.org/nirfpdfcdn/2024/graph/University/IR-O-U-0052.jpg -> /Users/yashgupta/Desktop/kpmg/dashboard-nirf/backend/downloads/graphs/2024/University/IR-O-U-0052.jpg
✅ Downloaded: https://www.nirfindia.org/nirfpdfcdn/2024/graph/University/IR-O-U-0107.jpg -> /Users/yashgupta/Desktop/kpmg/dashboard-nirf/backend/downloads/graphs/2024/University/IR-O-U-0107.jpg
✅ Downloaded: https://www.nirfindia.org/nirfpdfcdn/2024/graph/University/IR-O-U-0295.jpg -> /Users/yashgupta/Desktop/kpmg/dashboard-nirf/backend/downloads/graphs/2024/University/IR-O-U-0295.jpg
✅ Downloaded: https://www.nirfindia.org/nirfpdfcdn/2024/graph/University/IR-O-U-0027.jpg -> /Users/yashgupta/Desktop/kpmg/dashboard-nirf/backend/downloads/graphs/2024/University/IR-O-U-0027.jpg
✅ Downloaded: https://www.nirfindia.org/nirfpdfcdn/2024/graph/University/IR-O-I-1110.jpg -> /Users/yashgupta/Desktop/kpmg/dashboard-nirf/backend/downloads/graphs/2024/University/IR-O-I-1110.jpg
✅ Downloaded: https://www.nirfindia.org/nirfpdfcdn/2024/graph/University/IR-O-U-0196.jpg -> /Users/yashgupta/Desktop/kpmg/dashboard-nirf/backend/downloads/graphs/2024/University/IR-O-U-0196.jpg
✅ Downloaded: https://www.nirfindia.org/nirfpdfcdn/2024/graph/University/IR-O-U-0564.jpg -> /Users/yashgupta/Desktop/kpmg/dashboard-nirf/backend/downloads/graphs/2024/University/IR-O-U-0564.jpg
✅ Downloaded: https://www.nirfindia.org/nirfpdfcdn/2024/graph/University/IR-O-U-0435.jpg -> /Users/yashgupta/Desktop/kpmg/dashboard-nirf/backend/downloads/graphs/2024/University/IR-O-U-0435.jpg
✅ Downloaded: https://www.nirfindia.org/nirfpdfcdn/2024/graph/University/IR-O-U-0098.jpg -> /Users/yashgupta/Desktop/kpmg/dashboard-nirf/backend/downloads/graphs/2024/University/IR-O-U-0098.jpg
✅ Downloaded: https://www.nirfindia.org/nirfpdfcdn/2024/graph/University/IR-O-N-10.jpg -> /Users/yashgupta/Desktop/kpmg/dashboard-nirf/backend/downloads/graphs/2024/University/IR-O-N-10.jpg
✅ Downloaded: https://www.nirfindia.org/nirfpdfcdn/2024/graph/University/IR-O-U-0195.jpg -> /Users/yashgupta/Desktop/kpmg/dashboard-nirf/backend/downloads/graphs/2024/University/IR-O-U-0195.jpg
✅ Downloaded: https://www.nirfindia.org/nirfpdfcdn/2024/graph/University/IR-O-U-0474.jpg -> /Users/yashgupta/Desktop/kpmg/dashboard-nirf/backend/downloads/graphs/2024/University/IR-O-U-0474.jpg
✅ Downloaded: https://www.nirfindia.org/nirfpdfcdn/2024/graph/University/IR-O-U-0555.jpg -> /Users/yashgupta/Desktop/kpmg/dashboard-nirf/backend/downloads/graphs/2024/University/IR-O-U-0555.jpg
✅ Downloaded: https://www.nirfindia.org/nirfpdfcdn/2024/graph/University/IR-O-U-0523.jpg -> /Users/yashgupta/Desktop/kpmg/dashboard-nirf/backend/downloads/graphs/2024/University/IR-O-U-0523.jpg
✅ Downloaded: https://www.nirfindia.org/nirfpdfcdn/2024/graph/University/IR-O-U-0235.jpg -> /Users/yashgupta/Desktop/kpmg/dashboard-nirf/backend/downloads/graphs/2024/University/IR-O-U-0235.jpg
✅ Downloaded: https://www.nirfindia.org/nirfpdfcdn/2024/graph/University/IR-O-I-1486.jpg -> /Users/yashgupta/Desktop/kpmg/dashboard-nirf/backend/downloads/graphs/2024/University/IR-O-I-1486.jpg
✅ Downloaded: https://www.nirfindia.org/nirfpdfcdn/2024/graph/University/IR-O-U-0470.jpg -> /Users/yashgupta/Desktop/kpmg/dashboard-nirf/backend/downloads/graphs/2024/University/IR-O-U-0470.jpg
✅ Downloaded: https://www.nirfindia.org/nirfpdfcdn/2024/graph/University/IR-O-U-0381.jpg -> /Users/yashgupta/Desktop/kpmg/dashboard-nirf/backend/downloads/graphs/2024/University/IR-O-U-0381.jpg
✅ Downloaded: https://www.nirfindia.org/nirfpdfcdn/2024/graph/University/IR-O-U-0331.jpg -> /Users/yashgupta/Desktop/kpmg/dashboard-nirf/backend/downloads/graphs/2024/University/IR-O-U-0331.jpg
✅ Downloaded: https://www.nirfindia.org/nirfpdfcdn/2024/graph/University/IR-O-U-0003.jpg -> /Users/yashgupta/Desktop/kpmg/dashboard-nirf/backend/downloads/graphs/2024/University/IR-O-U-0003.jpg
✅ Downloaded: https://www.nirfindia.org/nirfpdfcdn/2024/graph/University/IR-O-U-0217.jpg -> /Users/yashgupta/Desktop/kpmg/dashboard-nirf/backend/downloads/graphs/2024/University/IR-O-U-0217.jpg
✅ Downloaded: https://www.nirfindia.org/nirfpdfcdn/2024/graph/University/IR-O-U-0318.jpg -> /Users/yashgupta/Desktop/kpmg/dashboard-nirf/backend/downloads/graphs/2024/University/IR-O-U-0318.jpg
✅ Downloaded: https://www.nirfindia.org/nirfpdfcdn/2024/graph/University/IR-O-U-0642.jpg -> /Users/yashgupta/Desktop/kpmg/dashboard-nirf/backend/downloads/graphs/2024/University/IR-O-U-0642.jpg
✅ Downloaded: https://www.nirfindia.org/nirfpdfcdn/2024/graph/University/IR-O-U-0463.jpg -> /Users/yashgupta/Desktop/kpmg/dashboard-nirf/backend/downloads/graphs/2024/University/IR-O-U-0463.jpg
✅ Downloaded: https://www.nirfindia.org/nirfpdfcdn/2024/graph/University/IR-O-U-0749.jpg -> /Users/yashgupta/Desktop/kpmg/dashboard-nirf/backend/downloads/graphs/2024/University/IR-O-U-0749.jpg
✅ Downloaded: https://www.nirfindia.org/nirfpdfcdn/2024/graph/University/IR-O-U-0223.jpg -> /Users/yashgupta/Desktop/kpmg/dashboard-nirf/backend/downloads/graphs/2024/University/IR-O-U-0223.jpg
✅ Downloaded: https://www.nirfindia.org/nirfpdfcdn/2024/graph/University/IR-O-U-0239.jpg -> /Users/yashgupta/Desktop/kpmg/dashboard-nirf/backend/downloads/graphs/2024/University/IR-O-U-0239.jpg
✅ Downloaded: https://www.nirfindia.org/nirfpdfcdn/2024/graph/University/IR-O-U-0389.jpg -> /Users/yashgupta/Desktop/kpmg/dashboard-nirf/backend/downloads/graphs/2024/University/IR-O-U-0389.jpg
✅ Downloaded: https://www.nirfindia.org/nirfpdfcdn/2024/graph/University/IR-O-U-0370.jpg -> /Users/yashgupta/Desktop/kpmg/dashboard-nirf/backend/downloads/graphs/2024/University/IR-O-U-0370.jpg
✅ Downloaded: https://www.nirfindia.org/nirfpdfcdn/2024/graph/University/IR-O-U-0056.jpg -> /Users/yashgupta/Desktop/kpmg/dashboard-nirf/backend/downloads/graphs/2024/University/IR-O-U-0056.jpg
✅ Downloaded: https://www.nirfindia.org/nirfpdfcdn/2024/graph/University/IR-O-U-0190.jpg -> /Users/yashgupta/Desktop/kpmg/dashboard-nirf/backend/downloads/graphs/2024/University/IR-O-U-0190.jpg
✅ Downloaded: https://www.nirfindia.org/nirfpdfcdn/2024/graph/University/IR-O-U-0168.jpg -> /Users/yashgupta/Desktop/kpmg/dashboard-nirf/backend/downloads/graphs/2024/University/IR-O-U-0168.jpg
✅ Downloaded: https://www.nirfindia.org/nirfpdfcdn/2024/graph/University/IR-O-U-0043.jpg -> /Users/yashgupta/Desktop/kpmg/dashboard-nirf/backend/downloads/graphs/2024/University/IR-O-U-0043.jpg
✅ Downloaded: https://www.nirfindia.org/nirfpdfcdn/2024/graph/University/IR-O-U-0446.jpg -> /Users/yashgupta/Desktop/kpmg/dashboard-nirf/backend/downloads/graphs/2024/University/IR-O-U-0446.jpg
✅ Downloaded: https://www.nirfindia.org/nirfpdfcdn/2024/graph/University/IR-O-U-0014.jpg -> /Users/yashgupta/Desktop/kpmg/dashboard-nirf/backend/downloads/graphs/2024/University/IR-O-U-0014.jpg
✅ Downloaded: https://www.nirfindia.org/nirfpdfcdn/2024/graph/University/IR-O-U-0249.jpg -> /Users/yashgupta/Desktop/kpmg/dashboard-nirf/backend/downloads/graphs/2024/University/IR-O-U-0249.jpg
✅ Downloaded: https://www.nirfindia.org/nirfpdfcdn/2024/graph/University/IR-O-U-0136.jpg -> /Users/yashgupta/Desktop/kpmg/dashboard-nirf/backend/downloads/graphs/2024/University/IR-O-U-0136.jpg
✅ Downloaded: https://www.nirfindia.org/nirfpdfcdn/2024/graph/University/IR-O-U-0345.jpg -> /Users/yashgupta/Desktop/kpmg/dashboard-nirf/backend/downloads/graphs/2024/University/IR-O-U-0345.jpg
✅ Downloaded: https://www.nirfindia.org/nirfpdfcdn/2024/graph/University/IR-O-I-1361.jpg -> /Users/yashgupta/Desktop/kpmg/dashboard-nirf/backend/downloads/graphs/2024/University/IR-O-I-1361.jpg
✅ Downloaded: https://www.nirfindia.org/nirfpdfcdn/2024/graph/University/IR-O-U-0451.jpg -> /Users/yashgupta/Desktop/kpmg/dashboard-nirf/backend/downloads/graphs/2024/University/IR-O-U-0451.jpg
✅ Downloaded: https://www.nirfindia.org/nirfpdfcdn/2024/graph/University/IR-O-U-0099.jpg -> /Users/yashgupta/Desktop/kpmg/dashboard-nirf/backend/downloads/graphs/2024/University/IR-O-U-0099.jpg
✅ Downloaded: https://www.nirfindia.org/nirfpdfcdn/2024/graph/University/IR-O-U-0215.jpg -> /Users/yashgupta/Desktop/kpmg/dashboard-nirf/backend/downloads/graphs/2024/University/IR-O-U-0215.jpg
✅ Downloaded: https://www.nirfindia.org/nirfpdfcdn/2024/graph/University/IR-O-U-0202.jpg -> /Users/yashgupta/Desktop/kpmg/dashboard-nirf/backend/downloads/graphs/2024/University/IR-O-U-0202.jpg
✅ Downloaded: https://www.nirfindia.org/nirfpdfcdn/2024/graph/University/IR-O-U-0372.jpg -> /Users/yashgupta/Desktop/kpmg/dashboard-nirf/backend/downloads/graphs/2024/University/IR-O-U-0372.jpg
✅ Downloaded: https://www.nirfindia.org/nirfpdfcdn/2024/graph/University/IR-O-U-0485.jpg -> /Users/yashgupta/Desktop/kpmg/dashboard-nirf/backend/downloads/graphs/2024/University/IR-O-U-0485.jpg
✅ Downloaded: https://www.nirfindia.org/nirfpdfcdn/2024/graph/University/IR-O-U-0384.jpg -> /Users/yashgupta/Desktop/kpmg/dashboard-nirf/backend/downloads/graphs/2024/University/IR-O-U-0384.jpg
✅ Downloaded: https://www.nirfindia.org/nirfpdfcdn/2024/graph/University/IR-O-U-0541.jpg -> /Users/yashgupta/Desktop/kpmg/dashboard-nirf/backend/downloads/graphs/2024/University/IR-O-U-0541.jpg
✅ Downloaded: https://www.nirfindia.org/nirfpdfcdn/2024/graph/University/IR-O-U-0037.jpg -> /Users/yashgupta/Desktop/kpmg/dashboard-nirf/backend/downloads/graphs/2024/University/IR-O-U-0037.jpg
✅ Downloaded: https://www.nirfindia.org/nirfpdfcdn/2024/graph/University/IR-O-U-0554.jpg -> /Users/yashgupta/Desktop/kpmg/dashboard-nirf/backend/downloads/graphs/2024/University/IR-O-U-0554.jpg
✅ Downloaded: https://www.nirfindia.org/nirfpdfcdn/2024/graph/University/IR-O-U-0251.jpg -> /Users/yashgupta/Desktop/kpmg/dashboard-nirf/backend/downloads/graphs/2024/University/IR-O-U-0251.jpg
✅ Downloaded: https://www.nirfindia.org/nirfpdfcdn/2024/graph/University/IR-O-U-0248.jpg -> /Users/yashgupta/Desktop/kpmg/dashboard-nirf/backend/downloads/graphs/2024/University/IR-O-U-0248.jpg
✅ Downloaded: https://www.nirfindia.org/nirfpdfcdn/2024/graph/University/IR-O-U-0373.jpg -> /Users/yashgupta/Desktop/kpmg/dashboard-nirf/backend/downloads/graphs/2024/University/IR-O-U-0373.jpg
✅ Downloaded: https://www.nirfindia.org/nirfpdfcdn/2024/graph/University/IR-O-U-0169.jpg -> /Users/yashgupta/Desktop/kpmg/dashboard-nirf/backend/downloads/graphs/2024/University/IR-O-U-0169.jpg
✅ Downloaded: https://www.nirfindia.org/nirfpdfcdn/2024/graph/University/IR-O-U-0464.jpg -> /Users/yashgupta/Desktop/kpmg/dashboard-nirf/backend/downloads/graphs/2024/University/IR-O-U-0464.jpg
✅ Downloaded: https://www.nirfindia.org/nirfpdfcdn/2024/graph/University/IR-O-U-0739.jpg -> /Users/yashgupta/Desktop/kpmg/dashboard-nirf/backend/downloads/graphs/2024/University/IR-O-U-0739.jpg
✅ Downloaded: https://www.nirfindia.org/nirfpdfcdn/2024/graph/University/IR-O-U-0250.jpg -> /Users/yashgupta/Desktop/kpmg/dashboard-nirf/backend/downloads/graphs/2024/University/IR-O-U-0250.jpg
✅ Downloaded: https://www.nirfindia.org/nirfpdfcdn/2024/graph/University/IR-O-U-0489.jpg -> /Users/yashgupta/Desktop/kpmg/dashboard-nirf/backend/downloads/graphs/2024/University/IR-O-U-0489.jpg
✅ Downloaded: https://www.nirfindia.org/nirfpdfcdn/2024/graph/University/IR-O-U-0524.jpg -> /Users/yashgupta/Desktop/kpmg/dashboard-nirf/backend/downloads/graphs/2024/University/IR-O-U-0524.jpg
✅ Downloaded: https://www.nirfindia.org/nirfpdfcdn/2024/graph/University/IR-O-U-0444.jpg -> /Users/yashgupta/Desktop/kpmg/dashboard-nirf/backend/downloads/graphs/2024/University/IR-O-U-0444.jpg
✅ Downloaded: https://www.nirfindia.org/nirfpdfcdn/2024/graph/University/IR-O-U-0449.jpg -> /Users/yashgupta/Desktop/kpmg/dashboard-nirf/backend/downloads/graphs/2024/University/IR-O-U-0449.jpg
✅ Downloaded: https://www.nirfindia.org/nirfpdfcdn/2024/graph/University/IR-O-C-6379.jpg -> /Users/yashgupta/Desktop/kpmg/dashboard-nirf/backend/downloads/graphs/2024/University/IR-O-C-6379.jpg
✅ Downloaded: https://www.nirfindia.org/nirfpdfcdn/2024/graph/University/IR-O-U-0220.jpg -> /Users/yashgupta/Desktop/kpmg/dashboard-nirf/backend/downloads/graphs/2024/University/IR-O-U-0220.jpg
✅ Downloaded: https://www.nirfindia.org/nirfpdfcdn/2024/graph/University/IR-O-U-0108.jpg -> /Users/yashgupta/Desktop/kpmg/dashboard-nirf/backend/downloads/graphs/2024/University/IR-O-U-0108.jpg
✅ Downloaded: https://www.nirfindia.org/nirfpdfcdn/2024/graph/University/IR-O-U-0109.jpg -> /Users/yashgupta/Desktop/kpmg/dashboard-nirf/backend/downloads/graphs/2024/University/IR-O-U-0109.jpg
✅ Downloaded: https://www.nirfindia.org/nirfpdfcdn/2024/graph/University/IR-O-U-0234.jpg -> /Users/yashgupta/Desktop/kpmg/dashboard-nirf/backend/downloads/graphs/2024/University/IR-O-U-0234.jpg
✅ Downloaded: https://www.nirfindia.org/nirfpdfcdn/2024/graph/University/IR-O-U-0500.jpg -> /Users/yashgupta/Desktop/kpmg/dashboard-nirf/backend/downloads/graphs/2024/University/IR-O-U-0500.jpg
✅ Downloaded: https://www.nirfindia.org/nirfpdfcdn/2024/graph/University/IR-O-U-0120.jpg -> /Users/yashgupta/Desktop/kpmg/dashboard-nirf/backend/downloads/graphs/2024/University/IR-O-U-0120.jpg
✅ Downloaded: https://www.nirfindia.org/nirfpdfcdn/2024/graph/University/IR-O-U-0436.jpg -> /Users/yashgupta/Desktop/kpmg/dashboard-nirf/backend/downloads/graphs/2024/University/IR-O-U-0436.jpg
✅ Downloaded: https://www.nirfindia.org/nirfpdfcdn/2024/graph/University/IR-O-U-0496.jpg -> /Users/yashgupta/Desktop/kpmg/dashboard-nirf/backend/downloads/graphs/2024/University/IR-O-U-0496.jpg
✅ Downloaded: https://www.nirfindia.org/nirfpdfcdn/2024/graph/University/IR-O-U-0575.jpg -> /Users/yashgupta/Desktop/kpmg/dashboard-nirf/backend/downloads/graphs/2024/University/IR-O-U-0575.jpg
✅ Downloaded: https://www.nirfindia.org/nirfpdfcdn/2024/graph/University/IR-O-U-0490.jpg -> /Users/yashgupta/Desktop/kpmg/dashboard-nirf/backend/downloads/graphs/2024/University/IR-O-U-0490.jpg
✅ Downloaded: https://www.nirfindia.org/nirfpdfcdn/2024/graph/University/IR-O-I-1441.jpg -> /Users/yashgupta/Desktop/kpmg/dashboard-nirf/backend/downloads/graphs/2024/University/IR-O-I-1441.jpg
✅ Downloaded: https://www.nirfindia.org/nirfpdfcdn/2024/graph/University/IR-O-U-0473.jpg -> /Users/yashgupta/Desktop/kpmg/dashboard-nirf/backend/downloads/graphs/2024/University/IR-O-U-0473.jpg
✅ Downloaded: https://www.nirfindia.org/nirfpdfcdn/2024/graph/University/IR-O-U-0439.jpg -> /Users/yashgupta/Desktop/kpmg/dashboard-nirf/backend/downloads/graphs/2024/University/IR-O-U-0439.jpg
✅ Downloaded: https://www.nirfindia.org/nirfpdfcdn/2024/graph/University/IR-O-U-0363.jpg -> /Users/yashgupta/Desktop/kpmg/dashboard-nirf/backend/downloads/graphs/2024/University/IR-O-U-0363.jpg
✅ Downloaded: https://www.nirfindia.org/nirfpdfcdn/2024/graph/University/IR-O-U-0356.jpg -> /Users/yashgupta/Desktop/kpmg/dashboard-nirf/backend/downloads/graphs/2024/University/IR-O-U-0356.jpg
✅ Downloaded: https://www.nirfindia.org/nirfpdfcdn/2024/graph/University/IR-O-U-0304.jpg -> /Users/yashgupta/Desktop/kpmg/dashboard-nirf/backend/downloads/graphs/2024/University/IR-O-U-0304.jpg
✅ Downloaded: https://www.nirfindia.org/nirfpdfcdn/2024/graph/University/IR-O-U-0042.jpg -> /Users/yashgupta/Desktop/kpmg/dashboard-nirf/backend/downloads/graphs/2024/University/IR-O-U-0042.jpg
✅ Downloaded: https://www.nirfindia.org/nirfpdfcdn/2024/graph/University/IR-O-U-0570.jpg -> /Users/yashgupta/Desktop/kpmg/dashboard-nirf/backend/downloads/graphs/2024/University/IR-O-U-0570.jpg
✅ Downloaded: https://www.nirfindia.org/nirfpdfcdn/2024/graph/University/IR-O-U-0391.jpg -> /Users/yashgupta/Desktop/kpmg/dashboard-nirf/backend/downloads/graphs/2024/University/IR-O-U-0391.jpg
✅ Downloaded: https://www.nirfindia.org/nirfpdfcdn/2024/graph/University/IR-O-U-0747.jpg -> /Users/yashgupta/Desktop/kpmg/dashboard-nirf/backend/downloads/graphs/2024/University/IR-O-U-0747.jpg
✅ Downloaded: https://www.nirfindia.org/nirfpdfcdn/2024/graph/University/IR-O-U-0260.jpg -> /Users/yashgupta/Desktop/kpmg/dashboard-nirf/backend/downloads/graphs/2024/University/IR-O-U-0260.jpg
✅ Downloaded: https://www.nirfindia.org/nirfpdfcdn/2024/graph/University/IR-O-U-0020.jpg -> /Users/yashgupta/Desktop/kpmg/dashboard-nirf/backend/downloads/graphs/2024/University/IR-O-U-0020.jpg
✅ Downloaded: https://www.nirfindia.org/nirfpdfcdn/2024/graph/University/IR-O-U-0323.jpg -> /Users/yashgupta/Desktop/kpmg/dashboard-nirf/backend/downloads/graphs/2024/University/IR-O-U-0323.jpg
✅ Downloaded: https://www.nirfindia.org/nirfpdfcdn/2024/graph/University/IR-O-U-0222.jpg -> /Users/yashgupta/Desktop/kpmg/dashboard-nirf/backend/downloads/graphs/2024/University/IR-O-U-0222.jpg
✅ Downloaded: https://www.nirfindia.org/nirfpdfcdn/2024/graph/University/IR-O-U-0006.jpg -> /Users/yashgupta/Desktop/kpmg/dashboard-nirf/backend/downloads/graphs/2024/University/IR-O-U-0006.jpg
✅ Downloaded: https://www.nirfindia.org/nirfpdfcdn/2024/graph/University/IR-O-U-0447.jpg -> /Users/yashgupta/Desktop/kpmg/dashboard-nirf/backend/downloads/graphs/2024/University/IR-O-U-0447.jpg
✅ Downloaded: https://www.nirfindia.org/nirfpdfcdn/2024/graph/University/IR-O-U-0379.jpg -> /Users/yashgupta/Desktop/kpmg/dashboard-nirf/backend/downloads/graphs/2024/University/IR-O-U-0379.jpg
✅ Downloaded: https://www.nirfindia.org/nirfpdfcdn/2024/graph/University/IR-O-U-0476.jpg -> /Users/yashgupta/Desktop/kpmg/dashboard-nirf/backend/downloads/graphs/2024/University/IR-O-U-0476.jpg
✅ Downloaded: https://www.nirfindia.org/nirfpdfcdn/2024/graph/University/IR-O-I-1480.jpg -> /Users/yashgupta/Desktop/kpmg/dashboard-nirf/backend/downloads/graphs/2024/University/IR-O-I-1480.jpg
✅ Downloaded: https://www.nirfindia.org/nirfpdfcdn/2024/graph/University/IR-O-U-0458.jpg -> /Users/yashgupta/Desktop/kpmg/dashboard-nirf/backend/downloads/graphs/2024/University/IR-O-U-0458.jpg
✅ Downloaded: https://www.nirfindia.org/nirfpdfcdn/2024/graph/University/IR-O-U-0329.jpg -> /Users/yashgupta/Desktop/kpmg/dashboard-nirf/backend/downloads/graphs/2024/University/IR-O-U-0329.jpg
✅ Downloaded: https://www.nirfindia.org/nirfpdfcdn/2024/graph/University/IR-O-U-0497.jpg -> /Users/yashgupta/Desktop/kpmg/dashboard-nirf/backend/downloads/graphs/2024/University/IR-O-U-0497.jpg
✅ Downloaded: https://www.nirfindia.org/nirfpdfcdn/2024/graph/University/IR-O-U-0498.jpg -> /Users/yashgupta/Desktop/kpmg/dashboard-nirf/backend/downloads/graphs/2024/University/IR-O-U-0498.jpg
✅ Downloaded: https://www.nirfindia.org/nirfpdfcdn/2024/graph/University/IR-O-U-0253.jpg -> /Users/yashgupta/Desktop/kpmg/dashboard-nirf/backend/downloads/graphs/2024/University/IR-O-U-0253.jpg
✅ Downloaded: https://www.nirfindia.org/nirfpdfcdn/2024/graph/University/IR-O-U-0308.jpg -> /Users/yashgupta/Desktop/kpmg/dashboard-nirf/backend/downloads/graphs/2024/University/IR-O-U-0308.jpg
✅ Downloaded: https://www.nirfindia.org/nirfpdfcdn/2024/graph/University/IR-O-U-0448.jpg -> /Users/yashgupta/Desktop/kpmg/dashboard-nirf/backend/downloads/graphs/2024/University/IR-O-U-0448.jpg
✅ Downloaded: https://www.nirfindia.org/nirfpdfcdn/2024/graph/University/IR-O-U-0262.jpg -> /Users/yashgupta/Desktop/kpmg/dashboard-nirf/backend/downloads/graphs/2024/University/IR-O-U-0262.jpg
✅ Downloaded: https://www.nirfindia.org/nirfpdfcdn/2024/graph/University/IR-O-U-0078.jpg -> /Users/yashgupta/Desktop/kpmg/dashboard-nirf/backend/downloads/graphs/2024/University/IR-O-U-0078.jpg
✅ Downloaded: https://www.nirfindia.org/nirfpdfcdn/2024/graph/University/IR-O-I-1357.jpg -> /Users/yashgupta/Desktop/kpmg/dashboard-nirf/backend/downloads/graphs/2024/University/IR-O-I-1357.jpg
✅ Downloaded: https://www.nirfindia.org/nirfpdfcdn/2024/graph/University/IR-O-U-0052.jpg -> /Users/yashgupta/Desktop/kpmg/dashboard-nirf/backend/downloads/graphs/2024/University/IR-O-U-0052.jpg
✅ Downloaded: https://www.nirfindia.org/nirfpdfcdn/2024/graph/University/IR-O-U-0295.jpg -> /Users/yashgupta/Desktop/kpmg/dashboard-nirf/backend/downloads/graphs/2024/University/IR-O-U-0295.jpg
✅ Downloaded: https://www.nirfindia.org/nirfpdfcdn/2024/graph/University/IR-O-U-0107.jpg -> /Users/yashgupta/Desktop/kpmg/dashboard-nirf/backend/downloads/graphs/2024/University/IR-O-U-0107.jpg
✅ Downloaded: https://www.nirfindia.org/nirfpdfcdn/2024/graph/University/IR-O-U-0027.jpg -> /Users/yashgupta/Desktop/kpmg/dashboard-nirf/backend/downloads/graphs/2024/University/IR-O-U-0027.jpg
✅ Downloaded: https://www.nirfindia.org/nirfpdfcdn/2024/graph/University/IR-O-I-1110.jpg -> /Users/yashgupta/Desktop/kpmg/dashboard-nirf/backend/downloads/graphs/2024/University/IR-O-I-1110.jpg
✅ Downloaded: https://www.nirfindia.org/nirfpdfcdn/2024/graph/University/IR-O-U-0196.jpg -> /Users/yashgupta/Desktop/kpmg/dashboard-nirf/backend/downloads/graphs/2024/University/IR-O-U-0196.jpg
✅ Downloaded: https://www.nirfindia.org/nirfpdfcdn/2024/graph/University/IR-O-U-0564.jpg -> /Users/yashgupta/Desktop/kpmg/dashboard-nirf/backend/downloads/graphs/2024/University/IR-O-U-0564.jpg
✅ Downloaded: https://www.nirfindia.org/nirfpdfcdn/2024/graph/University/IR-O-U-0435.jpg -> /Users/yashgupta/Desktop/kpmg/dashboard-nirf/backend/downloads/graphs/2024/University/IR-O-U-0435.jpg
✅ Downloaded: https://www.nirfindia.org/nirfpdfcdn/2024/graph/University/IR-O-U-0098.jpg -> /Users/yashgupta/Desktop/kpmg/dashboard-nirf/backend/downloads/graphs/2024/University/IR-O-U-0098.jpg
✅ Downloaded: https://www.nirfindia.org/nirfpdfcdn/2024/graph/University/IR-O-N-10.jpg -> /Users/yashgupta/Desktop/kpmg/dashboard-nirf/backend/downloads/graphs/2024/University/IR-O-N-10.jpg
✅ Downloaded: https://www.nirfindia.org/nirfpdfcdn/2024/graph/University/IR-O-U-0195.jpg -> /Users/yashgupta/Desktop/kpmg/dashboard-nirf/backend/downloads/graphs/2024/University/IR-O-U-0195.jpg
✅ Downloaded: https://www.nirfindia.org/nirfpdfcdn/2024/graph/University/IR-O-U-0474.jpg -> /Users/yashgupta/Desktop/kpmg/dashboard-nirf/backend/downloads/graphs/2024/University/IR-O-U-0474.jpg
✅ Downloaded: https://www.nirfindia.org/nirfpdfcdn/2024/graph/University/IR-O-U-0555.jpg -> /Users/yashgupta/Desktop/kpmg/dashboard-nirf/backend/downloads/graphs/2024/University/IR-O-U-0555.jpg
✅ Downloaded: https://www.nirfindia.org/nirfpdfcdn/2024/graph/University/IR-O-U-0523.jpg -> /Users/yashgupta/Desktop/kpmg/dashboard-nirf/backend/downloads/graphs/2024/University/IR-O-U-0523.jpg
✅ Downloaded: https://www.nirfindia.org/nirfpdfcdn/2024/graph/University/IR-O-U-0235.jpg -> /Users/yashgupta/Desktop/kpmg/dashboard-nirf/backend/downloads/graphs/2024/University/IR-O-U-0235.jpg
✅ Downloaded: https://www.nirfindia.org/nirfpdfcdn/2024/graph/University/IR-O-I-1486.jpg -> /Users/yashgupta/Desktop/kpmg/dashboard-nirf/backend/downloads/graphs/2024/University/IR-O-I-1486.jpg
✅ Downloaded: https://www.nirfindia.org/nirfpdfcdn/2024/graph/University/IR-O-U-0470.jpg -> /Users/yashgupta/Desktop/kpmg/dashboard-nirf/backend/downloads/graphs/2024/University/IR-O-U-0470.jpg
✅ Downloaded: https://www.nirfindia.org/nirfpdfcdn/2024/graph/University/IR-O-U-0381.jpg -> /Users/yashgupta/Desktop/kpmg/dashboard-nirf/backend/downloads/graphs/2024/University/IR-O-U-0381.jpg
✅ Downloaded: https://www.nirfindia.org/nirfpdfcdn/2024/graph/University/IR-O-U-0331.jpg -> /Users/yashgupta/Desktop/kpmg/dashboard-nirf/backend/downloads/graphs/2024/University/IR-O-U-0331.jpg
✅ Downloaded: https://www.nirfindia.org/nirfpdfcdn/2024/graph/University/IR-O-U-0003.jpg -> /Users/yashgupta/Desktop/kpmg/dashboard-nirf/backend/downloads/graphs/2024/University/IR-O-U-0003.jpg
✅ Downloaded: https://www.nirfindia.org/nirfpdfcdn/2024/graph/University/IR-O-U-0217.jpg -> /Users/yashgupta/Desktop/kpmg/dashboard-nirf/backend/downloads/graphs/2024/University/IR-O-U-0217.jpg
✅ Downloaded: https://www.nirfindia.org/nirfpdfcdn/2024/graph/University/IR-O-U-0318.jpg -> /Users/yashgupta/Desktop/kpmg/dashboard-nirf/backend/downloads/graphs/2024/University/IR-O-U-0318.jpg
✅ Downloaded: https://www.nirfindia.org/nirfpdfcdn/2024/graph/University/IR-O-U-0642.jpg -> /Users/yashgupta/Desktop/kpmg/dashboard-nirf/backend/downloads/graphs/2024/University/IR-O-U-0642.jpg
✅ Downloaded: https://www.nirfindia.org/nirfpdfcdn/2024/graph/University/IR-O-U-0463.jpg -> /Users/yashgupta/Desktop/kpmg/dashboard-nirf/backend/downloads/graphs/2024/University/IR-O-U-0463.jpg
✅ Downloaded: https://www.nirfindia.org/nirfpdfcdn/2024/graph/University/IR-O-U-0749.jpg -> /Users/yashgupta/Desktop/kpmg/dashboard-nirf/backend/downloads/graphs/2024/University/IR-O-U-0749.jpg
✅ Downloaded: https://www.nirfindia.org/nirfpdfcdn/2024/graph/University/IR-O-U-0223.jpg -> /Users/yashgupta/Desktop/kpmg/dashboard-nirf/backend/downloads/graphs/2024/University/IR-O-U-0223.jpg
✅ Downloaded: https://www.nirfindia.org/nirfpdfcdn/2024/graph/University/IR-O-U-0239.jpg -> /Users/yashgupta/Desktop/kpmg/dashboard-nirf/backend/downloads/graphs/2024/University/IR-O-U-0239.jpg
✅ Downloaded: https://www.nirfindia.org/nirfpdfcdn/2024/graph/University/IR-O-U-0389.jpg -> /Users/yashgupta/Desktop/kpmg/dashboard-nirf/backend/downloads/graphs/2024/University/IR-O-U-0389.jpg
✅ Downloaded: https://www.nirfindia.org/nirfpdfcdn/2024/graph/University/IR-O-U-0370.jpg -> /Users/yashgupta/Desktop/kpmg/dashboard-nirf/backend/downloads/graphs/2024/University/IR-O-U-0370.jpg
✅ Downloaded: https://www.nirfindia.org/nirfpdfcdn/2024/graph/University/IR-O-U-0056.jpg -> /Users/yashgupta/Desktop/kpmg/dashboard-nirf/backend/downloads/graphs/2024/University/IR-O-U-0056.jpg
✅ Downloaded: https://www.nirfindia.org/nirfpdfcdn/2024/graph/University/IR-O-U-0190.jpg -> /Users/yashgupta/Desktop/kpmg/dashboard-nirf/backend/downloads/graphs/2024/University/IR-O-U-0190.jpg
✅ Downloaded: https://www.nirfindia.org/nirfpdfcdn/2024/graph/University/IR-O-U-0168.jpg -> /Users/yashgupta/Desktop/kpmg/dashboard-nirf/backend/downloads/graphs/2024/University/IR-O-U-0168.jpg
✅ Downloaded: https://www.nirfindia.org/nirfpdfcdn/2024/graph/University/IR-O-U-0043.jpg -> /Users/yashgupta/Desktop/kpmg/dashboard-nirf/backend/downloads/graphs/2024/University/IR-O-U-0043.jpg
✅ Downloaded: https://www.nirfindia.org/nirfpdfcdn/2024/graph/University/IR-O-U-0446.jpg -> /Users/yashgupta/Desktop/kpmg/dashboard-nirf/backend/downloads/graphs/2024/University/IR-O-U-0446.jpg
✅ Downloaded: https://www.nirfindia.org/nirfpdfcdn/2024/graph/University/IR-O-U-0014.jpg -> /Users/yashgupta/Desktop/kpmg/dashboard-nirf/backend/downloads/graphs/2024/University/IR-O-U-0014.jpg
✅ Downloaded: https://www.nirfindia.org/nirfpdfcdn/2024/graph/University/IR-O-U-0249.jpg -> /Users/yashgupta/Desktop/kpmg/dashboard-nirf/backend/downloads/graphs/2024/University/IR-O-U-0249.jpg
✅ Downloaded: https://www.nirfindia.org/nirfpdfcdn/2024/graph/University/IR-O-U-0136.jpg -> /Users/yashgupta/Desktop/kpmg/dashboard-nirf/backend/downloads/graphs/2024/University/IR-O-U-0136.jpg
✅ Downloaded: https://www.nirfindia.org/nirfpdfcdn/2024/graph/University/IR-O-U-0345.jpg -> /Users/yashgupta/Desktop/kpmg/dashboard-nirf/backend/downloads/graphs/2024/University/IR-O-U-0345.jpg
✅ Downloaded: https://www.nirfindia.org/nirfpdfcdn/2024/graph/University/IR-O-I-1361.jpg -> /Users/yashgupta/Desktop/kpmg/dashboard-nirf/backend/downloads/graphs/2024/University/IR-O-I-1361.jpg
✅ Downloaded: https://www.nirfindia.org/nirfpdfcdn/2024/graph/University/IR-O-U-0451.jpg -> /Users/yashgupta/Desktop/kpmg/dashboard-nirf/backend/downloads/graphs/2024/University/IR-O-U-0451.jpg
✅ Downloaded: https://www.nirfindia.org/nirfpdfcdn/2024/graph/University/IR-O-U-0099.jpg -> /Users/yashgupta/Desktop/kpmg/dashboard-nirf/backend/downloads/graphs/2024/University/IR-O-U-0099.jpg
✅ Downloaded: https://www.nirfindia.org/nirfpdfcdn/2024/graph/University/IR-O-U-0215.jpg -> /Users/yashgupta/Desktop/kpmg/dashboard-nirf/backend/downloads/graphs/2024/University/IR-O-U-0215.jpg
✅ Downloaded: https://www.nirfindia.org/nirfpdfcdn/2024/graph/University/IR-O-U-0202.jpg -> /Users/yashgupta/Desktop/kpmg/dashboard-nirf/backend/downloads/graphs/2024/University/IR-O-U-0202.jpg
✅ Downloaded: https://www.nirfindia.org/nirfpdfcdn/2024/graph/University/IR-O-U-0372.jpg -> /Users/yashgupta/Desktop/kpmg/dashboard-nirf/backend/downloads/graphs/2024/University/IR-O-U-0372.jpg
✅ Downloaded: https://www.nirfindia.org/nirfpdfcdn/2024/graph/University/IR-O-U-0485.jpg -> /Users/yashgupta/Desktop/kpmg/dashboard-nirf/backend/downloads/graphs/2024/University/IR-O-U-0485.jpg
✅ Downloaded: https://www.nirfindia.org/nirfpdfcdn/2024/graph/University/IR-O-U-0384.jpg -> /Users/yashgupta/Desktop/kpmg/dashboard-nirf/backend/downloads/graphs/2024/University/IR-O-U-0384.jpg
✅ Downloaded: https://www.nirfindia.org/nirfpdfcdn/2024/graph/University/IR-O-U-0541.jpg -> /Users/yashgupta/Desktop/kpmg/dashboard-nirf/backend/downloads/graphs/2024/University/IR-O-U-0541.jpg
✅ Downloaded: https://www.nirfindia.org/nirfpdfcdn/2024/graph/University/IR-O-U-0037.jpg -> /Users/yashgupta/Desktop/kpmg/dashboard-nirf/backend/downloads/graphs/2024/University/IR-O-U-0037.jpg
✅ Downloaded: https://www.nirfindia.org/nirfpdfcdn/2024/graph/University/IR-O-U-0251.jpg -> /Users/yashgupta/Desktop/kpmg/dashboard-nirf/backend/downloads/graphs/2024/University/IR-O-U-0251.jpg
✅ Downloaded: https://www.nirfindia.org/nirfpdfcdn/2024/graph/University/IR-O-U-0554.jpg -> /Users/yashgupta/Desktop/kpmg/dashboard-nirf/backend/downloads/graphs/2024/University/IR-O-U-0554.jpg
✅ Downloaded: https://www.nirfindia.org/nirfpdfcdn/2024/graph/University/IR-O-U-0248.jpg -> /Users/yashgupta/Desktop/kpmg/dashboard-nirf/backend/downloads/graphs/2024/University/IR-O-U-0248.jpg
✅ Downloaded: https://www.nirfindia.org/nirfpdfcdn/2024/graph/University/IR-O-U-0373.jpg -> /Users/yashgupta/Desktop/kpmg/dashboard-nirf/backend/downloads/graphs/2024/University/IR-O-U-0373.jpg
✅ Downloaded: https://www.nirfindia.org/nirfpdfcdn/2024/graph/University/IR-O-U-0169.jpg -> /Users/yashgupta/Desktop/kpmg/dashboard-nirf/backend/downloads/graphs/2024/University/IR-O-U-0169.jpg
✅ Downloaded: https://www.nirfindia.org/nirfpdfcdn/2024/graph/University/IR-O-U-0464.jpg -> /Users/yashgupta/Desktop/kpmg/dashboard-nirf/backend/downloads/graphs/2024/University/IR-O-U-0464.jpg
✅ Downloaded: https://www.nirfindia.org/nirfpdfcdn/2024/graph/University/IR-O-U-0739.jpg -> /Users/yashgupta/Desktop/kpmg/dashboard-nirf/backend/downloads/graphs/2024/University/IR-O-U-0739.jpg
✅ Downloaded: https://www.nirfindia.org/nirfpdfcdn/2024/graph/University/IR-O-U-0489.jpg -> /Users/yashgupta/Desktop/kpmg/dashboard-nirf/backend/downloads/graphs/2024/University/IR-O-U-0489.jpg
✅ Downloaded: https://www.nirfindia.org/nirfpdfcdn/2024/graph/University/IR-O-U-0250.jpg -> /Users/yashgupta/Desktop/kpmg/dashboard-nirf/backend/downloads/graphs/2024/University/IR-O-U-0250.jpg
✅ Downloaded: https://www.nirfindia.org/nirfpdfcdn/2024/graph/University/IR-O-U-0524.jpg -> /Users/yashgupta/Desktop/kpmg/dashboard-nirf/backend/downloads/graphs/2024/University/IR-O-U-0524.jpg
✅ Downloaded: https://www.nirfindia.org/nirfpdfcdn/2024/graph/University/IR-O-U-0444.jpg -> /Users/yashgupta/Desktop/kpmg/dashboard-nirf/backend/downloads/graphs/2024/University/IR-O-U-0444.jpg
✅ Downloaded: https://www.nirfindia.org/nirfpdfcdn/2024/graph/University/IR-O-U-0449.jpg -> /Users/yashgupta/Desktop/kpmg/dashboard-nirf/backend/downloads/graphs/2024/University/IR-O-U-0449.jpg
✅ Downloaded: https://www.nirfindia.org/nirfpdfcdn/2024/graph/University/IR-O-C-6379.jpg -> /Users/yashgupta/Desktop/kpmg/dashboard-nirf/backend/downloads/graphs/2024/University/IR-O-C-6379.jpg
✅ Downloaded: https://www.nirfindia.org/nirfpdfcdn/2024/graph/University/IR-O-U-0220.jpg -> /Users/yashgupta/Desktop/kpmg/dashboard-nirf/backend/downloads/graphs/2024/University/IR-O-U-0220.jpg
✅ Downloaded: https://www.nirfindia.org/nirfpdfcdn/2024/graph/University/IR-O-U-0108.jpg -> /Users/yashgupta/Desktop/kpmg/dashboard-nirf/backend/downloads/graphs/2024/University/IR-O-U-0108.jpg
✅ Downloaded: https://www.nirfindia.org/nirfpdfcdn/2024/graph/University/IR-O-U-0109.jpg -> /Users/yashgupta/Desktop/kpmg/dashboard-nirf/backend/downloads/graphs/2024/University/IR-O-U-0109.jpg
✅ Downloaded: https://www.nirfindia.org/nirfpdfcdn/2024/graph/University/IR-O-U-0234.jpg -> /Users/yashgupta/Desktop/kpmg/dashboard-nirf/backend/downloads/graphs/2024/University/IR-O-U-0234.jpg
✅ Downloaded: https://www.nirfindia.org/nirfpdfcdn/2024/graph/University/IR-O-U-0500.jpg -> /Users/yashgupta/Desktop/kpmg/dashboard-nirf/backend/downloads/graphs/2024/University/IR-O-U-0500.jpg
✅ Downloaded: https://www.nirfindia.org/nirfpdfcdn/2024/graph/University/IR-O-U-0120.jpg -> /Users/yashgupta/Desktop/kpmg/dashboard-nirf/backend/downloads/graphs/2024/University/IR-O-U-0120.jpg
✅ Downloaded: https://www.nirfindia.org/nirfpdfcdn/2024/graph/University/IR-O-U-0436.jpg -> /Users/yashgupta/Desktop/kpmg/dashboard-nirf/backend/downloads/graphs/2024/University/IR-O-U-0436.jpg
✅ Downloaded: https://www.nirfindia.org/nirfpdfcdn/2024/graph/University/IR-O-U-0496.jpg -> /Users/yashgupta/Desktop/kpmg/dashboard-nirf/backend/downloads/graphs/2024/University/IR-O-U-0496.jpg
✅ Downloaded: https://www.nirfindia.org/nirfpdfcdn/2024/graph/University/IR-O-U-0575.jpg -> /Users/yashgupta/Desktop/kpmg/dashboard-nirf/backend/downloads/graphs/2024/University/IR-O-U-0575.jpg
✅ Downloaded: https://www.nirfindia.org/nirfpdfcdn/2024/graph/University/IR-O-U-0490.jpg -> /Users/yashgupta/Desktop/kpmg/dashboard-nirf/backend/downloads/graphs/2024/University/IR-O-U-0490.jpg
✅ Downloaded: https://www.nirfindia.org/nirfpdfcdn/2024/graph/University/IR-O-I-1441.jpg -> /Users/yashgupta/Desktop/kpmg/dashboard-nirf/backend/downloads/graphs/2024/University/IR-O-I-1441.jpg
✅ Downloaded: https://www.nirfindia.org/nirfpdfcdn/2024/graph/University/IR-O-U-0473.jpg -> /Users/yashgupta/Desktop/kpmg/dashboard-nirf/backend/downloads/graphs/2024/University/IR-O-U-0473.jpg
✅ Downloaded: https://www.nirfindia.org/nirfpdfcdn/2024/graph/University/IR-O-U-0439.jpg -> /Users/yashgupta/Desktop/kpmg/dashboard-nirf/backend/downloads/graphs/2024/University/IR-O-U-0439.jpg
✅ Downloaded: https://www.nirfindia.org/nirfpdfcdn/2024/graph/University/IR-O-U-0363.jpg -> /Users/yashgupta/Desktop/kpmg/dashboard-nirf/backend/downloads/graphs/2024/University/IR-O-U-0363.jpg
✅ Downloaded: https://www.nirfindia.org/nirfpdfcdn/2024/graph/University/IR-O-U-0356.jpg -> /Users/yashgupta/Desktop/kpmg/dashboard-nirf/backend/downloads/graphs/2024/University/IR-O-U-0356.jpg
✅ Downloaded: https://www.nirfindia.org/nirfpdfcdn/2024/graph/University/IR-O-U-0304.jpg -> /Users/yashgupta/Desktop/kpmg/dashboard-nirf/backend/downloads/graphs/2024/University/IR-O-U-0304.jpg
✅ Downloaded: https://www.nirfindia.org/nirfpdfcdn/2024/graph/University/IR-O-U-0042.jpg -> /Users/yashgupta/Desktop/kpmg/dashboard-nirf/backend/downloads/graphs/2024/University/IR-O-U-0042.jpg
✅ Downloaded: https://www.nirfindia.org/nirfpdfcdn/2024/graph/University/IR-O-U-0570.jpg -> /Users/yashgupta/Desktop/kpmg/dashboard-nirf/backend/downloads/graphs/2024/University/IR-O-U-0570.jpg
✅ Downloaded: https://www.nirfindia.org/nirfpdfcdn/2024/graph/University/IR-O-U-0391.jpg -> /Users/yashgupta/Desktop/kpmg/dashboard-nirf/backend/downloads/graphs/2024/University/IR-O-U-0391.jpg
✅ Downloaded: https://www.nirfindia.org/nirfpdfcdn/2024/graph/University/IR-O-U-0747.jpg -> /Users/yashgupta/Desktop/kpmg/dashboard-nirf/backend/downloads/graphs/2024/University/IR-O-U-0747.jpg
✅ Downloaded: https://www.nirfindia.org/nirfpdfcdn/2024/graph/University/IR-O-U-0260.jpg -> /Users/yashgupta/Desktop/kpmg/dashboard-nirf/backend/downloads/graphs/2024/University/IR-O-U-0260.jpg
✅ Downloaded: https://www.nirfindia.org/nirfpdfcdn/2024/graph/University/IR-O-U-0020.jpg -> /Users/yashgupta/Desktop/kpmg/dashboard-nirf/backend/downloads/graphs/2024/University/IR-O-U-0020.jpg
✅ Downloaded: https://www.nirfindia.org/nirfpdfcdn/2024/graph/University/IR-O-U-0323.jpg -> /Users/yashgupta/Desktop/kpmg/dashboard-nirf/backend/downloads/graphs/2024/University/IR-O-U-0323.jpg
✅ Downloaded: https://www.nirfindia.org/nirfpdfcdn/2024/graph/University/IR-O-U-0222.jpg -> /Users/yashgupta/Desktop/kpmg/dashboard-nirf/backend/downloads/graphs/2024/University/IR-O-U-0222.jpg
✅ Downloaded: https://www.nirfindia.org/nirfpdfcdn/2024/graph/University/IR-O-U-0006.jpg -> /Users/yashgupta/Desktop/kpmg/dashboard-nirf/backend/downloads/graphs/2024/University/IR-O-U-0006.jpg
✅ Downloaded: https://www.nirfindia.org/nirfpdfcdn/2024/graph/University/IR-O-U-0447.jpg -> /Users/yashgupta/Desktop/kpmg/dashboard-nirf/backend/downloads/graphs/2024/University/IR-O-U-0447.jpg
✅ Downloaded: https://www.nirfindia.org/nirfpdfcdn/2024/graph/University/IR-O-U-0379.jpg -> /Users/yashgupta/Desktop/kpmg/dashboard-nirf/backend/downloads/graphs/2024/University/IR-O-U-0379.jpg
✅ Downloaded: https://www.nirfindia.org/nirfpdfcdn/2024/graph/University/IR-O-U-0476.jpg -> /Users/yashgupta/Desktop/kpmg/dashboard-nirf/backend/downloads/graphs/2024/University/IR-O-U-0476.jpg
✅ Downloaded: https://www.nirfindia.org/nirfpdfcdn/2024/graph/University/IR-O-I-1480.jpg -> /Users/yashgupta/Desktop/kpmg/dashboard-nirf/backend/downloads/graphs/2024/University/IR-O-I-1480.jpg
✅ Downloaded: https://www.nirfindia.org/nirfpdfcdn/2024/graph/University/IR-O-U-0458.jpg -> /Users/yashgupta/Desktop/kpmg/dashboard-nirf/backend/downloads/graphs/2024/University/IR-O-U-0458.jpg
✅ Downloaded: https://www.nirfindia.org/nirfpdfcdn/2024/graph/University/IR-O-U-0498.jpg -> /Users/yashgupta/Desktop/kpmg/dashboard-nirf/backend/downloads/graphs/2024/University/IR-O-U-0498.jpg
✅ Downloaded: https://www.nirfindia.org/nirfpdfcdn/2024/graph/University/IR-O-U-0253.jpg -> /Users/yashgupta/Desktop/kpmg/dashboard-nirf/backend/downloads/graphs/2024/University/IR-O-U-0253.jpg
✅ Downloaded: https://www.nirfindia.org/nirfpdfcdn/2024/graph/University/IR-O-U-0308.jpg -> /Users/yashgupta/Desktop/kpmg/dashboard-nirf/backend/downloads/graphs/2024/University/IR-O-U-0308.jpg
✅ Downloaded: https://www.nirfindia.org/nirfpdfcdn/2024/graph/University/IR-O-U-0448.jpg -> /Users/yashgupta/Desktop/kpmg/dashboard-nirf/backend/downloads/graphs/2024/University/IR-O-U-0448.jpg
✅ Downloaded: https://www.nirfindia.org/nirfpdfcdn/2024/graph/University/IR-O-U-0262.jpg -> /Users/yashgupta/Desktop/kpmg/dashboard-nirf/backend/downloads/graphs/2024/University/IR-O-U-0262.jpg
✅ Downloaded: https://www.nirfindia.org/nirfpdfcdn/2024/graph/University/IR-O-U-0078.jpg -> /Users/yashgupta/Desktop/kpmg/dashboard-nirf/backend/downloads/graphs/2024/University/IR-O-U-0078.jpg
✅ Downloaded: https://www.nirfindia.org/nirfpdfcdn/2024/graph/University/IR-O-I-1357.jpg -> /Users/yashgupta/Desktop/kpmg/dashboard-nirf/backend/downloads/graphs/2024/University/IR-O-I-1357.jpg
✅ Downloaded: https://www.nirfindia.org/nirfpdfcdn/2024/graph/University/IR-O-U-0052.jpg -> /Users/yashgupta/Desktop/kpmg/dashboard-nirf/backend/downloads/graphs/2024/University/IR-O-U-0052.jpg
✅ Downloaded: https://www.nirfindia.org/nirfpdfcdn/2024/graph/University/IR-O-U-0295.jpg -> /Users/yashgupta/Desktop/kpmg/dashboard-nirf/backend/downloads/graphs/2024/University/IR-O-U-0295.jpg
✅ Downloaded: https://www.nirfindia.org/nirfpdfcdn/2024/graph/University/IR-O-U-0329.jpg -> /Users/yashgupta/Desktop/kpmg/dashboard-nirf/backend/downloads/graphs/2024/University/IR-O-U-0329.jpg
✅ Downloaded: https://www.nirfindia.org/nirfpdfcdn/2024/graph/University/IR-O-U-0497.jpg -> /Users/yashgupta/Desktop/kpmg/dashboard-nirf/backend/downloads/graphs/2024/University/IR-O-U-0497.jpg
✅ Downloaded: https://www.nirfindia.org/nirfpdfcdn/2024/graph/University/IR-O-U-0458.jpg -> /Users/yashgupta/Desktop/kpmg/dashboard-nirf/backend/downloads/graphs/2024/University/IR-O-U-0458.jpg
✅ Downloaded: https://www.nirfindia.org/nirfpdfcdn/2024/graph/University/IR-O-U-0107.jpg -> /Users/yashgupta/Desktop/kpmg/dashboard-nirf/backend/downloads/graphs/2024/University/IR-O-U-0107.jpg
✅ Downloaded: https://www.nirfindia.org/nirfpdfcdn/2024/graph/University/IR-O-U-0027.jpg -> /Users/yashgupta/Desktop/kpmg/dashboard-nirf/backend/downloads/graphs/2024/University/IR-O-U-0027.jpg
✅ Downloaded: https://www.nirfindia.org/nirfpdfcdn/2024/graph/University/IR-O-I-1110.jpg -> /Users/yashgupta/Desktop/kpmg/dashboard-nirf/backend/downloads/graphs/2024/University/IR-O-I-1110.jpg
✅ Downloaded: https://www.nirfindia.org/nirfpdfcdn/2024/graph/University/IR-O-U-0196.jpg -> /Users/yashgupta/Desktop/kpmg/dashboard-nirf/backend/downloads/graphs/2024/University/IR-O-U-0196.jpg
✅ Downloaded: https://www.nirfindia.org/nirfpdfcdn/2024/graph/University/IR-O-U-0564.jpg -> /Users/yashgupta/Desktop/kpmg/dashboard-nirf/backend/downloads/graphs/2024/University/IR-O-U-0564.jpg
✅ Downloaded: https://www.nirfindia.org/nirfpdfcdn/2024/graph/University/IR-O-U-0435.jpg -> /Users/yashgupta/Desktop/kpmg/dashboard-nirf/backend/downloads/graphs/2024/University/IR-O-U-0435.jpg
✅ Downloaded: https://www.nirfindia.org/nirfpdfcdn/2024/graph/University/IR-O-U-0098.jpg -> /Users/yashgupta/Desktop/kpmg/dashboard-nirf/backend/downloads/graphs/2024/University/IR-O-U-0098.jpg
✅ Downloaded: https://www.nirfindia.org/nirfpdfcdn/2024/graph/University/IR-O-N-10.jpg -> /Users/yashgupta/Desktop/kpmg/dashboard-nirf/backend/downloads/graphs/2024/University/IR-O-N-10.jpg
✅ Downloaded: https://www.nirfindia.org/nirfpdfcdn/2024/graph/University/IR-O-U-0195.jpg -> /Users/yashgupta/Desktop/kpmg/dashboard-nirf/backend/downloads/graphs/2024/University/IR-O-U-0195.jpg
✅ Downloaded: https://www.nirfindia.org/nirfpdfcdn/2024/graph/University/IR-O-U-0474.jpg -> /Users/yashgupta/Desktop/kpmg/dashboard-nirf/backend/downloads/graphs/2024/University/IR-O-U-0474.jpg
✅ Downloaded: https://www.nirfindia.org/nirfpdfcdn/2024/graph/University/IR-O-U-0555.jpg -> /Users/yashgupta/Desktop/kpmg/dashboard-nirf/backend/downloads/graphs/2024/University/IR-O-U-0555.jpg
✅ Downloaded: https://www.nirfindia.org/nirfpdfcdn/2024/graph/University/IR-O-U-0523.jpg -> /Users/yashgupta/Desktop/kpmg/dashboard-nirf/backend/downloads/graphs/2024/University/IR-O-U-0523.jpg
✅ Downloaded: https://www.nirfindia.org/nirfpdfcdn/2024/graph/University/IR-O-U-0235.jpg -> /Users/yashgupta/Desktop/kpmg/dashboard-nirf/backend/downloads/graphs/2024/University/IR-O-U-0235.jpg
✅ Downloaded: https://www.nirfindia.org/nirfpdfcdn/2024/graph/University/IR-O-I-1486.jpg -> /Users/yashgupta/Desktop/kpmg/dashboard-nirf/backend/downloads/graphs/2024/University/IR-O-I-1486.jpg
✅ Downloaded: https://www.nirfindia.org/nirfpdfcdn/2024/graph/University/IR-O-U-0470.jpg -> /Users/yashgupta/Desktop/kpmg/dashboard-nirf/backend/downloads/graphs/2024/University/IR-O-U-0470.jpg
✅ Downloaded: https://www.nirfindia.org/nirfpdfcdn/2024/graph/University/IR-O-U-0381.jpg -> /Users/yashgupta/Desktop/kpmg/dashboard-nirf/backend/downloads/graphs/2024/University/IR-O-U-0381.jpg
✅ Downloaded: https://www.nirfindia.org/nirfpdfcdn/2024/graph/University/IR-O-U-0331.jpg -> /Users/yashgupta/Desktop/kpmg/dashboard-nirf/backend/downloads/graphs/2024/University/IR-O-U-0331.jpg
✅ Downloaded: https://www.nirfindia.org/nirfpdfcdn/2024/graph/University/IR-O-U-0003.jpg -> /Users/yashgupta/Desktop/kpmg/dashboard-nirf/backend/downloads/graphs/2024/University/IR-O-U-0003.jpg
✅ Downloaded: https://www.nirfindia.org/nirfpdfcdn/2024/graph/University/IR-O-U-0217.jpg -> /Users/yashgupta/Desktop/kpmg/dashboard-nirf/backend/downloads/graphs/2024/University/IR-O-U-0217.jpg
✅ Downloaded: https://www.nirfindia.org/nirfpdfcdn/2024/graph/University/IR-O-U-0318.jpg -> /Users/yashgupta/Desktop/kpmg/dashboard-nirf/backend/downloads/graphs/2024/University/IR-O-U-0318.jpg
✅ Downloaded: https://www.nirfindia.org/nirfpdfcdn/2024/graph/University/IR-O-U-0642.jpg -> /Users/yashgupta/Desktop/kpmg/dashboard-nirf/backend/downloads/graphs/2024/University/IR-O-U-0642.jpg
✅ Downloaded: https://www.nirfindia.org/nirfpdfcdn/2024/graph/University/IR-O-U-0463.jpg -> /Users/yashgupta/Desktop/kpmg/dashboard-nirf/backend/downloads/graphs/2024/University/IR-O-U-0463.jpg
✅ Downloaded: https://www.nirfindia.org/nirfpdfcdn/2024/graph/University/IR-O-U-0749.jpg -> /Users/yashgupta/Desktop/kpmg/dashboard-nirf/backend/downloads/graphs/2024/University/IR-O-U-0749.jpg
✅ Downloaded: https://www.nirfindia.org/nirfpdfcdn/2024/graph/University/IR-O-U-0223.jpg -> /Users/yashgupta/Desktop/kpmg/dashboard-nirf/backend/downloads/graphs/2024/University/IR-O-U-0223.jpg
✅ Downloaded: https://www.nirfindia.org/nirfpdfcdn/2024/graph/University/IR-O-U-0239.jpg -> /Users/yashgupta/Desktop/kpmg/dashboard-nirf/backend/downloads/graphs/2024/University/IR-O-U-0239.jpg
✅ Downloaded: https://www.nirfindia.org/nirfpdfcdn/2024/graph/University/IR-O-U-0389.jpg -> /Users/yashgupta/Desktop/kpmg/dashboard-nirf/backend/downloads/graphs/2024/University/IR-O-U-0389.jpg
✅ Downloaded: https://www.nirfindia.org/nirfpdfcdn/2024/graph/University/IR-O-U-0370.jpg -> /Users/yashgupta/Desktop/kpmg/dashboard-nirf/backend/downloads/graphs/2024/University/IR-O-U-0370.jpg
✅ Downloaded: https://www.nirfindia.org/nirfpdfcdn/2024/graph/University/IR-O-U-0056.jpg -> /Users/yashgupta/Desktop/kpmg/dashboard-nirf/backend/downloads/graphs/2024/University/IR-O-U-0056.jpg
✅ Downloaded: https://www.nirfindia.org/nirfpdfcdn/2024/graph/University/IR-O-U-0190.jpg -> /Users/yashgupta/Desktop/kpmg/dashboard-nirf/backend/downloads/graphs/2024/University/IR-O-U-0190.jpg
✅ Downloaded: https://www.nirfindia.org/nirfpdfcdn/2024/graph/University/IR-O-U-0168.jpg -> /Users/yashgupta/Desktop/kpmg/dashboard-nirf/backend/downloads/graphs/2024/University/IR-O-U-0168.jpg
✅ Downloaded: https://www.nirfindia.org/nirfpdfcdn/2024/graph/University/IR-O-U-0043.jpg -> /Users/yashgupta/Desktop/kpmg/dashboard-nirf/backend/downloads/graphs/2024/University/IR-O-U-0043.jpg
✅ Downloaded: https://www.nirfindia.org/nirfpdfcdn/2024/graph/University/IR-O-U-0446.jpg -> /Users/yashgupta/Desktop/kpmg/dashboard-nirf/backend/downloads/graphs/2024/University/IR-O-U-0446.jpg
✅ Downloaded: https://www.nirfindia.org/nirfpdfcdn/2024/graph/University/IR-O-U-0014.jpg -> /Users/yashgupta/Desktop/kpmg/dashboard-nirf/backend/downloads/graphs/2024/University/IR-O-U-0014.jpg
✅ Downloaded: https://www.nirfindia.org/nirfpdfcdn/2024/graph/University/IR-O-U-0249.jpg -> /Users/yashgupta/Desktop/kpmg/dashboard-nirf/backend/downloads/graphs/2024/University/IR-O-U-0249.jpg
✅ Downloaded: https://www.nirfindia.org/nirfpdfcdn/2024/graph/University/IR-O-U-0136.jpg -> /Users/yashgupta/Desktop/kpmg/dashboard-nirf/backend/downloads/graphs/2024/University/IR-O-U-0136.jpg
✅ Downloaded: https://www.nirfindia.org/nirfpdfcdn/2024/graph/University/IR-O-I-1361.jpg -> /Users/yashgupta/Desktop/kpmg/dashboard-nirf/backend/downloads/graphs/2024/University/IR-O-I-1361.jpg
✅ Downloaded: https://www.nirfindia.org/nirfpdfcdn/2024/graph/University/IR-O-U-0345.jpg -> /Users/yashgupta/Desktop/kpmg/dashboard-nirf/backend/downloads/graphs/2024/University/IR-O-U-0345.jpg
✅ Downloaded: https://www.nirfindia.org/nirfpdfcdn/2024/graph/University/IR-O-U-0451.jpg -> /Users/yashgupta/Desktop/kpmg/dashboard-nirf/backend/downloads/graphs/2024/University/IR-O-U-0451.jpg
✅ Downloaded: https://www.nirfindia.org/nirfpdfcdn/2024/graph/University/IR-O-U-0099.jpg -> /Users/yashgupta/Desktop/kpmg/dashboard-nirf/backend/downloads/graphs/2024/University/IR-O-U-0099.jpg
✅ Downloaded: https://www.nirfindia.org/nirfpdfcdn/2024/graph/University/IR-O-U-0215.jpg -> /Users/yashgupta/Desktop/kpmg/dashboard-nirf/backend/downloads/graphs/2024/University/IR-O-U-0215.jpg
✅ Downloaded: https://www.nirfindia.org/nirfpdfcdn/2024/graph/University/IR-O-U-0202.jpg -> /Users/yashgupta/Desktop/kpmg/dashboard-nirf/backend/downloads/graphs/2024/University/IR-O-U-0202.jpg
✅ Downloaded: https://www.nirfindia.org/nirfpdfcdn/2024/graph/University/IR-O-U-0372.jpg -> /Users/yashgupta/Desktop/kpmg/dashboard-nirf/backend/downloads/graphs/2024/University/IR-O-U-0372.jpg
✅ Downloaded: https://www.nirfindia.org/nirfpdfcdn/2024/graph/University/IR-O-U-0485.jpg -> /Users/yashgupta/Desktop/kpmg/dashboard-nirf/backend/downloads/graphs/2024/University/IR-O-U-0485.jpg
✅ Downloaded: https://www.nirfindia.org/nirfpdfcdn/2024/graph/University/IR-O-U-0384.jpg -> /Users/yashgupta/Desktop/kpmg/dashboard-nirf/backend/downloads/graphs/2024/University/IR-O-U-0384.jpg
✅ Downloaded: https://www.nirfindia.org/nirfpdfcdn/2024/graph/University/IR-O-U-0541.jpg -> /Users/yashgupta/Desktop/kpmg/dashboard-nirf/backend/downloads/graphs/2024/University/IR-O-U-0541.jpg
✅ Downloaded: https://www.nirfindia.org/nirfpdfcdn/2024/graph/University/IR-O-U-0037.jpg -> /Users/yashgupta/Desktop/kpmg/dashboard-nirf/backend/downloads/graphs/2024/University/IR-O-U-0037.jpg
✅ Downloaded: https://www.nirfindia.org/nirfpdfcdn/2024/graph/University/IR-O-U-0251.jpg -> /Users/yashgupta/Desktop/kpmg/dashboard-nirf/backend/downloads/graphs/2024/University/IR-O-U-0251.jpg
✅ Downloaded: https://www.nirfindia.org/nirfpdfcdn/2024/graph/University/IR-O-U-0554.jpg -> /Users/yashgupta/Desktop/kpmg/dashboard-nirf/backend/downloads/graphs/2024/University/IR-O-U-0554.jpg
✅ Downloaded: https://www.nirfindia.org/nirfpdfcdn/2024/graph/University/IR-O-U-0248.jpg -> /Users/yashgupta/Desktop/kpmg/dashboard-nirf/backend/downloads/graphs/2024/University/IR-O-U-0248.jpg
✅ Downloaded: https://www.nirfindia.org/nirfpdfcdn/2024/graph/University/IR-O-U-0373.jpg -> /Users/yashgupta/Desktop/kpmg/dashboard-nirf/backend/downloads/graphs/2024/University/IR-O-U-0373.jpg
✅ Downloaded: https://www.nirfindia.org/nirfpdfcdn/2024/graph/University/IR-O-U-0169.jpg -> /Users/yashgupta/Desktop/kpmg/dashboard-nirf/backend/downloads/graphs/2024/University/IR-O-U-0169.jpg
✅ Downloaded: https://www.nirfindia.org/nirfpdfcdn/2024/graph/University/IR-O-U-0464.jpg -> /Users/yashgupta/Desktop/kpmg/dashboard-nirf/backend/downloads/graphs/2024/University/IR-O-U-0464.jpg
✅ Downloaded: https://www.nirfindia.org/nirfpdfcdn/2024/graph/University/IR-O-U-0739.jpg -> /Users/yashgupta/Desktop/kpmg/dashboard-nirf/backend/downloads/graphs/2024/University/IR-O-U-0739.jpg
✅ Downloaded: https://www.nirfindia.org/nirfpdfcdn/2024/graph/University/IR-O-U-0489.jpg -> /Users/yashgupta/Desktop/kpmg/dashboard-nirf/backend/downloads/graphs/2024/University/IR-O-U-0489.jpg
✅ Downloaded: https://www.nirfindia.org/nirfpdfcdn/2024/graph/University/IR-O-U-0250.jpg -> /Users/yashgupta/Desktop/kpmg/dashboard-nirf/backend/downloads/graphs/2024/University/IR-O-U-0250.jpg
✅ Downloaded: https://www.nirfindia.org/nirfpdfcdn/2024/graph/University/IR-O-U-0524.jpg -> /Users/yashgupta/Desktop/kpmg/dashboard-nirf/backend/downloads/graphs/2024/University/IR-O-U-0524.jpg
✅ Downloaded: https://www.nirfindia.org/nirfpdfcdn/2024/graph/University/IR-O-U-0444.jpg -> /Users/yashgupta/Desktop/kpmg/dashboard-nirf/backend/downloads/graphs/2024/University/IR-O-U-0444.jpg
✅ Downloaded: https://www.nirfindia.org/nirfpdfcdn/2024/graph/University/IR-O-U-0449.jpg -> /Users/yashgupta/Desktop/kpmg/dashboard-nirf/backend/downloads/graphs/2024/University/IR-O-U-0449.jpg
✅ Downloaded: https://www.nirfindia.org/nirfpdfcdn/2024/graph/University/IR-O-C-6379.jpg -> /Users/yashgupta/Desktop/kpmg/dashboard-nirf/backend/downloads/graphs/2024/University/IR-O-C-6379.jpg
✅ Downloaded: https://www.nirfindia.org/nirfpdfcdn/2024/graph/University/IR-O-U-0220.jpg -> /Users/yashgupta/Desktop/kpmg/dashboard-nirf/backend/downloads/graphs/2024/University/IR-O-U-0220.jpg
✅ Downloaded: https://www.nirfindia.org/nirfpdfcdn/2024/graph/University/IR-O-U-0109.jpg -> /Users/yashgupta/Desktop/kpmg/dashboard-nirf/backend/downloads/graphs/2024/University/IR-O-U-0109.jpg
✅ Downloaded: https://www.nirfindia.org/nirfpdfcdn/2024/graph/University/IR-O-U-0108.jpg -> /Users/yashgupta/Desktop/kpmg/dashboard-nirf/backend/downloads/graphs/2024/University/IR-O-U-0108.jpg
✅ Downloaded: https://www.nirfindia.org/nirfpdfcdn/2024/graph/University/IR-O-U-0234.jpg -> /Users/yashgupta/Desktop/kpmg/dashboard-nirf/backend/downloads/graphs/2024/University/IR-O-U-0234.jpg
✅ Downloaded: https://www.nirfindia.org/nirfpdfcdn/2024/graph/University/IR-O-U-0500.jpg -> /Users/yashgupta/Desktop/kpmg/dashboard-nirf/backend/downloads/graphs/2024/University/IR-O-U-0500.jpg
✅ Downloaded: https://www.nirfindia.org/nirfpdfcdn/2024/graph/University/IR-O-U-0120.jpg -> /Users/yashgupta/Desktop/kpmg/dashboard-nirf/backend/downloads/graphs/2024/University/IR-O-U-0120.jpg
✅ Downloaded: https://www.nirfindia.org/nirfpdfcdn/2024/graph/University/IR-O-U-0436.jpg -> /Users/yashgupta/Desktop/kpmg/dashboard-nirf/backend/downloads/graphs/2024/University/IR-O-U-0436.jpg
✅ Downloaded: https://www.nirfindia.org/nirfpdfcdn/2024/graph/University/IR-O-U-0496.jpg -> /Users/yashgupta/Desktop/kpmg/dashboard-nirf/backend/downloads/graphs/2024/University/IR-O-U-0496.jpg
✅ Downloaded: https://www.nirfindia.org/nirfpdfcdn/2024/graph/University/IR-O-U-0575.jpg -> /Users/yashgupta/Desktop/kpmg/dashboard-nirf/backend/downloads/graphs/2024/University/IR-O-U-0575.jpg
✅ Downloaded: https://www.nirfindia.org/nirfpdfcdn/2024/graph/University/IR-O-U-0490.jpg -> /Users/yashgupta/Desktop/kpmg/dashboard-nirf/backend/downloads/graphs/2024/University/IR-O-U-0490.jpg
✅ Downloaded: https://www.nirfindia.org/nirfpdfcdn/2024/graph/University/IR-O-I-1441.jpg -> /Users/yashgupta/Desktop/kpmg/dashboard-nirf/backend/downloads/graphs/2024/University/IR-O-I-1441.jpg
✅ Downloaded: https://www.nirfindia.org/nirfpdfcdn/2024/graph/University/IR-O-U-0473.jpg -> /Users/yashgupta/Desktop/kpmg/dashboard-nirf/backend/downloads/graphs/2024/University/IR-O-U-0473.jpg
✅ Downloaded: https://www.nirfindia.org/nirfpdfcdn/2024/graph/University/IR-O-U-0439.jpg -> /Users/yashgupta/Desktop/kpmg/dashboard-nirf/backend/downloads/graphs/2024/University/IR-O-U-0439.jpg
✅ Downloaded: https://www.nirfindia.org/nirfpdfcdn/2024/graph/University/IR-O-U-0363.jpg -> /Users/yashgupta/Desktop/kpmg/dashboard-nirf/backend/downloads/graphs/2024/University/IR-O-U-0363.jpg
✅ Downloaded: https://www.nirfindia.org/nirfpdfcdn/2024/graph/University/IR-O-U-0356.jpg -> /Users/yashgupta/Desktop/kpmg/dashboard-nirf/backend/downloads/graphs/2024/University/IR-O-U-0356.jpg
✅ Downloaded: https://www.nirfindia.org/nirfpdfcdn/2024/graph/University/IR-O-U-0304.jpg -> /Users/yashgupta/Desktop/kpmg/dashboard-nirf/backend/downloads/graphs/2024/University/IR-O-U-0304.jpg
✅ Downloaded: https://www.nirfindia.org/nirfpdfcdn/2024/graph/University/IR-O-U-0042.jpg -> /Users/yashgupta/Desktop/kpmg/dashboard-nirf/backend/downloads/graphs/2024/University/IR-O-U-0042.jpg
✅ Downloaded: https://www.nirfindia.org/nirfpdfcdn/2024/graph/University/IR-O-U-0570.jpg -> /Users/yashgupta/Desktop/kpmg/dashboard-nirf/backend/downloads/graphs/2024/University/IR-O-U-0570.jpg
✅ Downloaded: https://www.nirfindia.org/nirfpdfcdn/2024/graph/University/IR-O-U-0391.jpg -> /Users/yashgupta/Desktop/kpmg/dashboard-nirf/backend/downloads/graphs/2024/University/IR-O-U-0391.jpg
✅ Downloaded: https://www.nirfindia.org/nirfpdfcdn/2024/graph/University/IR-O-U-0747.jpg -> /Users/yashgupta/Desktop/kpmg/dashboard-nirf/backend/downloads/graphs/2024/University/IR-O-U-0747.jpg
✅ Downloaded: https://www.nirfindia.org/nirfpdfcdn/2024/graph/University/IR-O-U-0260.jpg -> /Users/yashgupta/Desktop/kpmg/dashboard-nirf/backend/downloads/graphs/2024/University/IR-O-U-0260.jpg
✅ Downloaded: https://www.nirfindia.org/nirfpdfcdn/2024/graph/University/IR-O-U-0020.jpg -> /Users/yashgupta/Desktop/kpmg/dashboard-nirf/backend/downloads/graphs/2024/University/IR-O-U-0020.jpg
✅ Downloaded: https://www.nirfindia.org/nirfpdfcdn/2024/graph/University/IR-O-U-0323.jpg -> /Users/yashgupta/Desktop/kpmg/dashboard-nirf/backend/downloads/graphs/2024/University/IR-O-U-0323.jpg
✅ Downloaded: https://www.nirfindia.org/nirfpdfcdn/2024/graph/University/IR-O-U-0222.jpg -> /Users/yashgupta/Desktop/kpmg/dashboard-nirf/backend/downloads/graphs/2024/University/IR-O-U-0222.jpg
✅ Downloaded: https://www.nirfindia.org/nirfpdfcdn/2024/graph/University/IR-O-U-0006.jpg -> /Users/yashgupta/Desktop/kpmg/dashboard-nirf/backend/downloads/graphs/2024/University/IR-O-U-0006.jpg
✅ Downloaded: https://www.nirfindia.org/nirfpdfcdn/2024/graph/University/IR-O-U-0447.jpg -> /Users/yashgupta/Desktop/kpmg/dashboard-nirf/backend/downloads/graphs/2024/University/IR-O-U-0447.jpg
✅ Downloaded: https://www.nirfindia.org/nirfpdfcdn/2024/graph/University/IR-O-U-0379.jpg -> /Users/yashgupta/Desktop/kpmg/dashboard-nirf/backend/downloads/graphs/2024/University/IR-O-U-0379.jpg
✅ Downloaded: https://www.nirfindia.org/nirfpdfcdn/2024/graph/University/IR-O-U-0476.jpg -> /Users/yashgupta/Desktop/kpmg/dashboard-nirf/backend/downloads/graphs/2024/University/IR-O-U-0476.jpg
✅ Downloaded: https://www.nirfindia.org/nirfpdfcdn/2024/graph/University/IR-O-I-1480.jpg -> /Users/yashgupta/Desktop/kpmg/dashboard-nirf/backend/downloads/graphs/2024/University/IR-O-I-1480.jpg
✅ Downloaded: https://www.nirfindia.org/nirfpdfcdn/2024/graph/University/IR-O-U-0458.jpg -> /Users/yashgupta/Desktop/kpmg/dashboard-nirf/backend/downloads/graphs/2024/University/IR-O-U-0458.jpg
✅ Downloaded: https://www.nirfindia.org/nirfpdfcdn/2024/graph/University/IR-O-U-0329.jpg -> /Users/yashgupta/Desktop/kpmg/dashboard-nirf/backend/downloads/graphs/2024/University/IR-O-U-0329.jpg
✅ Downloaded: https://www.nirfindia.org/nirfpdfcdn/2024/graph/University/IR-O-U-0497.jpg -> /Users/yashgupta/Desktop/kpmg/dashboard-nirf/backend/downloads/graphs/2024/University/IR-O-U-0497.jpg
✅ Downloaded: https://www.nirfindia.org/nirfpdfcdn/2024/graph/University/IR-O-U-0498.jpg -> /Users/yashgupta/Desktop/kpmg/dashboard-nirf/backend/downloads/graphs/2024/University/IR-O-U-0498.jpg
✅ Downloaded: https://www.nirfindia.org/nirfpdfcdn/2024/graph/University/IR-O-U-0253.jpg -> /Users/yashgupta/Desktop/kpmg/dashboard-nirf/backend/downloads/graphs/2024/University/IR-O-U-0253.jpg
✅ Downloaded: https://www.nirfindia.org/nirfpdfcdn/2024/graph/University/IR-O-U-0308.jpg -> /Users/yashgupta/Desktop/kpmg/dashboard-nirf/backend/downloads/graphs/2024/University/IR-O-U-0308.jpg
✅ Downloaded: https://www.nirfindia.org/nirfpdfcdn/2024/graph/University/IR-O-U-0448.jpg -> /Users/yashgupta/Desktop/kpmg/dashboard-nirf/backend/downloads/graphs/2024/University/IR-O-U-0448.jpg
✅ Downloaded: https://www.nirfindia.org/nirfpdfcdn/2024/graph/University/IR-O-U-0262.jpg -> /Users/yashgupta/Desktop/kpmg/dashboard-nirf/backend/downloads/graphs/2024/University/IR-O-U-0262.jpg
✅ Downloaded: https://www.nirfindia.org/nirfpdfcdn/2024/graph/University/IR-O-U-0078.jpg -> /Users/yashgupta/Desktop/kpmg/dashboard-nirf/backend/downloads/graphs/2024/University/IR-O-U-0078.jpg
✅ Downloaded: https://www.nirfindia.org/nirfpdfcdn/2024/graph/University/IR-O-I-1357.jpg -> /Users/yashgupta/Desktop/kpmg/dashboard-nirf/backend/downloads/graphs/2024/University/IR-O-I-1357.jpg
✅ Downloaded: https://www.nirfindia.org/nirfpdfcdn/2024/graph/University/IR-O-U-0052.jpg -> /Users/yashgupta/Desktop/kpmg/dashboard-nirf/backend/downloads/graphs/2024/University/IR-O-U-0052.jpg
✅ Downloaded: https://www.nirfindia.org/nirfpdfcdn/2024/graph/University/IR-O-U-0107.jpg -> /Users/yashgupta/Desktop/kpmg/dashboard-nirf/backend/downloads/graphs/2024/University/IR-O-U-0107.jpg
✅ Downloaded: https://www.nirfindia.org/nirfpdfcdn/2024/graph/University/IR-O-U-0295.jpg -> /Users/yashgupta/Desktop/kpmg/dashboard-nirf/backend/downloads/graphs/2024/University/IR-O-U-0295.jpg
✅ Downloaded: https://www.nirfindia.org/nirfpdfcdn/2024/graph/University/IR-O-U-0027.jpg -> /Users/yashgupta/Desktop/kpmg/dashboard-nirf/backend/downloads/graphs/2024/University/IR-O-U-0027.jpg
✅ Downloaded: https://www.nirfindia.org/nirfpdfcdn/2024/graph/University/IR-O-I-1110.jpg -> /Users/yashgupta/Desktop/kpmg/dashboard-nirf/backend/downloads/graphs/2024/University/IR-O-I-1110.jpg
✅ Downloaded: https://www.nirfindia.org/nirfpdfcdn/2024/graph/University/IR-O-U-0196.jpg -> /Users/yashgupta/Desktop/kpmg/dashboard-nirf/backend/downloads/graphs/2024/University/IR-O-U-0196.jpg
✅ Downloaded: https://www.nirfindia.org/nirfpdfcdn/2024/graph/University/IR-O-U-0564.jpg -> /Users/yashgupta/Desktop/kpmg/dashboard-nirf/backend/downloads/graphs/2024/University/IR-O-U-0564.jpg
✅ Downloaded: https://www.nirfindia.org/nirfpdfcdn/2024/graph/University/IR-O-U-0435.jpg -> /Users/yashgupta/Desktop/kpmg/dashboard-nirf/backend/downloads/graphs/2024/University/IR-O-U-0435.jpg
✅ Downloaded: https://www.nirfindia.org/nirfpdfcdn/2024/graph/University/IR-O-U-0098.jpg -> /Users/yashgupta/Desktop/kpmg/dashboard-nirf/backend/downloads/graphs/2024/University/IR-O-U-0098.jpg
✅ Downloaded: https://www.nirfindia.org/nirfpdfcdn/2024/graph/University/IR-O-N-10.jpg -> /Users/yashgupta/Desktop/kpmg/dashboard-nirf/backend/downloads/graphs/2024/University/IR-O-N-10.jpg
✅ Downloaded: https://www.nirfindia.org/nirfpdfcdn/2024/graph/University/IR-O-U-0195.jpg -> /Users/yashgupta/Desktop/kpmg/dashboard-nirf/backend/downloads/graphs/2024/University/IR-O-U-0195.jpg
✅ Downloaded: https://www.nirfindia.org/nirfpdfcdn/2024/graph/University/IR-O-U-0474.jpg -> /Users/yashgupta/Desktop/kpmg/dashboard-nirf/backend/downloads/graphs/2024/University/IR-O-U-0474.jpg
✅ Downloaded: https://www.nirfindia.org/nirfpdfcdn/2024/graph/University/IR-O-U-0555.jpg -> /Users/yashgupta/Desktop/kpmg/dashboard-nirf/backend/downloads/graphs/2024/University/IR-O-U-0555.jpg
✅ Downloaded: https://www.nirfindia.org/nirfpdfcdn/2024/graph/University/IR-O-U-0523.jpg -> /Users/yashgupta/Desktop/kpmg/dashboard-nirf/backend/downloads/graphs/2024/University/IR-O-U-0523.jpg
✅ Downloaded: https://www.nirfindia.org/nirfpdfcdn/2024/graph/University/IR-O-U-0235.jpg -> /Users/yashgupta/Desktop/kpmg/dashboard-nirf/backend/downloads/graphs/2024/University/IR-O-U-0235.jpg
✅ Downloaded: https://www.nirfindia.org/nirfpdfcdn/2024/graph/University/IR-O-I-1486.jpg -> /Users/yashgupta/Desktop/kpmg/dashboard-nirf/backend/downloads/graphs/2024/University/IR-O-I-1486.jpg
✅ Downloaded: https://www.nirfindia.org/nirfpdfcdn/2024/graph/University/IR-O-U-0470.jpg -> /Users/yashgupta/Desktop/kpmg/dashboard-nirf/backend/downloads/graphs/2024/University/IR-O-U-0470.jpg
✅ Downloaded: https://www.nirfindia.org/nirfpdfcdn/2024/graph/University/IR-O-U-0381.jpg -> /Users/yashgupta/Desktop/kpmg/dashboard-nirf/backend/downloads/graphs/2024/University/IR-O-U-0381.jpg
✅ Downloaded: https://www.nirfindia.org/nirfpdfcdn/2024/graph/University/IR-O-U-0331.jpg -> /Users/yashgupta/Desktop/kpmg/dashboard-nirf/backend/downloads/graphs/2024/University/IR-O-U-0331.jpg
✅ Downloaded: https://www.nirfindia.org/nirfpdfcdn/2024/graph/University/IR-O-U-0003.jpg -> /Users/yashgupta/Desktop/kpmg/dashboard-nirf/backend/downloads/graphs/2024/University/IR-O-U-0003.jpg
✅ Downloaded: https://www.nirfindia.org/nirfpdfcdn/2024/graph/University/IR-O-U-0217.jpg -> /Users/yashgupta/Desktop/kpmg/dashboard-nirf/backend/downloads/graphs/2024/University/IR-O-U-0217.jpg
✅ Downloaded: https://www.nirfindia.org/nirfpdfcdn/2024/graph/University/IR-O-U-0318.jpg -> /Users/yashgupta/Desktop/kpmg/dashboard-nirf/backend/downloads/graphs/2024/University/IR-O-U-0318.jpg
✅ Downloaded: https://www.nirfindia.org/nirfpdfcdn/2024/graph/University/IR-O-U-0642.jpg -> /Users/yashgupta/Desktop/kpmg/dashboard-nirf/backend/downloads/graphs/2024/University/IR-O-U-0642.jpg
✅ Downloaded: https://www.nirfindia.org/nirfpdfcdn/2024/graph/University/IR-O-U-0463.jpg -> /Users/yashgupta/Desktop/kpmg/dashboard-nirf/backend/downloads/graphs/2024/University/IR-O-U-0463.jpg
✅ Downloaded: https://www.nirfindia.org/nirfpdfcdn/2024/graph/University/IR-O-U-0749.jpg -> /Users/yashgupta/Desktop/kpmg/dashboard-nirf/backend/downloads/graphs/2024/University/IR-O-U-0749.jpg
✅ Downloaded: https://www.nirfindia.org/nirfpdfcdn/2024/graph/University/IR-O-U-0223.jpg -> /Users/yashgupta/Desktop/kpmg/dashboard-nirf/backend/downloads/graphs/2024/University/IR-O-U-0223.jpg
✅ Downloaded: https://www.nirfindia.org/nirfpdfcdn/2024/graph/University/IR-O-U-0389.jpg -> /Users/yashgupta/Desktop/kpmg/dashboard-nirf/backend/downloads/graphs/2024/University/IR-O-U-0389.jpg
✅ Downloaded: https://www.nirfindia.org/nirfpdfcdn/2024/graph/University/IR-O-U-0239.jpg -> /Users/yashgupta/Desktop/kpmg/dashboard-nirf/backend/downloads/graphs/2024/University/IR-O-U-0239.jpg
✅ Downloaded: https://www.nirfindia.org/nirfpdfcdn/2024/graph/University/IR-O-U-0370.jpg -> /Users/yashgupta/Desktop/kpmg/dashboard-nirf/backend/downloads/graphs/2024/University/IR-O-U-0370.jpg
✅ Downloaded: https://www.nirfindia.org/nirfpdfcdn/2024/graph/University/IR-O-U-0056.jpg -> /Users/yashgupta/Desktop/kpmg/dashboard-nirf/backend/downloads/graphs/2024/University/IR-O-U-0056.jpg
✅ Downloaded: https://www.nirfindia.org/nirfpdfcdn/2024/graph/University/IR-O-U-0190.jpg -> /Users/yashgupta/Desktop/kpmg/dashboard-nirf/backend/downloads/graphs/2024/University/IR-O-U-0190.jpg
✅ Downloaded: https://www.nirfindia.org/nirfpdfcdn/2024/graph/University/IR-O-U-0168.jpg -> /Users/yashgupta/Desktop/kpmg/dashboard-nirf/backend/downloads/graphs/2024/University/IR-O-U-0168.jpg
✅ Downloaded: https://www.nirfindia.org/nirfpdfcdn/2024/graph/University/IR-O-U-0043.jpg -> /Users/yashgupta/Desktop/kpmg/dashboard-nirf/backend/downloads/graphs/2024/University/IR-O-U-0043.jpg
✅ Downloaded: https://www.nirfindia.org/nirfpdfcdn/2024/graph/University/IR-O-U-0446.jpg -> /Users/yashgupta/Desktop/kpmg/dashboard-nirf/backend/downloads/graphs/2024/University/IR-O-U-0446.jpg
✅ Downloaded: https://www.nirfindia.org/nirfpdfcdn/2024/graph/University/IR-O-U-0014.jpg -> /Users/yashgupta/Desktop/kpmg/dashboard-nirf/backend/downloads/graphs/2024/University/IR-O-U-0014.jpg
✅ Downloaded: https://www.nirfindia.org/nirfpdfcdn/2024/graph/University/IR-O-U-0249.jpg -> /Users/yashgupta/Desktop/kpmg/dashboard-nirf/backend/downloads/graphs/2024/University/IR-O-U-0249.jpg
✅ Downloaded: https://www.nirfindia.org/nirfpdfcdn/2024/graph/University/IR-O-U-0136.jpg -> /Users/yashgupta/Desktop/kpmg/dashboard-nirf/backend/downloads/graphs/2024/University/IR-O-U-0136.jpg
✅ Downloaded: https://www.nirfindia.org/nirfpdfcdn/2024/graph/University/IR-O-U-0345.jpg -> /Users/yashgupta/Desktop/kpmg/dashboard-nirf/backend/downloads/graphs/2024/University/IR-O-U-0345.jpg
✅ Downloaded: https://www.nirfindia.org/nirfpdfcdn/2024/graph/University/IR-O-I-1361.jpg -> /Users/yashgupta/Desktop/kpmg/dashboard-nirf/backend/downloads/graphs/2024/University/IR-O-I-1361.jpg
✅ Downloaded: https://www.nirfindia.org/nirfpdfcdn/2024/graph/University/IR-O-U-0451.jpg -> /Users/yashgupta/Desktop/kpmg/dashboard-nirf/backend/downloads/graphs/2024/University/IR-O-U-0451.jpg
✅ Downloaded: https://www.nirfindia.org/nirfpdfcdn/2024/graph/University/IR-O-U-0099.jpg -> /Users/yashgupta/Desktop/kpmg/dashboard-nirf/backend/downloads/graphs/2024/University/IR-O-U-0099.jpg
✅ Downloaded: https://www.nirfindia.org/nirfpdfcdn/2024/graph/University/IR-O-U-0215.jpg -> /Users/yashgupta/Desktop/kpmg/dashboard-nirf/backend/downloads/graphs/2024/University/IR-O-U-0215.jpg
✅ Downloaded: https://www.nirfindia.org/nirfpdfcdn/2024/graph/University/IR-O-U-0202.jpg -> /Users/yashgupta/Desktop/kpmg/dashboard-nirf/backend/downloads/graphs/2024/University/IR-O-U-0202.jpg
✅ Downloaded: https://www.nirfindia.org/nirfpdfcdn/2024/graph/University/IR-O-U-0372.jpg -> /Users/yashgupta/Desktop/kpmg/dashboard-nirf/backend/downloads/graphs/2024/University/IR-O-U-0372.jpg
✅ Downloaded: https://www.nirfindia.org/nirfpdfcdn/2024/graph/University/IR-O-U-0485.jpg -> /Users/yashgupta/Desktop/kpmg/dashboard-nirf/backend/downloads/graphs/2024/University/IR-O-U-0485.jpg
✅ Downloaded: https://www.nirfindia.org/nirfpdfcdn/2024/graph/University/IR-O-U-0384.jpg -> /Users/yashgupta/Desktop/kpmg/dashboard-nirf/backend/downloads/graphs/2024/University/IR-O-U-0384.jpg
✅ Downloaded: https://www.nirfindia.org/nirfpdfcdn/2024/graph/University/IR-O-U-0541.jpg -> /Users/yashgupta/Desktop/kpmg/dashboard-nirf/backend/downloads/graphs/2024/University/IR-O-U-0541.jpg
✅ Downloaded: https://www.nirfindia.org/nirfpdfcdn/2024/graph/University/IR-O-U-0037.jpg -> /Users/yashgupta/Desktop/kpmg/dashboard-nirf/backend/downloads/graphs/2024/University/IR-O-U-0037.jpg
✅ Downloaded: https://www.nirfindia.org/nirfpdfcdn/2024/graph/University/IR-O-U-0554.jpg -> /Users/yashgupta/Desktop/kpmg/dashboard-nirf/backend/downloads/graphs/2024/University/IR-O-U-0554.jpg
✅ Downloaded: https://www.nirfindia.org/nirfpdfcdn/2024/graph/University/IR-O-U-0251.jpg -> /Users/yashgupta/Desktop/kpmg/dashboard-nirf/backend/downloads/graphs/2024/University/IR-O-U-0251.jpg
✅ Downloaded: https://www.nirfindia.org/nirfpdfcdn/2024/graph/University/IR-O-U-0248.jpg -> /Users/yashgupta/Desktop/kpmg/dashboard-nirf/backend/downloads/graphs/2024/University/IR-O-U-0248.jpg
✅ Downloaded: https://www.nirfindia.org/nirfpdfcdn/2024/graph/University/IR-O-U-0373.jpg -> /Users/yashgupta/Desktop/kpmg/dashboard-nirf/backend/downloads/graphs/2024/University/IR-O-U-0373.jpg
✅ Downloaded: https://www.nirfindia.org/nirfpdfcdn/2024/graph/University/IR-O-U-0169.jpg -> /Users/yashgupta/Desktop/kpmg/dashboard-nirf/backend/downloads/graphs/2024/University/IR-O-U-0169.jpg
✅ Downloaded: https://www.nirfindia.org/nirfpdfcdn/2024/graph/University/IR-O-U-0464.jpg -> /Users/yashgupta/Desktop/kpmg/dashboard-nirf/backend/downloads/graphs/2024/University/IR-O-U-0464.jpg
✅ Downloaded: https://www.nirfindia.org/nirfpdfcdn/2024/graph/University/IR-O-U-0739.jpg -> /Users/yashgupta/Desktop/kpmg/dashboard-nirf/backend/downloads/graphs/2024/University/IR-O-U-0739.jpg
✅ Downloaded: https://www.nirfindia.org/nirfpdfcdn/2024/graph/University/IR-O-U-0250.jpg -> /Users/yashgupta/Desktop/kpmg/dashboard-nirf/backend/downloads/graphs/2024/University/IR-O-U-0250.jpg
✅ Downloaded: https://www.nirfindia.org/nirfpdfcdn/2024/graph/University/IR-O-U-0489.jpg -> /Users/yashgupta/Desktop/kpmg/dashboard-nirf/backend/downloads/graphs/2024/University/IR-O-U-0489.jpg
✅ Downloaded: https://www.nirfindia.org/nirfpdfcdn/2024/graph/University/IR-O-U-0449.jpg -> /Users/yashgupta/Desktop/kpmg/dashboard-nirf/backend/downloads/graphs/2024/University/IR-O-U-0449.jpg
✅ Downloaded: https://www.nirfindia.org/nirfpdfcdn/2024/graph/University/IR-O-U-0524.jpg -> /Users/yashgupta/Desktop/kpmg/dashboard-nirf/backend/downloads/graphs/2024/University/IR-O-U-0524.jpg
✅ Downloaded: https://www.nirfindia.org/nirfpdfcdn/2024/graph/University/IR-O-U-0444.jpg -> /Users/yashgupta/Desktop/kpmg/dashboard-nirf/backend/downloads/graphs/2024/University/IR-O-U-0444.jpg
✅ Downloaded: https://www.nirfindia.org/nirfpdfcdn/2024/graph/University/IR-O-C-6379.jpg -> /Users/yashgupta/Desktop/kpmg/dashboard-nirf/backend/downloads/graphs/2024/University/IR-O-C-6379.jpg
✅ Downloaded: https://www.nirfindia.org/nirfpdfcdn/2024/graph/University/IR-O-U-0220.jpg -> /Users/yashgupta/Desktop/kpmg/dashboard-nirf/backend/downloads/graphs/2024/University/IR-O-U-0220.jpg
✅ Downloaded: https://www.nirfindia.org/nirfpdfcdn/2024/graph/University/IR-O-U-0109.jpg -> /Users/yashgupta/Desktop/kpmg/dashboard-nirf/backend/downloads/graphs/2024/University/IR-O-U-0109.jpg
✅ Downloaded: https://www.nirfindia.org/nirfpdfcdn/2024/graph/University/IR-O-U-0108.jpg -> /Users/yashgupta/Desktop/kpmg/dashboard-nirf/backend/downloads/graphs/2024/University/IR-O-U-0108.jpg
✅ Downloaded: https://www.nirfindia.org/nirfpdfcdn/2024/graph/University/IR-O-U-0234.jpg -> /Users/yashgupta/Desktop/kpmg/dashboard-nirf/backend/downloads/graphs/2024/University/IR-O-U-0234.jpg
✅ Downloaded: https://www.nirfindia.org/nirfpdfcdn/2024/graph/University/IR-O-U-0739.jpg -> /Users/yashgupta/Desktop/kpmg/dashboard-nirf/backend/downloads/graphs/2024/University/IR-O-U-0739.jpg
✅ Downloaded: https://www.nirfindia.org/nirfpdfcdn/2024/graph/University/IR-O-U-0250.jpg -> /Users/yashgupta/Desktop/kpmg/dashboard-nirf/backend/downloads/graphs/2024/University/IR-O-U-0250.jpg
✅ Downloaded: https://www.nirfindia.org/nirfpdfcdn/2024/graph/University/IR-O-U-0489.jpg -> /Users/yashgupta/Desktop/kpmg/dashboard-nirf/backend/downloads/graphs/2024/University/IR-O-U-0489.jpg
✅ Downloaded: https://www.nirfindia.org/nirfpdfcdn/2024/graph/University/IR-O-U-0500.jpg -> /Users/yashgupta/Desktop/kpmg/dashboard-nirf/backend/downloads/graphs/2024/University/IR-O-U-0500.jpg
✅ Downloaded: https://www.nirfindia.org/nirfpdfcdn/2024/graph/University/IR-O-U-0120.jpg -> /Users/yashgupta/Desktop/kpmg/dashboard-nirf/backend/downloads/graphs/2024/University/IR-O-U-0120.jpg
✅ Downloaded: https://www.nirfindia.org/nirfpdfcdn/2024/graph/University/IR-O-U-0436.jpg -> /Users/yashgupta/Desktop/kpmg/dashboard-nirf/backend/downloads/graphs/2024/University/IR-O-U-0436.jpg
✅ Downloaded: https://www.nirfindia.org/nirfpdfcdn/2024/graph/University/IR-O-U-0496.jpg -> /Users/yashgupta/Desktop/kpmg/dashboard-nirf/backend/downloads/graphs/2024/University/IR-O-U-0496.jpg
✅ Downloaded: https://www.nirfindia.org/nirfpdfcdn/2024/graph/University/IR-O-U-0575.jpg -> /Users/yashgupta/Desktop/kpmg/dashboard-nirf/backend/downloads/graphs/2024/University/IR-O-U-0575.jpg
✅ Downloaded: https://www.nirfindia.org/nirfpdfcdn/2024/graph/University/IR-O-U-0490.jpg -> /Users/yashgupta/Desktop/kpmg/dashboard-nirf/backend/downloads/graphs/2024/University/IR-O-U-0490.jpg
✅ Downloaded: https://www.nirfindia.org/nirfpdfcdn/2024/graph/University/IR-O-I-1441.jpg -> /Users/yashgupta/Desktop/kpmg/dashboard-nirf/backend/downloads/graphs/2024/University/IR-O-I-1441.jpg
✅ Downloaded: https://www.nirfindia.org/nirfpdfcdn/2024/graph/University/IR-O-U-0473.jpg -> /Users/yashgupta/Desktop/kpmg/dashboard-nirf/backend/downloads/graphs/2024/University/IR-O-U-0473.jpg
✅ Downloaded: https://www.nirfindia.org/nirfpdfcdn/2024/graph/University/IR-O-U-0439.jpg -> /Users/yashgupta/Desktop/kpmg/dashboard-nirf/backend/downloads/graphs/2024/University/IR-O-U-0439.jpg
✅ Downloaded: https://www.nirfindia.org/nirfpdfcdn/2024/graph/University/IR-O-U-0363.jpg -> /Users/yashgupta/Desktop/kpmg/dashboard-nirf/backend/downloads/graphs/2024/University/IR-O-U-0363.jpg
✅ Downloaded: https://www.nirfindia.org/nirfpdfcdn/2024/graph/University/IR-O-U-0356.jpg -> /Users/yashgupta/Desktop/kpmg/dashboard-nirf/backend/downloads/graphs/2024/University/IR-O-U-0356.jpg
✅ Downloaded: https://www.nirfindia.org/nirfpdfcdn/2024/graph/University/IR-O-U-0304.jpg -> /Users/yashgupta/Desktop/kpmg/dashboard-nirf/backend/downloads/graphs/2024/University/IR-O-U-0304.jpg
✅ Downloaded: https://www.nirfindia.org/nirfpdfcdn/2024/graph/University/IR-O-U-0042.jpg -> /Users/yashgupta/Desktop/kpmg/dashboard-nirf/backend/downloads/graphs/2024/University/IR-O-U-0042.jpg
✅ Downloaded: https://www.nirfindia.org/nirfpdfcdn/2024/graph/University/IR-O-U-0570.jpg -> /Users/yashgupta/Desktop/kpmg/dashboard-nirf/backend/downloads/graphs/2024/University/IR-O-U-0570.jpg
✅ Downloaded: https://www.nirfindia.org/nirfpdfcdn/2024/graph/University/IR-O-U-0391.jpg -> /Users/yashgupta/Desktop/kpmg/dashboard-nirf/backend/downloads/graphs/2024/University/IR-O-U-0391.jpg
✅ Downloaded: https://www.nirfindia.org/nirfpdfcdn/2024/graph/University/IR-O-U-0747.jpg -> /Users/yashgupta/Desktop/kpmg/dashboard-nirf/backend/downloads/graphs/2024/University/IR-O-U-0747.jpg
✅ Downloaded: https://www.nirfindia.org/nirfpdfcdn/2024/graph/University/IR-O-U-0260.jpg -> /Users/yashgupta/Desktop/kpmg/dashboard-nirf/backend/downloads/graphs/2024/University/IR-O-U-0260.jpg
✅ Downloaded: https://www.nirfindia.org/nirfpdfcdn/2024/graph/University/IR-O-U-0020.jpg -> /Users/yashgupta/Desktop/kpmg/dashboard-nirf/backend/downloads/graphs/2024/University/IR-O-U-0020.jpg
✅ Downloaded: https://www.nirfindia.org/nirfpdfcdn/2024/graph/University/IR-O-U-0323.jpg -> /Users/yashgupta/Desktop/kpmg/dashboard-nirf/backend/downloads/graphs/2024/University/IR-O-U-0323.jpg
✅ Downloaded: https://www.nirfindia.org/nirfpdfcdn/2024/graph/University/IR-O-U-0222.jpg -> /Users/yashgupta/Desktop/kpmg/dashboard-nirf/backend/downloads/graphs/2024/University/IR-O-U-0222.jpg
✅ Downloaded: https://www.nirfindia.org/nirfpdfcdn/2024/graph/University/IR-O-U-0006.jpg -> /Users/yashgupta/Desktop/kpmg/dashboard-nirf/backend/downloads/graphs/2024/University/IR-O-U-0006.jpg
✅ Downloaded: https://www.nirfindia.org/nirfpdfcdn/2024/graph/University/IR-O-U-0447.jpg -> /Users/yashgupta/Desktop/kpmg/dashboard-nirf/backend/downloads/graphs/2024/University/IR-O-U-0447.jpg
✅ Downloaded: https://www.nirfindia.org/nirfpdfcdn/2024/graph/University/IR-O-U-0476.jpg -> /Users/yashgupta/Desktop/kpmg/dashboard-nirf/backend/downloads/graphs/2024/University/IR-O-U-0476.jpg
✅ Downloaded: https://www.nirfindia.org/nirfpdfcdn/2024/graph/University/IR-O-I-1480.jpg -> /Users/yashgupta/Desktop/kpmg/dashboard-nirf/backend/downloads/graphs/2024/University/IR-O-I-1480.jpg
✅ Downloaded: https://www.nirfindia.org/nirfpdfcdn/2024/graph/University/IR-O-U-0379.jpg -> /Users/yashgupta/Desktop/kpmg/dashboard-nirf/backend/downloads/graphs/2024/University/IR-O-U-0379.jpg
✅ Downloaded: https://www.nirfindia.org/nirfpdfcdn/2024/graph/University/IR-O-U-0458.jpg -> /Users/yashgupta/Desktop/kpmg/dashboard-nirf/backend/downloads/graphs/2024/University/IR-O-U-0458.jpg
✅ Downloaded: https://www.nirfindia.org/nirfpdfcdn/2024/graph/University/IR-O-U-0329.jpg -> /Users/yashgupta/Desktop/kpmg/dashboard-nirf/backend/downloads/graphs/2024/University/IR-O-U-0329.jpg
✅ Downloaded: https://www.nirfindia.org/nirfpdfcdn/2024/graph/University/IR-O-U-0020.jpg -> /Users/yashgupta/Desktop/kpmg/dashboard-nirf/backend/downloads/graphs/2024/University/IR-O-U-0020.jpg
✅ Downloaded: https://www.nirfindia.org/nirfpdfcdn/2024/graph/University/IR-O-U-0447.jpg -> /Users/yashgupta/Desktop/kpmg/dashboard-nirf/backend/downloads/graphs/2024/University/IR-O-U-0447.jpg
✅ Downloaded: https://www.nirfindia.org/nirfpdfcdn/2024/graph/University/IR-O-U-0006.jpg -> /Users/yashgupta/Desktop/kpmg/dashboard-nirf/backend/downloads/graphs/2024/University/IR-O-U-0006.jpg
✅ Downloaded: https://www.nirfindia.org/nirfpdfcdn/2024/graph/University/IR-O-U-0308.jpg -> /Users/yashgupta/Desktop/kpmg/dashboard-nirf/backend/downloads/graphs/2024/University/IR-O-U-0308.jpg
✅ Downloaded: https://www.nirfindia.org/nirfpdfcdn/2024/graph/University/IR-O-U-0448.jpg -> /Users/yashgupta/Desktop/kpmg/dashboard-nirf/backend/downloads/graphs/2024/University/IR-O-U-0448.jpg
✅ Downloaded: https://www.nirfindia.org/nirfpdfcdn/2024/graph/University/IR-O-U-0458.jpg -> /Users/yashgupta/Desktop/kpmg/dashboard-nirf/backend/downloads/graphs/2024/University/IR-O-U-0458.jpg
✅ Downloaded: https://www.nirfindia.org/nirfpdfcdn/2024/graph/University/IR-O-I-1480.jpg -> /Users/yashgupta/Desktop/kpmg/dashboard-nirf/backend/downloads/graphs/2024/University/IR-O-I-1480.jpg
✅ Downloaded: https://www.nirfindia.org/nirfpdfcdn/2024/graph/University/IR-O-U-0253.jpg -> /Users/yashgupta/Desktop/kpmg/dashboard-nirf/backend/downloads/graphs/2024/University/IR-O-U-0253.jpg
✅ Downloaded: https://www.nirfindia.org/nirfpdfcdn/2024/graph/University/IR-O-U-0329.jpg -> /Users/yashgupta/Desktop/kpmg/dashboard-nirf/backend/downloads/graphs/2024/University/IR-O-U-0329.jpg
✅ Downloaded: https://www.nirfindia.org/nirfpdfcdn/2024/graph/University/IR-O-U-0497.jpg -> /Users/yashgupta/Desktop/kpmg/dashboard-nirf/backend/downloads/graphs/2024/University/IR-O-U-0497.jpg
✅ Downloaded: https://www.nirfindia.org/nirfpdfcdn/2024/graph/University/IR-O-U-0498.jpg -> /Users/yashgupta/Desktop/kpmg/dashboard-nirf/backend/downloads/graphs/2024/University/IR-O-U-0498.jpg
✅ Downloaded: https://www.nirfindia.org/nirfpdfcdn/2024/graph/University/IR-O-U-0078.jpg -> /Users/yashgupta/Desktop/kpmg/dashboard-nirf/backend/downloads/graphs/2024/University/IR-O-U-0078.jpg
✅ Downloaded: https://www.nirfindia.org/nirfpdfcdn/2024/graph/University/IR-O-I-1357.jpg -> /Users/yashgupta/Desktop/kpmg/dashboard-nirf/backend/downloads/graphs/2024/University/IR-O-I-1357.jpg
✅ Downloaded: https://www.nirfindia.org/nirfpdfcdn/2024/graph/University/IR-O-U-0052.jpg -> /Users/yashgupta/Desktop/kpmg/dashboard-nirf/backend/downloads/graphs/2024/University/IR-O-U-0052.jpg
✅ Downloaded: https://www.nirfindia.org/nirfpdfcdn/2024/graph/University/IR-O-U-0107.jpg -> /Users/yashgupta/Desktop/kpmg/dashboard-nirf/backend/downloads/graphs/2024/University/IR-O-U-0107.jpg
✅ Downloaded: https://www.nirfindia.org/nirfpdfcdn/2024/graph/University/IR-O-U-0295.jpg -> /Users/yashgupta/Desktop/kpmg/dashboard-nirf/backend/downloads/graphs/2024/University/IR-O-U-0295.jpg
✅ Downloaded: https://www.nirfindia.org/nirfpdfcdn/2024/graph/University/IR-O-U-0027.jpg -> /Users/yashgupta/Desktop/kpmg/dashboard-nirf/backend/downloads/graphs/2024/University/IR-O-U-0027.jpg
✅ Downloaded: https://www.nirfindia.org/nirfpdfcdn/2024/graph/University/IR-O-I-1110.jpg -> /Users/yashgupta/Desktop/kpmg/dashboard-nirf/backend/downloads/graphs/2024/University/IR-O-I-1110.jpg
✅ Downloaded: https://www.nirfindia.org/nirfpdfcdn/2024/graph/University/IR-O-U-0196.jpg -> /Users/yashgupta/Desktop/kpmg/dashboard-nirf/backend/downloads/graphs/2024/University/IR-O-U-0196.jpg
✅ Downloaded: https://www.nirfindia.org/nirfpdfcdn/2024/graph/University/IR-O-U-0308.jpg -> /Users/yashgupta/Desktop/kpmg/dashboard-nirf/backend/downloads/graphs/2024/University/IR-O-U-0308.jpg
✅ Downloaded: https://www.nirfindia.org/nirfpdfcdn/2024/graph/University/IR-O-U-0448.jpg -> /Users/yashgupta/Desktop/kpmg/dashboard-nirf/backend/downloads/graphs/2024/University/IR-O-U-0448.jpg
✅ Downloaded: https://www.nirfindia.org/nirfpdfcdn/2024/graph/University/IR-O-U-0262.jpg -> /Users/yashgupta/Desktop/kpmg/dashboard-nirf/backend/downloads/graphs/2024/University/IR-O-U-0262.jpg
✅ Downloaded: https://www.nirfindia.org/nirfpdfcdn/2024/graph/University/IR-O-U-0564.jpg -> /Users/yashgupta/Desktop/kpmg/dashboard-nirf/backend/downloads/graphs/2024/University/IR-O-U-0564.jpg
✅ Downloaded: https://www.nirfindia.org/nirfpdfcdn/2024/graph/University/IR-O-U-0435.jpg -> /Users/yashgupta/Desktop/kpmg/dashboard-nirf/backend/downloads/graphs/2024/University/IR-O-U-0435.jpg
✅ Downloaded: https://www.nirfindia.org/nirfpdfcdn/2024/graph/University/IR-O-U-0098.jpg -> /Users/yashgupta/Desktop/kpmg/dashboard-nirf/backend/downloads/graphs/2024/University/IR-O-U-0098.jpg
✅ Downloaded: https://www.nirfindia.org/nirfpdfcdn/2024/graph/University/IR-O-N-10.jpg -> /Users/yashgupta/Desktop/kpmg/dashboard-nirf/backend/downloads/graphs/2024/University/IR-O-N-10.jpg
✅ Downloaded: https://www.nirfindia.org/nirfpdfcdn/2024/graph/University/IR-O-U-0195.jpg -> /Users/yashgupta/Desktop/kpmg/dashboard-nirf/backend/downloads/graphs/2024/University/IR-O-U-0195.jpg
✅ Downloaded: https://www.nirfindia.org/nirfpdfcdn/2024/graph/University/IR-O-U-0235.jpg -> /Users/yashgupta/Desktop/kpmg/dashboard-nirf/backend/downloads/graphs/2024/University/IR-O-U-0235.jpg
✅ Downloaded: https://www.nirfindia.org/nirfpdfcdn/2024/graph/University/IR-O-U-0555.jpg -> /Users/yashgupta/Desktop/kpmg/dashboard-nirf/backend/downloads/graphs/2024/University/IR-O-U-0555.jpg
✅ Downloaded: https://www.nirfindia.org/nirfpdfcdn/2024/graph/University/IR-O-U-0523.jpg -> /Users/yashgupta/Desktop/kpmg/dashboard-nirf/backend/downloads/graphs/2024/University/IR-O-U-0523.jpg
✅ Downloaded: https://www.nirfindia.org/nirfpdfcdn/2024/graph/University/IR-O-I-1486.jpg -> /Users/yashgupta/Desktop/kpmg/dashboard-nirf/backend/downloads/graphs/2024/University/IR-O-I-1486.jpg
✅ Downloaded: https://www.nirfindia.org/nirfpdfcdn/2024/graph/University/IR-O-U-0381.jpg -> /Users/yashgupta/Desktop/kpmg/dashboard-nirf/backend/downloads/graphs/2024/University/IR-O-U-0381.jpg
✅ Downloaded: https://www.nirfindia.org/nirfpdfcdn/2024/graph/University/IR-O-U-0470.jpg -> /Users/yashgupta/Desktop/kpmg/dashboard-nirf/backend/downloads/graphs/2024/University/IR-O-U-0470.jpg
✅ Downloaded: https://www.nirfindia.org/nirfpdfcdn/2024/graph/University/IR-O-U-0523.jpg -> /Users/yashgupta/Desktop/kpmg/dashboard-nirf/backend/downloads/graphs/2024/University/IR-O-U-0523.jpg
✅ Downloaded: https://www.nirfindia.org/nirfpdfcdn/2024/graph/University/IR-O-U-0555.jpg -> /Users/yashgupta/Desktop/kpmg/dashboard-nirf/backend/downloads/graphs/2024/University/IR-O-U-0555.jpg
✅ Downloaded: https://www.nirfindia.org/nirfpdfcdn/2024/graph/University/IR-O-U-0474.jpg -> /Users/yashgupta/Desktop/kpmg/dashboard-nirf/backend/downloads/graphs/2024/University/IR-O-U-0474.jpg
✅ Downloaded: https://www.nirfindia.org/nirfpdfcdn/2024/graph/College/IR-C-C-6377.jpg -> /Users/yashgupta/Desktop/kpmg/dashboard-nirf/backend/downloads/graphs/2024/College/IR-C-C-6377.jpg
✅ Downloaded: https://www.nirfindia.org/nirfpdfcdn/2024/graph/College/IR-C-C-6355.jpg -> /Users/yashgupta/Desktop/kpmg/dashboard-nirf/backend/downloads/graphs/2024/College/IR-C-C-6355.jpg
✅ Downloaded: https://www.nirfindia.org/nirfpdfcdn/2024/graph/College/IR-C-C-22470.jpg -> /Users/yashgupta/Desktop/kpmg/dashboard-nirf/backend/downloads/graphs/2024/College/IR-C-C-22470.jpg
✅ Downloaded: https://www.nirfindia.org/nirfpdfcdn/2024/graph/College/IR-C-C-22462.jpg -> /Users/yashgupta/Desktop/kpmg/dashboard-nirf/backend/downloads/graphs/2024/College/IR-C-C-22462.jpg
✅ Downloaded: https://www.nirfindia.org/nirfpdfcdn/2024/graph/College/IR-C-C-11881.jpg -> /Users/yashgupta/Desktop/kpmg/dashboard-nirf/backend/downloads/graphs/2024/College/IR-C-C-11881.jpg
✅ Downloaded: https://www.nirfindia.org/nirfpdfcdn/2024/graph/College/IR-C-I-1317.jpg -> /Users/yashgupta/Desktop/kpmg/dashboard-nirf/backend/downloads/graphs/2024/College/IR-C-I-1317.jpg
✅ Downloaded: https://www.nirfindia.org/nirfpdfcdn/2024/graph/College/IR-C-C-41046.jpg -> /Users/yashgupta/Desktop/kpmg/dashboard-nirf/backend/downloads/graphs/2024/College/IR-C-C-41046.jpg
✅ Downloaded: https://www.nirfindia.org/nirfpdfcdn/2024/graph/College/IR-C-C-6385.jpg -> /Users/yashgupta/Desktop/kpmg/dashboard-nirf/backend/downloads/graphs/2024/College/IR-C-C-6385.jpg
✅ Downloaded: https://www.nirfindia.org/nirfpdfcdn/2024/graph/College/IR-C-C-44006.jpg -> /Users/yashgupta/Desktop/kpmg/dashboard-nirf/backend/downloads/graphs/2024/College/IR-C-C-44006.jpg
✅ Downloaded: https://www.nirfindia.org/nirfpdfcdn/2024/graph/College/IR-C-C-6415.jpg -> /Users/yashgupta/Desktop/kpmg/dashboard-nirf/backend/downloads/graphs/2024/College/IR-C-C-6415.jpg
✅ Downloaded: https://www.nirfindia.org/nirfpdfcdn/2024/graph/College/IR-C-C-41124.jpg -> /Users/yashgupta/Desktop/kpmg/dashboard-nirf/backend/downloads/graphs/2024/College/IR-C-C-41124.jpg
✅ Downloaded: https://www.nirfindia.org/nirfpdfcdn/2024/graph/College/IR-C-C-6425.jpg -> /Users/yashgupta/Desktop/kpmg/dashboard-nirf/backend/downloads/graphs/2024/College/IR-C-C-6425.jpg
✅ Downloaded: https://www.nirfindia.org/nirfpdfcdn/2024/graph/College/IR-C-C-43965.jpg -> /Users/yashgupta/Desktop/kpmg/dashboard-nirf/backend/downloads/graphs/2024/College/IR-C-C-43965.jpg
✅ Downloaded: https://www.nirfindia.org/nirfpdfcdn/2024/graph/College/IR-C-C-36513.jpg -> /Users/yashgupta/Desktop/kpmg/dashboard-nirf/backend/downloads/graphs/2024/College/IR-C-C-36513.jpg
✅ Downloaded: https://www.nirfindia.org/nirfpdfcdn/2024/graph/College/IR-C-C-43921.jpg -> /Users/yashgupta/Desktop/kpmg/dashboard-nirf/backend/downloads/graphs/2024/College/IR-C-C-43921.jpg
✅ Downloaded: https://www.nirfindia.org/nirfpdfcdn/2024/graph/College/IR-C-C-11926.jpg -> /Users/yashgupta/Desktop/kpmg/dashboard-nirf/backend/downloads/graphs/2024/College/IR-C-C-11926.jpg
✅ Downloaded: https://www.nirfindia.org/nirfpdfcdn/2024/graph/College/IR-C-C-6409.jpg -> /Users/yashgupta/Desktop/kpmg/dashboard-nirf/backend/downloads/graphs/2024/College/IR-C-C-6409.jpg
✅ Downloaded: https://www.nirfindia.org/nirfpdfcdn/2024/graph/College/IR-C-C-6380.jpg -> /Users/yashgupta/Desktop/kpmg/dashboard-nirf/backend/downloads/graphs/2024/College/IR-C-C-6380.jpg
✅ Downloaded: https://www.nirfindia.org/nirfpdfcdn/2024/graph/College/IR-C-C-11691.jpg -> /Users/yashgupta/Desktop/kpmg/dashboard-nirf/backend/downloads/graphs/2024/College/IR-C-C-11691.jpg
✅ Downloaded: https://www.nirfindia.org/nirfpdfcdn/2024/graph/College/IR-C-C-6369.jpg -> /Users/yashgupta/Desktop/kpmg/dashboard-nirf/backend/downloads/graphs/2024/College/IR-C-C-6369.jpg
✅ Downloaded: https://www.nirfindia.org/nirfpdfcdn/2024/graph/College/IR-C-C-6419.jpg -> /Users/yashgupta/Desktop/kpmg/dashboard-nirf/backend/downloads/graphs/2024/College/IR-C-C-6419.jpg
✅ Downloaded: https://www.nirfindia.org/nirfpdfcdn/2024/graph/College/IR-C-C-43671.jpg -> /Users/yashgupta/Desktop/kpmg/dashboard-nirf/backend/downloads/graphs/2024/College/IR-C-C-43671.jpg
✅ Downloaded: https://www.nirfindia.org/nirfpdfcdn/2024/graph/College/IR-C-C-42814.jpg -> /Users/yashgupta/Desktop/kpmg/dashboard-nirf/backend/downloads/graphs/2024/College/IR-C-C-42814.jpg
✅ Downloaded: https://www.nirfindia.org/nirfpdfcdn/2024/graph/College/IR-C-C-27608.jpg -> /Users/yashgupta/Desktop/kpmg/dashboard-nirf/backend/downloads/graphs/2024/College/IR-C-C-27608.jpg
✅ Downloaded: https://www.nirfindia.org/nirfpdfcdn/2024/graph/College/IR-C-C-6387.jpg -> /Users/yashgupta/Desktop/kpmg/dashboard-nirf/backend/downloads/graphs/2024/College/IR-C-C-6387.jpg
✅ Downloaded: https://www.nirfindia.org/nirfpdfcdn/2024/graph/College/IR-C-C-6361.jpg -> /Users/yashgupta/Desktop/kpmg/dashboard-nirf/backend/downloads/graphs/2024/College/IR-C-C-6361.jpg
✅ Downloaded: https://www.nirfindia.org/nirfpdfcdn/2024/graph/College/IR-C-C-35860.jpg -> /Users/yashgupta/Desktop/kpmg/dashboard-nirf/backend/downloads/graphs/2024/College/IR-C-C-35860.jpg
✅ Downloaded: https://www.nirfindia.org/nirfpdfcdn/2024/graph/College/IR-C-C-6391.jpg -> /Users/yashgupta/Desktop/kpmg/dashboard-nirf/backend/downloads/graphs/2024/College/IR-C-C-6391.jpg
✅ Downloaded: https://www.nirfindia.org/nirfpdfcdn/2024/graph/College/IR-C-C-41157.jpg -> /Users/yashgupta/Desktop/kpmg/dashboard-nirf/backend/downloads/graphs/2024/College/IR-C-C-41157.jpg
✅ Downloaded: https://www.nirfindia.org/nirfpdfcdn/2024/graph/College/IR-C-C-43931.jpg -> /Users/yashgupta/Desktop/kpmg/dashboard-nirf/backend/downloads/graphs/2024/College/IR-C-C-43931.jpg
✅ Downloaded: https://www.nirfindia.org/nirfpdfcdn/2024/graph/College/IR-C-C-42814.jpg -> /Users/yashgupta/Desktop/kpmg/dashboard-nirf/backend/downloads/graphs/2024/College/IR-C-C-42814.jpg
✅ Downloaded: https://www.nirfindia.org/nirfpdfcdn/2024/graph/College/IR-C-C-27608.jpg -> /Users/yashgupta/Desktop/kpmg/dashboard-nirf/backend/downloads/graphs/2024/College/IR-C-C-27608.jpg
✅ Downloaded: https://www.nirfindia.org/nirfpdfcdn/2024/graph/College/IR-C-C-43671.jpg -> /Users/yashgupta/Desktop/kpmg/dashboard-nirf/backend/downloads/graphs/2024/College/IR-C-C-43671.jpg
✅ Downloaded: https://www.nirfindia.org/nirfpdfcdn/2024/graph/College/IR-C-C-6369.jpg -> /Users/yashgupta/Desktop/kpmg/dashboard-nirf/backend/downloads/graphs/2024/College/IR-C-C-6369.jpg
✅ Downloaded: https://www.nirfindia.org/nirfpdfcdn/2024/graph/College/IR-C-C-11691.jpg -> /Users/yashgupta/Desktop/kpmg/dashboard-nirf/backend/downloads/graphs/2024/College/IR-C-C-11691.jpg
✅ Downloaded: https://www.nirfindia.org/nirfpdfcdn/2024/graph/College/IR-C-C-6419.jpg -> /Users/yashgupta/Desktop/kpmg/dashboard-nirf/backend/downloads/graphs/2024/College/IR-C-C-6419.jpg
✅ Downloaded: https://www.nirfindia.org/nirfpdfcdn/2024/graph/College/IR-C-C-19103.jpg -> /Users/yashgupta/Desktop/kpmg/dashboard-nirf/backend/downloads/graphs/2024/College/IR-C-C-19103.jpg
✅ Downloaded: https://www.nirfindia.org/nirfpdfcdn/2024/graph/College/IR-C-C-35825.jpg -> /Users/yashgupta/Desktop/kpmg/dashboard-nirf/backend/downloads/graphs/2024/College/IR-C-C-35825.jpg
✅ Downloaded: https://www.nirfindia.org/nirfpdfcdn/2024/graph/College/IR-C-C-6429.jpg -> /Users/yashgupta/Desktop/kpmg/dashboard-nirf/backend/downloads/graphs/2024/College/IR-C-C-6429.jpg
